[17:11:06] [Server thread/INFO]: Starting minecraft server version 1.14
[17:11:06] [Server thread/INFO]: Loading properties
[17:11:07] [Server thread/INFO]: This server is running CraftBukkit version git-Spigot-47463c2-6de3aa1 (MC: 1.14) (Implementing API version 1.14-R0.1-SNAPSHOT)
[17:11:07] [Server thread/INFO]: Debug logging is disabled
[17:11:07] [Server thread/INFO]: Server Ping Player Sample Count: 12
[17:11:07] [Server thread/INFO]: Using 4 threads for Netty based IO
[17:11:07] [Server thread/INFO]: Default game type: SURVIVAL
[17:11:07] [Server thread/INFO]: Generating keypair
[17:11:07] [Server thread/INFO]: Starting Minecraft server on *:25565
[17:11:07] [Server thread/INFO]: Using default channel type
[17:11:08] [Server thread/INFO]: Preparing level "world"
[17:11:08] [Server thread/INFO]: Found new data pack file/bukkit, loading it automatically
[17:11:08] [Server thread/INFO]: Reloading ResourceManager: Default, bukkit
[17:11:09] [Server thread/INFO]: Loaded 6 recipes
[17:11:11] [Server thread/INFO]: -------- World Settings For [world] --------
[17:11:11] [Server thread/INFO]: View Distance: 10
[17:11:11] [Server thread/INFO]: Arrow Despawn Rate: 1200
[17:11:11] [Server thread/INFO]: Item Merge Radius: 2.5
[17:11:11] [Server thread/INFO]: Item Despawn Rate: 6000
[17:11:11] [Server thread/INFO]: Custom Map Seeds:  Village: 10387312 Desert: 14357617 Igloo: 14357618 Jungle: 14357619 Swamp: 14357620 Monument: 10387313Ocean: 14357621 Shipwreck: 165745295 Slime: 987234911
[17:11:11] [Server thread/INFO]: Allow Zombie Pigmen to spawn from portal blocks: true
[17:11:11] [Server thread/INFO]: Nerfing mobs spawned from spawners: false
[17:11:11] [Server thread/INFO]: Zombie Aggressive Towards Villager: true
[17:11:11] [Server thread/INFO]: Max TNT Explosions: 100
[17:11:11] [Server thread/INFO]: Tile Max Tick Time: 50ms Entity max Tick Time: 50ms
[17:11:11] [Server thread/INFO]: Entity Tracking Range: Pl 48 / An 48 / Mo 48 / Mi 32 / Other 64
[17:11:11] [Server thread/INFO]: Cactus Growth Modifier: 100%
[17:11:11] [Server thread/INFO]: Cane Growth Modifier: 100%
[17:11:11] [Server thread/INFO]: Melon Growth Modifier: 100%
[17:11:11] [Server thread/INFO]: Mushroom Growth Modifier: 100%
[17:11:11] [Server thread/INFO]: Pumpkin Growth Modifier: 100%
[17:11:11] [Server thread/INFO]: Sapling Growth Modifier: 100%
[17:11:11] [Server thread/INFO]: Beetroot Growth Modifier: 100%
[17:11:11] [Server thread/INFO]: Carrot Growth Modifier: 100%
[17:11:11] [Server thread/INFO]: Potato Growth Modifier: 100%
[17:11:11] [Server thread/INFO]: Wheat Growth Modifier: 100%
[17:11:11] [Server thread/INFO]: NetherWart Growth Modifier: 100%
[17:11:11] [Server thread/INFO]: Vine Growth Modifier: 100%
[17:11:11] [Server thread/INFO]: Cocoa Growth Modifier: 100%
[17:11:11] [Server thread/INFO]: Mob Spawn Range: 6
[17:11:11] [Server thread/INFO]: Experience Merge Radius: 3.0
[17:11:11] [Server thread/INFO]: Entity Activation Range: An 32 / Mo 32 / Mi 16 / Tiv true
[17:11:11] [Server thread/INFO]: Hopper Transfer: 8 Hopper Check: 1 Hopper Amount: 1
[17:11:12] [Server thread/INFO]: ---- Migration of old nether folder required ----
[17:11:12] [Server thread/INFO]: Unfortunately due to the way that Minecraft implemented multiworld support in 1.6, Bukkit requires that you move your nether folder to a new location in order to operate correctly.
[17:11:12] [Server thread/INFO]: We will move this folder for you, but it will mean that you need to move it back should you wish to stop using Bukkit in the future.
[17:11:12] [Server thread/INFO]: Attempting to move world\DIM-1 to world_nether\DIM-1...
[17:11:12] [Server thread/INFO]: Success! To restore nether in the future, simply move world_nether\DIM-1 to world\DIM-1
[17:11:12] [Server thread/INFO]: ---- Migration of old nether folder complete ----
[17:11:12] [Server thread/INFO]: -------- World Settings For [world_nether] --------
[17:11:12] [Server thread/INFO]: View Distance: 10
[17:11:12] [Server thread/INFO]: Arrow Despawn Rate: 1200
[17:11:12] [Server thread/INFO]: Item Merge Radius: 2.5
[17:11:12] [Server thread/INFO]: Item Despawn Rate: 6000
[17:11:12] [Server thread/INFO]: Custom Map Seeds:  Village: 10387312 Desert: 14357617 Igloo: 14357618 Jungle: 14357619 Swamp: 14357620 Monument: 10387313Ocean: 14357621 Shipwreck: 165745295 Slime: 987234911
[17:11:12] [Server thread/INFO]: Allow Zombie Pigmen to spawn from portal blocks: true
[17:11:12] [Server thread/INFO]: Nerfing mobs spawned from spawners: false
[17:11:12] [Server thread/INFO]: Zombie Aggressive Towards Villager: true
[17:11:12] [Server thread/INFO]: Max TNT Explosions: 100
[17:11:12] [Server thread/INFO]: Tile Max Tick Time: 50ms Entity max Tick Time: 50ms
[17:11:12] [Server thread/INFO]: Entity Tracking Range: Pl 48 / An 48 / Mo 48 / Mi 32 / Other 64
[17:11:12] [Server thread/INFO]: Cactus Growth Modifier: 100%
[17:11:12] [Server thread/INFO]: Cane Growth Modifier: 100%
[17:11:12] [Server thread/INFO]: Melon Growth Modifier: 100%
[17:11:12] [Server thread/INFO]: Mushroom Growth Modifier: 100%
[17:11:12] [Server thread/INFO]: Pumpkin Growth Modifier: 100%
[17:11:12] [Server thread/INFO]: Sapling Growth Modifier: 100%
[17:11:12] [Server thread/INFO]: Beetroot Growth Modifier: 100%
[17:11:12] [Server thread/INFO]: Carrot Growth Modifier: 100%
[17:11:12] [Server thread/INFO]: Potato Growth Modifier: 100%
[17:11:12] [Server thread/INFO]: Wheat Growth Modifier: 100%
[17:11:12] [Server thread/INFO]: NetherWart Growth Modifier: 100%
[17:11:12] [Server thread/INFO]: Vine Growth Modifier: 100%
[17:11:12] [Server thread/INFO]: Cocoa Growth Modifier: 100%
[17:11:12] [Server thread/INFO]: Mob Spawn Range: 6
[17:11:12] [Server thread/INFO]: Experience Merge Radius: 3.0
[17:11:12] [Server thread/INFO]: Entity Activation Range: An 32 / Mo 32 / Mi 16 / Tiv true
[17:11:12] [Server thread/INFO]: Hopper Transfer: 8 Hopper Check: 1 Hopper Amount: 1
[17:11:12] [Server thread/INFO]: ---- Migration of old the_end folder required ----
[17:11:12] [Server thread/INFO]: Unfortunately due to the way that Minecraft implemented multiworld support in 1.6, Bukkit requires that you move your the_end folder to a new location in order to operate correctly.
[17:11:12] [Server thread/INFO]: We will move this folder for you, but it will mean that you need to move it back should you wish to stop using Bukkit in the future.
[17:11:12] [Server thread/INFO]: Attempting to move world\DIM1 to world_the_end\DIM1...
[17:11:12] [Server thread/INFO]: Success! To restore the_end in the future, simply move world_the_end\DIM1 to world\DIM1
[17:11:12] [Server thread/INFO]: ---- Migration of old the_end folder complete ----
[17:11:12] [Server thread/INFO]: -------- World Settings For [world_the_end] --------
[17:11:12] [Server thread/INFO]: View Distance: 10
[17:11:12] [Server thread/INFO]: Arrow Despawn Rate: 1200
[17:11:12] [Server thread/INFO]: Item Merge Radius: 2.5
[17:11:12] [Server thread/INFO]: Item Despawn Rate: 6000
[17:11:12] [Server thread/INFO]: Custom Map Seeds:  Village: 10387312 Desert: 14357617 Igloo: 14357618 Jungle: 14357619 Swamp: 14357620 Monument: 10387313Ocean: 14357621 Shipwreck: 165745295 Slime: 987234911
[17:11:12] [Server thread/INFO]: Allow Zombie Pigmen to spawn from portal blocks: true
[17:11:12] [Server thread/INFO]: Nerfing mobs spawned from spawners: false
[17:11:12] [Server thread/INFO]: Zombie Aggressive Towards Villager: true
[17:11:12] [Server thread/INFO]: Max TNT Explosions: 100
[17:11:12] [Server thread/INFO]: Tile Max Tick Time: 50ms Entity max Tick Time: 50ms
[17:11:12] [Server thread/INFO]: Entity Tracking Range: Pl 48 / An 48 / Mo 48 / Mi 32 / Other 64
[17:11:12] [Server thread/INFO]: Cactus Growth Modifier: 100%
[17:11:12] [Server thread/INFO]: Cane Growth Modifier: 100%
[17:11:12] [Server thread/INFO]: Melon Growth Modifier: 100%
[17:11:12] [Server thread/INFO]: Mushroom Growth Modifier: 100%
[17:11:12] [Server thread/INFO]: Pumpkin Growth Modifier: 100%
[17:11:12] [Server thread/INFO]: Sapling Growth Modifier: 100%
[17:11:12] [Server thread/INFO]: Beetroot Growth Modifier: 100%
[17:11:12] [Server thread/INFO]: Carrot Growth Modifier: 100%
[17:11:12] [Server thread/INFO]: Potato Growth Modifier: 100%
[17:11:12] [Server thread/INFO]: Wheat Growth Modifier: 100%
[17:11:12] [Server thread/INFO]: NetherWart Growth Modifier: 100%
[17:11:12] [Server thread/INFO]: Vine Growth Modifier: 100%
[17:11:12] [Server thread/INFO]: Cocoa Growth Modifier: 100%
[17:11:12] [Server thread/INFO]: Mob Spawn Range: 6
[17:11:12] [Server thread/INFO]: Experience Merge Radius: 3.0
[17:11:12] [Server thread/INFO]: Entity Activation Range: An 32 / Mo 32 / Mi 16 / Tiv true
[17:11:12] [Server thread/INFO]: Hopper Transfer: 8 Hopper Check: 1 Hopper Amount: 1
[17:11:12] [Server thread/INFO]: Preparing start region for dimension 'world'/minecraft:overworld
[17:11:12] [Server-Worker-4/INFO]: Preparing spawn area: 0%
[17:11:12] [Server-Worker-5/INFO]: Preparing spawn area: 0%
[17:11:13] [Server-Worker-7/INFO]: Preparing spawn area: 0%
[17:11:13] [Server-Worker-6/INFO]: Preparing spawn area: 0%
[17:11:14] [Server-Worker-7/INFO]: Preparing spawn area: 4%
[17:11:14] [Server-Worker-1/INFO]: Preparing spawn area: 9%
[17:11:15] [Server-Worker-2/INFO]: Preparing spawn area: 23%
[17:11:15] [Server-Worker-7/INFO]: Preparing spawn area: 25%
[17:11:16] [Server-Worker-1/INFO]: Preparing spawn area: 83%
[17:11:16] [Server thread/INFO]: Time elapsed: 4496 ms
[17:11:16] [Server thread/INFO]: Preparing start region for dimension 'world_nether'/minecraft:the_nether
[17:11:17] [Server-Worker-7/INFO]: Preparing spawn area: 0%
[17:11:17] [Server-Worker-2/INFO]: Preparing spawn area: 0%
[17:11:17] [Server-Worker-6/INFO]: Preparing spawn area: 0%
[17:11:18] [Server-Worker-1/INFO]: Preparing spawn area: 1%
[17:11:18] [Server-Worker-5/INFO]: Preparing spawn area: 38%
[17:11:19] [Server-Worker-6/INFO]: Preparing spawn area: 73%
[17:11:19] [Server-Worker-1/INFO]: Preparing spawn area: 89%
[17:11:21] [Server-Worker-1/INFO]: Preparing spawn area: 96%
[17:11:21] [Server-Worker-7/INFO]: Preparing spawn area: 96%
[17:11:21] [Server thread/INFO]: Time elapsed: 4444 ms
[17:11:21] [Server thread/INFO]: Preparing start region for dimension 'world_the_end'/minecraft:the_end
[17:11:21] [Server-Worker-1/INFO]: Preparing spawn area: 0%
[17:11:21] [Server-Worker-4/INFO]: Preparing spawn area: 0%
[17:11:22] [Server-Worker-7/INFO]: Preparing spawn area: 0%
[17:11:22] [Server-Worker-7/INFO]: Preparing spawn area: 1%
[17:11:23] [Server-Worker-6/INFO]: Preparing spawn area: 18%
[17:11:23] [Server-Worker-5/INFO]: Preparing spawn area: 56%
[17:11:24] [Server thread/INFO]: Time elapsed: 2966 ms
[17:11:24] [Server thread/INFO]: Done (16.274s)! For help, type "help"
[17:12:07] [User Authenticator #1/INFO]: UUID of player maxcr1 is 4d3fe67e-8b2d-43a4-883d-915e0aea2fd8
[17:12:08] [Server thread/INFO]: maxcr1[/127.0.0.1:58178] logged in with entity id 482 at ([world]-444.5, 67.7125, 155.92517447415614)
[17:12:19] [Server thread/INFO]: maxcr1 issued server command: /plugins
[17:15:09] [Server thread/INFO]: maxcr1 issued server command: /spigot
[17:16:27] [Server thread/WARN]: Can't keep up! Is the server overloaded? Running 2808ms or 56 ticks behind
[17:39:50] [Server thread/INFO]: maxcr1 lost connection: Disconnected
[17:39:50] [Server thread/INFO]: maxcr1 left the game
