[00:06:40] [User Authenticator #97/INFO]: UUID of player StaZs is 36d50d05-f7a2-4ff1-b9a8-5be5466bf4ab
[00:06:40] [Server thread/INFO]: StaZs[/76.164.59.179:51470] logged in with entity id 1395251 at (-208.23750001192093, 58.0, 242.6357117090455)
[00:06:40] [Server thread/INFO]: StaZs joined the game
[00:27:40] [Server thread/INFO]: StaZs has made the advancement [Diamonds!]
[01:12:36] [Server thread/INFO]: StaZs lost connection: Disconnected
[01:12:36] [Server thread/INFO]: StaZs left the game
[11:58:14] [User Authenticator #98/INFO]: UUID of player Toasty_boii is 36389ee7-4f17-404e-98f4-c5fabe15ab0f
[11:58:14] [Server thread/INFO]: Toasty_boii[/65.110.255.177:52000] logged in with entity id 1594884 at (-203.41582521346336, 56.0, 122.95396842385304)
[11:58:14] [Server thread/INFO]: Toasty_boii joined the game
[12:00:03] [Server thread/WARN]: Can't keep up! Is the server overloaded? Running 2393ms or 47 ticks behind
[12:02:56] [Server thread/INFO]: Toasty_boii tried to swim in lava
[12:11:25] [Server thread/INFO]: Toasty_boii drowned
[12:16:13] [Server thread/INFO]: Toasty_boii lost connection: Disconnected
[12:16:13] [Server thread/INFO]: Toasty_boii left the game
[12:32:54] [User Authenticator #99/INFO]: UUID of player aja2000 is 98f76cb4-800d-4cb2-8b15-7d0a03914d70
[12:32:54] [Server thread/INFO]: aja2000[/65.128.70.233:50341] logged in with entity id 1644758 at (-332.66826092105515, 64.0, 49.22659466491692)
[12:32:54] [Server thread/INFO]: aja2000 joined the game
[13:23:17] [Server thread/INFO]: aja2000 lost connection: Disconnected
[13:23:17] [Server thread/INFO]: aja2000 left the game
[14:15:33] [User Authenticator #100/INFO]: UUID of player Toasty_boii is 36389ee7-4f17-404e-98f4-c5fabe15ab0f
[14:15:33] [Server thread/INFO]: Toasty_boii[/65.110.255.177:51572] logged in with entity id 1720677 at (-176.76977063303903, 63.0, 87.38954564102447)
[14:15:33] [Server thread/INFO]: Toasty_boii joined the game
[14:18:24] [Server thread/INFO]: Toasty_boii lost connection: Disconnected
[14:18:24] [Server thread/INFO]: Toasty_boii left the game
[14:21:00] [User Authenticator #101/INFO]: UUID of player Toasty_boii is 36389ee7-4f17-404e-98f4-c5fabe15ab0f
[14:21:00] [Server thread/INFO]: Toasty_boii[/65.110.255.177:51581] logged in with entity id 1740120 at (-203.90764748850717, 58.0, 125.94246923071839)
[14:21:00] [Server thread/INFO]: Toasty_boii joined the game
[14:23:11] [Server thread/INFO]: Toasty_boii lost connection: Disconnected
[14:23:11] [Server thread/INFO]: Toasty_boii left the game
[14:43:30] [User Authenticator #102/INFO]: UUID of player aja2000 is 98f76cb4-800d-4cb2-8b15-7d0a03914d70
[14:43:30] [Server thread/INFO]: aja2000[/65.128.70.233:50624] logged in with entity id 1745919 at (-299.0253838443236, 64.0, 63.50847753398746)
[14:43:30] [Server thread/INFO]: aja2000 joined the game
[14:55:47] [Server thread/INFO]: aja2000 lost connection: Disconnected
[14:55:47] [Server thread/INFO]: aja2000 left the game
[17:45:01] [User Authenticator #103/INFO]: UUID of player Toasty_boii is 36389ee7-4f17-404e-98f4-c5fabe15ab0f
[17:45:02] [Server thread/INFO]: Toasty_boii[/65.110.255.177:57465] logged in with entity id 1759256 at (-203.50900488293422, 56.0, 122.32997814227456)
[17:45:02] [Server thread/INFO]: Toasty_boii joined the game
[17:46:19] [Server thread/INFO]: Toasty_boii drowned
[17:53:00] [Server thread/INFO]: Toasty_boii lost connection: Disconnected
[17:53:00] [Server thread/INFO]: Toasty_boii left the game
[17:53:03] [User Authenticator #104/INFO]: UUID of player Toasty_boii is 36389ee7-4f17-404e-98f4-c5fabe15ab0f
[17:53:03] [Server thread/INFO]: Toasty_boii[/65.110.255.177:57479] logged in with entity id 1815647 at (181.69999998807907, 16.0, 162.69999998807907)
[17:53:03] [Server thread/INFO]: Toasty_boii joined the game
[17:53:08] [Server thread/INFO]: Toasty_boii lost connection: Disconnected
[17:53:08] [Server thread/INFO]: Toasty_boii left the game
[17:53:10] [User Authenticator #105/INFO]: UUID of player Toasty_boii is 36389ee7-4f17-404e-98f4-c5fabe15ab0f
[17:53:10] [Server thread/INFO]: Toasty_boii[/65.110.255.177:57483] logged in with entity id 1817365 at (181.69999998807907, 16.0, 162.69999998807907)
[17:53:10] [Server thread/INFO]: Toasty_boii joined the game
[17:53:19] [Server thread/INFO]: Toasty_boii lost connection: Disconnected
[17:53:19] [Server thread/INFO]: Toasty_boii left the game
[17:54:41] [User Authenticator #106/INFO]: UUID of player Toasty_boii is 36389ee7-4f17-404e-98f4-c5fabe15ab0f
[17:54:41] [Server thread/INFO]: Toasty_boii[/65.110.255.177:57589] logged in with entity id 1819445 at (181.69999998807907, 16.0, 162.69999998807907)
[17:54:41] [Server thread/INFO]: Toasty_boii joined the game
[17:54:45] [Server thread/INFO]: Toasty_boii lost connection: Disconnected
[17:54:45] [Server thread/INFO]: Toasty_boii left the game
[17:54:59] [User Authenticator #107/INFO]: UUID of player Toasty_boii is 36389ee7-4f17-404e-98f4-c5fabe15ab0f
[17:54:59] [Server thread/INFO]: Toasty_boii[/65.110.255.177:45280] logged in with entity id 1820709 at (181.69999998807907, 16.0, 162.69999998807907)
[17:54:59] [Server thread/INFO]: Toasty_boii joined the game
[17:55:02] [Server thread/WARN]: Can't keep up! Is the server overloaded? Running 2066ms or 41 ticks behind
[17:55:07] [Server thread/INFO]: Toasty_boii lost connection: Disconnected
[17:55:07] [Server thread/INFO]: Toasty_boii left the game
[17:56:10] [User Authenticator #108/INFO]: UUID of player Toasty_boii is 36389ee7-4f17-404e-98f4-c5fabe15ab0f
[17:56:10] [Server thread/INFO]: Toasty_boii[/65.110.255.177:52710] logged in with entity id 1821808 at (181.69999998807907, 16.0, 162.69999998807907)
[17:56:10] [Server thread/INFO]: Toasty_boii joined the game
[17:57:07] [Server thread/INFO]: Toasty_boii lost connection: Disconnected
[17:57:07] [Server thread/INFO]: Toasty_boii left the game
[17:57:11] [User Authenticator #109/INFO]: UUID of player Toasty_boii is 36389ee7-4f17-404e-98f4-c5fabe15ab0f
[17:57:11] [Server thread/INFO]: Toasty_boii[/65.110.255.177:62626] logged in with entity id 1827679 at (180.31120672223207, 11.0, 160.54492160330187)
[17:57:11] [Server thread/INFO]: Toasty_boii joined the game
[18:01:45] [Server thread/INFO]: Toasty_boii lost connection: Disconnected
[18:01:45] [Server thread/INFO]: Toasty_boii left the game
[18:12:50] [User Authenticator #110/INFO]: UUID of player aja2000 is 98f76cb4-800d-4cb2-8b15-7d0a03914d70
[18:12:50] [Server thread/INFO]: aja2000[/65.128.70.233:51182] logged in with entity id 1847420 at (-323.6748254461541, 63.0, 93.82012055500591)
[18:12:50] [Server thread/INFO]: aja2000 joined the game
[18:34:41] [User Authenticator #111/INFO]: UUID of player Toasty_boii is 36389ee7-4f17-404e-98f4-c5fabe15ab0f
[18:34:41] [Server thread/INFO]: Toasty_boii[/65.110.255.177:57879] logged in with entity id 1863769 at (182.50145338285458, 13.0, 124.9744820080727)
[18:34:41] [Server thread/INFO]: Toasty_boii joined the game
[18:34:46] [Server thread/INFO]: <aja2000> hi dad
[18:34:56] [Server thread/INFO]: <Toasty_boii> oh shit waddup
[18:35:06] [Server thread/INFO]: <aja2000> im building isaacs house
[18:36:10] [Server thread/INFO]: <Toasty_boii> I just saved myself from drowning by abusing torches
[18:36:22] [Server thread/INFO]: aja2000 lost connection: Disconnected
[18:36:22] [Server thread/INFO]: aja2000 left the game
[18:40:40] [User Authenticator #112/INFO]: UUID of player Donwersa2 is bd0b12f8-d7f0-4ed1-8c45-cc9c8fbb90a2
[18:40:41] [Server thread/INFO]: Donwersa2[/76.164.49.234:57804] logged in with entity id 1898387 at (-268.8628072108097, 63.0, 125.15966702726729)
[18:40:41] [Server thread/INFO]: Donwersa2 joined the game
[18:43:55] [Server thread/INFO]: Donwersa2 was blown up by Creeper
[18:43:57] [Server thread/INFO]: <Toasty_boii> F
[18:44:57] [Server thread/INFO]: Donwersa2 lost connection: Disconnected
[18:44:57] [Server thread/INFO]: Donwersa2 left the game
[18:51:07] [Server thread/WARN]: Boat (vehicle of Toasty_boii) moved too quickly! -9.147898151566233,0.0,-4.947312162909952
[19:12:12] [Server thread/WARN]: Can't keep up! Is the server overloaded? Running 2889ms or 57 ticks behind
[19:41:12] [Server thread/WARN]: Boat moved wrongly!
[19:51:31] [Server thread/INFO]: Toasty_boii lost connection: Disconnected
[19:51:31] [Server thread/INFO]: Toasty_boii left the game
[20:18:24] [User Authenticator #113/INFO]: UUID of player blazingalchemist is e326b185-d5de-4b69-a8a4-2fac29e5f71d
[20:18:24] [Server thread/INFO]: blazingalchemist[/70.97.238.185:60133] logged in with entity id 2225822 at (-255.0457887415027, 64.0, 169.55092510203644)
[20:18:24] [Server thread/INFO]: blazingalchemist joined the game
[20:36:02] [Server thread/INFO]: blazingalchemist has made the advancement [Suit Up]
[20:37:12] [Server thread/INFO]: blazingalchemist lost connection: Disconnected
[20:37:12] [Server thread/INFO]: blazingalchemist left the game
[20:39:22] [User Authenticator #114/INFO]: UUID of player blazingalchemist is e326b185-d5de-4b69-a8a4-2fac29e5f71d
[20:39:22] [Server thread/INFO]: blazingalchemist[/70.97.238.185:60192] logged in with entity id 2276870 at (-255.99050900036454, 64.0, 165.27510165765415)
[20:39:22] [Server thread/INFO]: blazingalchemist joined the game
[20:55:08] [Server thread/INFO]: blazingalchemist lost connection: Disconnected
[20:55:08] [Server thread/INFO]: blazingalchemist left the game
[21:35:32] [User Authenticator #115/INFO]: UUID of player Toasty_boii is 36389ee7-4f17-404e-98f4-c5fabe15ab0f
[21:35:32] [Server thread/INFO]: Toasty_boii[/65.110.255.177:51009] logged in with entity id 2311238 at (-209.5266597801366, 56.0, 123.97017537585272)
[21:35:32] [Server thread/INFO]: Toasty_boii joined the game
[21:44:06] [Server thread/INFO]: Toasty_boii lost connection: Disconnected
[21:44:06] [Server thread/INFO]: Toasty_boii left the game
[21:56:58] [User Authenticator #116/INFO]: UUID of player Toasty_boii is 36389ee7-4f17-404e-98f4-c5fabe15ab0f
[21:56:58] [Server thread/INFO]: Toasty_boii[/65.110.255.177:58328] logged in with entity id 2352386 at (62.415930548993146, 11.0, 338.3667659473935)
[21:56:58] [Server thread/INFO]: Toasty_boii joined the game
[22:13:42] [Server thread/INFO]: Toasty_boii has made the advancement [Enchanter]
[22:32:08] [Server thread/INFO]: Toasty_boii has made the advancement [Into Fire]
[22:37:59] [Server thread/INFO]: Toasty_boii has made the advancement [Cover Me With Diamonds]
[22:43:37] [Server thread/INFO]: Toasty_boii lost connection: Disconnected
[22:43:37] [Server thread/INFO]: Toasty_boii left the game
[22:56:19] [User Authenticator #117/INFO]: UUID of player Toasty_boii is 36389ee7-4f17-404e-98f4-c5fabe15ab0f
[22:56:19] [Server thread/INFO]: Toasty_boii[/65.110.255.177:58478] logged in with entity id 2555801 at (-195.04693663479574, 69.0, 197.05891232436986)
[22:56:19] [Server thread/INFO]: Toasty_boii joined the game
[22:57:30] [Server thread/INFO]: Toasty_boii lost connection: Disconnected
[22:57:30] [Server thread/INFO]: Toasty_boii left the game
[23:03:38] [User Authenticator #118/INFO]: UUID of player Toasty_boii is 36389ee7-4f17-404e-98f4-c5fabe15ab0f
[23:03:38] [Server thread/INFO]: Toasty_boii[/65.110.255.177:46720] logged in with entity id 2560480 at (-122.70000002533197, 65.0, 132.30000001192093)
[23:03:38] [Server thread/INFO]: Toasty_boii joined the game
[23:06:39] [Server thread/INFO]: Toasty_boii lost connection: Disconnected
[23:06:39] [Server thread/INFO]: Toasty_boii left the game
