[09:32:08] [User Authenticator #12/INFO]: UUID of player maxcr1 is 4d3fe67e-8b2d-43a4-883d-915e0aea2fd8
[09:32:08] [Server thread/INFO]: maxcr1[/127.0.0.1:54843] logged in with entity id 140763 at (-280.30000001192093, 47.0, -7.39185665358257)
[09:32:08] [Server thread/INFO]: maxcr1 joined the game
[09:34:22] [Server thread/INFO]: maxcr1 was shot by Skeleton
[09:37:08] [Server thread/INFO]: maxcr1 was shot by Skeleton
[09:38:38] [Server thread/INFO]: maxcr1 was slain by Zombie
[09:39:18] [Server thread/WARN]: Fetching addPacket for removed entity
[09:40:21] [Server thread/INFO]: maxcr1 was shot by Skeleton
[09:41:23] [Server thread/INFO]: maxcr1 was slain by Zombie
[09:41:24] [Server thread/WARN]: maxcr1 moved too quickly! 17.905876893425557,21.0,33.568331342100876
[09:42:20] [Server thread/INFO]: maxcr1 was blown up by Creeper
[09:42:29] [Server thread/INFO]: [maxcr1: The difficulty has been set to Peaceful]
[09:42:34] [Server thread/INFO]: [maxcr1: The difficulty has been set to Normal]
[09:58:37] [Server thread/INFO]: maxcr1 has made the advancement [Not Today, Thank You]
[10:00:22] [Server thread/INFO]: maxcr1 lost connection: Disconnected
[10:00:22] [Server thread/INFO]: maxcr1 left the game
[10:01:23] [User Authenticator #13/INFO]: UUID of player maxcr1 is 4d3fe67e-8b2d-43a4-883d-915e0aea2fd8
[10:01:23] [Server thread/INFO]: maxcr1[/127.0.0.1:54965] logged in with entity id 181459 at (-364.0842250886547, 39.0, 127.00232549148693)
[10:01:23] [Server thread/INFO]: maxcr1 joined the game
[10:01:45] [Server thread/INFO]: maxcr1 was blown up by Creeper
[10:13:09] [Server thread/INFO]: maxcr1 lost connection: Disconnected
[10:13:09] [Server thread/INFO]: maxcr1 left the game
[14:07:23] [User Authenticator #14/INFO]: UUID of player maxcr1 is 4d3fe67e-8b2d-43a4-883d-915e0aea2fd8
[14:07:23] [Server thread/INFO]: maxcr1[/216.188.197.42:65449] logged in with entity id 191739 at (-331.3187764336635, 67.0, 119.97399127248055)
[14:07:23] [Server thread/INFO]: maxcr1 joined the game
[14:12:26] [Server thread/INFO]: maxcr1 has made the advancement [A Seedy Place]
[14:19:41] [Server thread/INFO]: maxcr1 was killed by Witch using magic
[14:37:02] [Server thread/INFO]: maxcr1 was blown up by Creeper
[14:41:28] [Server thread/INFO]: maxcr1 was slain by Zombie
[15:00:18] [Server thread/INFO]: maxcr1 lost connection: Disconnected
[15:00:18] [Server thread/INFO]: maxcr1 left the game
[15:05:17] [User Authenticator #15/INFO]: UUID of player maxcr1 is 4d3fe67e-8b2d-43a4-883d-915e0aea2fd8
[15:05:17] [Server thread/INFO]: maxcr1[/216.188.197.42:49238] logged in with entity id 255991 at (-331.2472845818209, 67.0, 120.78290837001799)
[15:05:17] [Server thread/INFO]: maxcr1 joined the game
[15:07:47] [Server thread/INFO]: maxcr1 was slain by Zombie
[15:09:45] [Server thread/INFO]: maxcr1 has made the advancement [Sweet Dreams]
[15:12:55] [Server thread/INFO]: maxcr1 has made the advancement [What a Deal!]
[15:17:24] [Server thread/INFO]: maxcr1 lost connection: Disconnected
[15:17:24] [Server thread/INFO]: maxcr1 left the game
[15:46:08] [User Authenticator #16/INFO]: UUID of player Donwersa2 is bd0b12f8-d7f0-4ed1-8c45-cc9c8fbb90a2
[15:46:08] [Server thread/INFO]: Donwersa2[/76.164.49.234:61839] logged in with entity id 266505 at (-236.5, 69.0, 138.5)
[15:46:08] [Server thread/INFO]: Donwersa2 joined the game
[15:48:23] [Server thread/INFO]: Donwersa2 was slain by Zombie
[15:49:50] [Server thread/INFO]: Donwersa2 lost connection: Disconnected
[15:49:50] [Server thread/INFO]: Donwersa2 left the game
[15:56:02] [User Authenticator #17/INFO]: UUID of player Donwersa2 is bd0b12f8-d7f0-4ed1-8c45-cc9c8fbb90a2
[15:56:02] [Server thread/INFO]: Donwersa2[/76.164.49.234:49239] logged in with entity id 268925 at (-261.30000001192093, 63.0, 128.54302206874047)
[15:56:02] [Server thread/INFO]: Donwersa2 joined the game
[15:56:27] [Server thread/INFO]: Donwersa2 has made the advancement [Monster Hunter]
[15:57:59] [Server thread/INFO]: Donwersa2 has made the advancement [Stone Age]
[15:58:43] [Server thread/INFO]: Donwersa2 has made the advancement [Getting an Upgrade]
[16:03:45] [Server thread/INFO]: Donwersa2 was slain by Husk
[16:07:00] [Server thread/INFO]: Donwersa2 was slain by Zombie
[16:07:04] [Server thread/INFO]: Donwersa2 lost connection: Disconnected
[16:07:04] [Server thread/INFO]: Donwersa2 left the game
[16:07:05] [User Authenticator #18/INFO]: UUID of player aja2000 is 98f76cb4-800d-4cb2-8b15-7d0a03914d70
[16:07:05] [Server thread/INFO]: aja2000[/65.128.70.233:49936] logged in with entity id 283345 at (-310.3590199208714, 64.0, 241.4628027581708)
[16:07:05] [Server thread/INFO]: aja2000 joined the game
[16:07:42] [Server thread/INFO]: aja2000 lost connection: Disconnected
[16:07:42] [Server thread/INFO]: aja2000 left the game
[16:22:33] [Server thread/INFO]: Stopping the server
[16:22:33] [Server thread/INFO]: Stopping server
[16:22:33] [Server thread/INFO]: Saving players
[16:22:33] [Server thread/INFO]: Saving worlds
[16:22:33] [Server thread/INFO]: Saving chunks for level 'world'/minecraft:the_end
[16:22:33] [Server thread/INFO]: ThreadedAnvilChunkStorage (DIM1): All chunks are saved
[16:22:33] [Server thread/INFO]: Saving chunks for level 'world'/minecraft:the_nether
[16:22:33] [Server thread/INFO]: ThreadedAnvilChunkStorage (DIM-1): All chunks are saved
[16:22:33] [Server thread/INFO]: Saving chunks for level 'world'/minecraft:overworld
[16:22:34] [Server thread/INFO]: ThreadedAnvilChunkStorage (world): All chunks are saved
[16:22:34] [Server thread/INFO]: ThreadedAnvilChunkStorage (DIM1): All chunks are saved
[16:22:34] [Server thread/INFO]: ThreadedAnvilChunkStorage (DIM1): All chunks are saved
[16:22:34] [Server thread/INFO]: ThreadedAnvilChunkStorage (DIM-1): All chunks are saved
[16:22:34] [Server thread/INFO]: ThreadedAnvilChunkStorage (DIM-1): All chunks are saved
[16:22:34] [Server thread/INFO]: ThreadedAnvilChunkStorage (world): All chunks are saved
[16:22:34] [Server thread/INFO]: ThreadedAnvilChunkStorage (world): All chunks are saved
