[13:01:40] [User Authenticator #29/INFO]: UUID of player Toasty_boii is 36389ee7-4f17-404e-98f4-c5fabe15ab0f
[13:01:40] [Server thread/INFO]: Toasty_boii[/65.110.255.177:38498] logged in with entity id 510799 at (-285.58951783765866, 64.0, 56.60420522725887)
[13:01:40] [Server thread/INFO]: Toasty_boii joined the game
[13:30:42] [Server thread/WARN]: Boat moved wrongly!
[13:30:42] [Server thread/WARN]: Boat moved wrongly!
[13:30:42] [Server thread/WARN]: Boat moved wrongly!
[13:30:42] [Server thread/WARN]: Boat moved wrongly!
[13:30:42] [Server thread/WARN]: Boat moved wrongly!
[13:30:42] [Server thread/WARN]: Boat moved wrongly!
[13:30:42] [Server thread/WARN]: Boat moved wrongly!
[13:30:42] [Server thread/WARN]: Boat moved wrongly!
[13:30:42] [Server thread/WARN]: Boat moved wrongly!
[13:30:42] [Server thread/WARN]: Boat moved wrongly!
[13:30:42] [Server thread/WARN]: Boat moved wrongly!
[13:30:42] [Server thread/WARN]: Boat moved wrongly!
[13:30:43] [Server thread/WARN]: Boat moved wrongly!
[13:30:43] [Server thread/WARN]: Boat moved wrongly!
[13:30:43] [Server thread/WARN]: Boat moved wrongly!
[13:30:43] [Server thread/WARN]: Boat moved wrongly!
[13:30:43] [Server thread/WARN]: Boat moved wrongly!
[13:30:43] [Server thread/WARN]: Boat moved wrongly!
[13:30:43] [Server thread/WARN]: Boat moved wrongly!
[13:30:43] [Server thread/WARN]: Boat moved wrongly!
[13:30:43] [Server thread/WARN]: Boat moved wrongly!
[13:30:43] [Server thread/WARN]: Boat moved wrongly!
[13:30:43] [Server thread/WARN]: Boat moved wrongly!
[13:30:43] [Server thread/WARN]: Boat moved wrongly!
[13:30:43] [Server thread/WARN]: Boat moved wrongly!
[13:30:43] [Server thread/WARN]: Boat moved wrongly!
[13:30:43] [Server thread/WARN]: Boat moved wrongly!
[13:30:43] [Server thread/WARN]: Boat moved wrongly!
[13:30:43] [Server thread/WARN]: Boat moved wrongly!
[13:30:43] [Server thread/WARN]: Boat moved wrongly!
[13:30:43] [Server thread/WARN]: Boat moved wrongly!
[13:30:43] [Server thread/WARN]: Boat moved wrongly!
[13:41:11] [Server thread/WARN]: Boat (vehicle of Toasty_boii) moved too quickly! 1.5994492149952748,0.0,-10.259246869848695
[13:45:00] [Server thread/WARN]: Horse moved wrongly!
[13:45:00] [Server thread/WARN]: Horse moved wrongly!
[13:56:11] [Server thread/WARN]: Boat (vehicle of Toasty_boii) moved too quickly! 9.784982032200787,0.0,3.5224231688863483
[13:56:11] [Server thread/WARN]: Boat (vehicle of Toasty_boii) moved too quickly! 10.16132749497774,0.0,3.657900983074285
[13:56:11] [Server thread/WARN]: Boat (vehicle of Toasty_boii) moved too quickly! 10.537672957754694,0.0,3.7933787972622213
[13:58:55] [Server thread/WARN]: Skipping Entity with id 
[14:14:10] [Server thread/INFO]: Toasty_boii lost connection: Disconnected
[14:14:10] [Server thread/INFO]: Toasty_boii left the game
[14:25:28] [User Authenticator #30/INFO]: UUID of player maxcr1 is 4d3fe67e-8b2d-43a4-883d-915e0aea2fd8
[14:25:28] [Server thread/INFO]: maxcr1[/216.188.197.42:52447] logged in with entity id 628584 at (-355.8588536590559, 39.0, 110.63905841446314)
[14:25:28] [Server thread/INFO]: maxcr1 joined the game
[14:29:45] [Server thread/WARN]: Can't keep up! Is the server overloaded? Running 2141ms or 42 ticks behind
[14:39:21] [Server thread/INFO]: maxcr1 was shot by Skeleton
[14:42:02] [Server thread/INFO]: maxcr1 lost connection: Disconnected
[14:42:02] [Server thread/INFO]: maxcr1 left the game
[14:42:25] [User Authenticator #31/INFO]: UUID of player maxcr1 is 4d3fe67e-8b2d-43a4-883d-915e0aea2fd8
[14:42:25] [Server thread/INFO]: maxcr1[/216.188.197.42:52563] logged in with entity id 643700 at (-488.5532205251134, 35.0, 115.66992234933186)
[14:42:25] [Server thread/INFO]: maxcr1 joined the game
[14:47:10] [Server thread/INFO]: maxcr1 was blown up by Creeper
[14:53:07] [Server thread/INFO]: maxcr1 was slain by Zombie
[14:53:18] [Server thread/INFO]: [maxcr1: The difficulty has been set to Peaceful]
[14:53:20] [Server thread/INFO]: [maxcr1: The difficulty has been set to Normal]
[14:58:20] [Server thread/INFO]: maxcr1 lost connection: Disconnected
[14:58:20] [Server thread/INFO]: maxcr1 left the game
[15:09:43] [User Authenticator #32/INFO]: UUID of player Toasty_boii is 36389ee7-4f17-404e-98f4-c5fabe15ab0f
[15:09:43] [Server thread/INFO]: Toasty_boii[/65.110.255.177:52508] logged in with entity id 656902 at (8757.827074601231, 62.07326480791819, -455.61468305430725)
[15:09:43] [Server thread/INFO]: Toasty_boii joined the game
[15:31:14] [Server thread/WARN]: Boat (vehicle of Toasty_boii) moved too quickly! -10.378447267479714,0.0,0.4603350530091461
[15:31:55] [Server thread/WARN]: Skipping Entity with id 
[15:32:02] [User Authenticator #33/INFO]: UUID of player aja2000 is 98f76cb4-800d-4cb2-8b15-7d0a03914d70
[15:32:03] [Server thread/INFO]: aja2000[/65.128.70.233:53168] logged in with entity id 667635 at (-305.8419090394372, 63.0, 122.58567946360417)
[15:32:03] [Server thread/INFO]: aja2000 joined the game
[15:32:13] [Server thread/INFO]: <Toasty_boii> hi dad
[15:32:39] [Server thread/INFO]: <Toasty_boii> in case you were wondering, there is a jungle at 10k, 0
[15:32:50] [Server thread/INFO]: <aja2000> wow
[15:33:00] [Server thread/INFO]: <aja2000> thats quite the journey
[15:33:09] [Server thread/INFO]: <Toasty_boii> yeah im on my way back rn
[15:33:23] [Server thread/INFO]: <Toasty_boii> its mostly ocean tho so its p easy
[15:36:14] [Server thread/WARN]: Boat (vehicle of Toasty_boii) moved too quickly! -9.690445177885977,0.0,3.0996073972157347
[15:36:14] [Server thread/WARN]: Boat (vehicle of Toasty_boii) moved too quickly! -10.081055643595391,0.0,3.1086647616462955
[15:36:14] [Server thread/WARN]: Boat (vehicle of Toasty_boii) moved too quickly! -10.47145153501242,0.0,3.1072795698853497
[15:36:14] [Server thread/WARN]: Boat (vehicle of Toasty_boii) moved too quickly! -10.861137373388374,0.0,3.0945941094187077
[15:36:14] [Server thread/WARN]: Boat (vehicle of Toasty_boii) moved too quickly! -11.249403995123885,0.0,3.069391536896944
[15:36:51] [Server thread/INFO]: <Toasty_boii> hey i found one of those evil villager towers
[15:40:14] [Server thread/INFO]: <Toasty_boii> 2330, -120
[15:46:54] [Server thread/INFO]: Toasty_boii lost connection: Disconnected
[15:46:54] [Server thread/INFO]: Toasty_boii left the game
[15:46:56] [User Authenticator #34/INFO]: UUID of player Toasty_boii is 36389ee7-4f17-404e-98f4-c5fabe15ab0f
[15:46:56] [Server thread/INFO]: Toasty_boii[/65.110.255.177:52638] logged in with entity id 689379 at (846.9333364388992, 35.95800002813339, 33.692392456839755)
[15:46:56] [Server thread/INFO]: Toasty_boii joined the game
[15:49:30] [Server thread/INFO]: Toasty_boii lost connection: Disconnected
[15:49:30] [Server thread/INFO]: Toasty_boii left the game
[15:49:35] [User Authenticator #35/INFO]: UUID of player Toasty_boii is 36389ee7-4f17-404e-98f4-c5fabe15ab0f
[15:49:35] [Server thread/INFO]: Toasty_boii[/65.110.255.177:52651] logged in with entity id 692169 at (843.6982421875, 63.85000001788139, 44.205849825388704)
[15:49:35] [Server thread/INFO]: Toasty_boii joined the game
[15:53:50] [Server thread/INFO]: <Toasty_boii> what are the coords for spawn
[15:54:31] [Server thread/WARN]: Horse moved wrongly!
[15:54:31] [Server thread/WARN]: Horse moved wrongly!
[15:57:30] [Server thread/WARN]: Can't keep up! Is the server overloaded? Running 2146ms or 42 ticks behind
[15:57:42] [Server thread/INFO]: aja2000 lost connection: Disconnected
[15:57:42] [Server thread/INFO]: aja2000 left the game
[16:14:22] [Server thread/INFO]: Toasty_boii drowned
[16:15:25] [Server thread/INFO]: Toasty_boii drowned
[16:17:36] [Server thread/INFO]: Toasty_boii lost connection: Disconnected
[16:17:36] [Server thread/INFO]: Toasty_boii left the game
[16:28:15] [User Authenticator #36/INFO]: UUID of player Toasty_boii is 36389ee7-4f17-404e-98f4-c5fabe15ab0f
[16:28:15] [Server thread/INFO]: Toasty_boii[/65.110.255.177:50913] logged in with entity id 707697 at (-201.30000001192093, 56.0, 122.69999998807907)
[16:28:15] [Server thread/INFO]: Toasty_boii joined the game
[16:29:36] [Server thread/INFO]: Toasty_boii has made the advancement [We Need to Go Deeper]
[16:29:36] [Server thread/WARN]: Can't keep up! Is the server overloaded? Running 2210ms or 44 ticks behind
[16:34:01] [Server thread/INFO]: Toasty_boii lost connection: Disconnected
[16:34:01] [Server thread/INFO]: Toasty_boii left the game
[16:34:11] [User Authenticator #37/INFO]: UUID of player Toasty_boii is 36389ee7-4f17-404e-98f4-c5fabe15ab0f
[16:34:11] [Server thread/INFO]: Toasty_boii[/65.110.255.177:53373] logged in with entity id 709390 at (-142.13108208534425, 83.0, 48.90675506310009)
[16:34:11] [Server thread/INFO]: Toasty_boii joined the game
[16:34:41] [Server thread/INFO]: Toasty_boii has completed the challenge [Return to Sender]
[16:45:06] [User Authenticator #38/INFO]: UUID of player aja2000 is 98f76cb4-800d-4cb2-8b15-7d0a03914d70
[16:45:06] [Server thread/INFO]: aja2000[/65.128.70.233:53618] logged in with entity id 713172 at (-330.0627259281906, 63.0, 23.941397515443796)
[16:45:06] [Server thread/INFO]: aja2000 joined the game
[16:46:08] [Server thread/INFO]: Toasty_boii has made the advancement [Fishy Business]
[16:49:40] [Server thread/INFO]: aja2000 lost connection: Disconnected
[16:49:40] [Server thread/INFO]: aja2000 left the game
[17:11:41] [Server thread/INFO]: Toasty_boii lost connection: Disconnected
[17:11:41] [Server thread/INFO]: Toasty_boii left the game
[17:36:27] [Server thread/INFO]: com.mojang.authlib.GameProfile@287675b7[id=<null>,name=maxcr1,properties={},legacy=false] (/127.0.0.1:62549) lost connection: Disconnected
[17:37:32] [Server thread/INFO]: com.mojang.authlib.GameProfile@2c677480[id=<null>,name=maxcr1,properties={},legacy=false] (/127.0.0.1:62604) lost connection: Disconnected
[17:51:45] [Server thread/INFO]: Stopping the server
[17:51:45] [Server thread/INFO]: Stopping server
[17:51:45] [Server thread/INFO]: Saving players
[17:51:45] [Server thread/INFO]: Saving worlds
[17:51:45] [Server thread/INFO]: Saving chunks for level 'world'/minecraft:the_end
[17:51:45] [Server thread/INFO]: ThreadedAnvilChunkStorage (DIM1): All chunks are saved
[17:51:45] [Server thread/INFO]: Saving chunks for level 'world'/minecraft:overworld
[17:51:45] [Server thread/INFO]: ThreadedAnvilChunkStorage (world): All chunks are saved
[17:51:45] [Server thread/INFO]: Saving chunks for level 'world'/minecraft:the_nether
[17:51:45] [Server thread/INFO]: ThreadedAnvilChunkStorage (DIM-1): All chunks are saved
[17:51:45] [Server thread/INFO]: ThreadedAnvilChunkStorage (DIM1): All chunks are saved
[17:51:45] [Server thread/INFO]: ThreadedAnvilChunkStorage (DIM1): All chunks are saved
[17:51:45] [Server thread/INFO]: ThreadedAnvilChunkStorage (world): All chunks are saved
[17:51:45] [Server thread/INFO]: ThreadedAnvilChunkStorage (world): All chunks are saved
[17:51:45] [Server thread/INFO]: ThreadedAnvilChunkStorage (DIM-1): All chunks are saved
[17:51:45] [Server thread/INFO]: ThreadedAnvilChunkStorage (DIM-1): All chunks are saved
