[12:22:38] [User Authenticator #19/INFO]: UUID of player Toasty_boii is 36389ee7-4f17-404e-98f4-c5fabe15ab0f
[12:22:38] [Server thread/INFO]: Toasty_boii[/129.186.251.101:50208] logged in with entity id 367778 at (173.69999998807907, 64.0, -130.69999998807907)
[12:22:38] [Server thread/INFO]: Toasty_boii joined the game
[12:28:01] [Server thread/INFO]: Toasty_boii lost connection: Disconnected
[12:28:01] [Server thread/INFO]: Toasty_boii left the game
[12:36:34] [User Authenticator #20/INFO]: UUID of player Toasty_boii is 36389ee7-4f17-404e-98f4-c5fabe15ab0f
[12:36:34] [Server thread/INFO]: Toasty_boii[/129.186.251.101:58921] logged in with entity id 368428 at (29.602767240357263, 59.0, -9.769271049338656)
[12:36:34] [Server thread/INFO]: Toasty_boii joined the game
[12:58:45] [Server thread/WARN]: Horse (vehicle of Toasty_boii) moved too quickly! 5.543110597894042,4.488353547487925,-7.6073646184219115
[12:58:45] [Server thread/WARN]: Horse (vehicle of Toasty_boii) moved too quickly! 5.898344589276462,4.488353547487925,-7.982528681852841
[12:58:45] [Server thread/WARN]: Horse (vehicle of Toasty_boii) moved too quickly! 6.260198398329862,4.488353547487925,-8.353865000466612
[13:07:05] [Server thread/WARN]: Horse moved wrongly!
[13:07:05] [Server thread/WARN]: Horse moved wrongly!
[13:09:28] [Server thread/WARN]: Horse moved wrongly!
[13:09:28] [Server thread/WARN]: Horse moved wrongly!
[13:09:28] [Server thread/WARN]: Horse moved wrongly!
[13:09:28] [Server thread/WARN]: Horse moved wrongly!
[13:11:33] [Server thread/WARN]: Horse moved wrongly!
[13:11:33] [Server thread/WARN]: Horse moved wrongly!
[13:14:21] [Server thread/INFO]: Toasty_boii lost connection: Disconnected
[13:14:21] [Server thread/INFO]: Toasty_boii left the game
[13:15:54] [User Authenticator #21/INFO]: UUID of player Toasty_boii is 36389ee7-4f17-404e-98f4-c5fabe15ab0f
[13:15:54] [Server thread/INFO]: Toasty_boii[/129.186.251.101:59335] logged in with entity id 425532 at (654.760653406194, 67.8500000178814, 513.3218969578053)
[13:15:54] [Server thread/INFO]: Toasty_boii joined the game
[13:28:42] [Server thread/INFO]: Toasty_boii lost connection: Disconnected
[13:28:42] [Server thread/INFO]: Toasty_boii left the game
[13:36:30] [User Authenticator #22/INFO]: UUID of player Toasty_boii is 36389ee7-4f17-404e-98f4-c5fabe15ab0f
[13:36:30] [Server thread/INFO]: Toasty_boii[/129.186.251.101:59433] logged in with entity id 442081 at (-205.75962289374638, 56.0, 124.23081167155121)
[13:36:30] [Server thread/INFO]: Toasty_boii joined the game
[13:52:00] [Server thread/INFO]: Toasty_boii lost connection: Disconnected
[13:52:00] [Server thread/INFO]: Toasty_boii left the game
[13:53:39] [User Authenticator #23/INFO]: UUID of player Toasty_boii is 36389ee7-4f17-404e-98f4-c5fabe15ab0f
[13:53:39] [Server thread/INFO]: Toasty_boii[/129.186.251.101:59268] logged in with entity id 458846 at (-202.1865719564336, 56.0, 122.42342239330559)
[13:53:39] [Server thread/INFO]: Toasty_boii joined the game
[14:05:43] [User Authenticator #24/INFO]: UUID of player maxcr1 is 4d3fe67e-8b2d-43a4-883d-915e0aea2fd8
[14:05:43] [Server thread/INFO]: maxcr1[/216.188.197.42:57259] logged in with entity id 471321 at (-312.30000001192093, 54.0, 106.72550550766627)
[14:05:43] [Server thread/INFO]: maxcr1 joined the game
[14:06:14] [Server thread/INFO]: <Toasty_boii> i need gravel
[14:06:19] [Server thread/INFO]: <Toasty_boii> do you have any
[14:06:27] [Server thread/INFO]: <maxcr1> what
[14:06:31] [Server thread/INFO]: <maxcr1> why are you on
[14:06:36] [Server thread/INFO]: <maxcr1> oh you are in collee
[14:06:39] [Server thread/INFO]: <maxcr1> there is 10 in my chest
[14:08:52] [Server thread/INFO]: <maxcr1> hey libtard I thought you were going to do the fence around the s
[14:08:54] [Server thread/INFO]: <maxcr1> farm
[14:09:05] [Server thread/INFO]: <Toasty_boii> im going to get to that
[14:09:26] [Server thread/INFO]: <maxcr1> well get to it faster
[14:09:29] [Server thread/INFO]: <maxcr1> ma crops be dyin
[14:09:34] [Server thread/INFO]: <Toasty_boii> well frick off dad
[14:09:54] [Server thread/INFO]: <Toasty_boii> lmao
[14:10:23] [Server thread/INFO]: [maxcr1: Set the time to 1000]
[14:23:13] [Server thread/INFO]: <Toasty_boii> i would like to request a sleep
[14:23:20] [Server thread/INFO]: <maxcr1> we all want things
[14:23:37] [Server thread/INFO]: <Toasty_boii> thats fair
[14:27:32] [Server thread/INFO]: <maxcr1> we need coal
[14:27:33] [Server thread/INFO]: <maxcr1> and iron
[14:27:38] [Server thread/INFO]: <maxcr1> we need to go mining
[14:27:44] [Server thread/INFO]: <Toasty_boii> *you
[14:27:47] [Server thread/INFO]: <Toasty_boii> gotim
[14:27:51] [Server thread/INFO]: <maxcr1> wait I thought we were a team
[14:27:53] [Server thread/INFO]: <maxcr1> ok
[14:28:34] [Server thread/INFO]: <Toasty_boii> im a bit busy building a fence
[14:33:38] [Server thread/INFO]: <Toasty_boii> ok fence made
[14:33:49] [Server thread/INFO]: <maxcr1> tahns
[14:34:10] [Server thread/INFO]: <Toasty_boii> ok im gonna clear this hill
[14:34:16] [Server thread/INFO]: <Toasty_boii> after mining a bit
[14:34:19] [Server thread/INFO]: maxcr1 lost connection: Disconnected
[14:34:19] [Server thread/INFO]: maxcr1 left the game
[14:34:28] [Server thread/INFO]: <Toasty_boii> :O
[14:35:43] [User Authenticator #25/INFO]: UUID of player maxcr1 is 4d3fe67e-8b2d-43a4-883d-915e0aea2fd8
[14:35:43] [Server thread/INFO]: maxcr1[/216.188.197.42:57444] logged in with entity id 512143 at (-264.3326574449919, 63.0, 135.4359870104795)
[14:35:43] [Server thread/INFO]: maxcr1 joined the game
[14:39:19] [Server thread/INFO]: maxcr1 lost connection: Disconnected
[14:39:19] [Server thread/INFO]: maxcr1 left the game
[14:57:31] [Server thread/INFO]: Toasty_boii lost connection: Disconnected
[14:57:31] [Server thread/INFO]: Toasty_boii left the game
[15:29:54] [User Authenticator #26/INFO]: UUID of player Toasty_boii is 36389ee7-4f17-404e-98f4-c5fabe15ab0f
[15:29:54] [Server thread/INFO]: Toasty_boii[/129.186.251.101:60220] logged in with entity id 530143 at (-203.37667435133412, 56.0, 122.82249505048188)
[15:29:54] [Server thread/INFO]: Toasty_boii joined the game
[15:33:25] [User Authenticator #27/INFO]: UUID of player aja2000 is 98f76cb4-800d-4cb2-8b15-7d0a03914d70
[15:33:25] [Server thread/INFO]: aja2000[/65.128.70.233:64108] logged in with entity id 534428 at (-323.7515414912773, 63.875, 73.56627180326431)
[15:33:25] [Server thread/INFO]: aja2000 joined the game
[15:33:40] [Server thread/INFO]: <Toasty_boii> yo do you know where i could get some dark oak saplings
[15:33:55] [Server thread/INFO]: <aja2000> a dark out forrest?
[15:33:58] [Server thread/INFO]: <aja2000> i dont have any
[15:34:01] [Server thread/INFO]: <Toasty_boii> ok
[15:46:15] [Server thread/INFO]: aja2000 fell from a high place
[15:46:18] [Server thread/INFO]: <Toasty_boii> F
[15:47:46] [Server thread/INFO]: aja2000 was blown up by Creeper
[15:51:06] [Server thread/WARN]: Can't keep up! Is the server overloaded? Running 2306ms or 46 ticks behind
[15:54:25] [Server thread/WARN]: Can't keep up! Is the server overloaded? Running 5890ms or 117 ticks behind
[15:55:07] [Server thread/INFO]: Toasty_boii lost connection: Disconnected
[15:55:07] [Server thread/INFO]: Toasty_boii left the game
[16:01:35] [Server thread/INFO]: aja2000 lost connection: Disconnected
[16:01:35] [Server thread/INFO]: aja2000 left the game
[17:40:32] [User Authenticator #28/INFO]: UUID of player maxcr1 is 4d3fe67e-8b2d-43a4-883d-915e0aea2fd8
[17:40:32] [Server thread/INFO]: maxcr1[/127.0.0.1:50466] logged in with entity id 569114 at (-226.32284184273928, 65.0, 106.60577911569219)
[17:40:32] [Server thread/INFO]: maxcr1 joined the game
[17:40:40] [Server thread/INFO]: maxcr1 lost connection: Disconnected
[17:40:40] [Server thread/INFO]: maxcr1 left the game
[17:41:04] [User Authenticator #29/INFO]: UUID of player maxcr1 is 4d3fe67e-8b2d-43a4-883d-915e0aea2fd8
[17:41:04] [Server thread/INFO]: maxcr1[/127.0.0.1:50509] logged in with entity id 569308 at (-226.32284184273928, 65.0, 106.60577911569219)
[17:41:04] [Server thread/INFO]: maxcr1 joined the game
[18:14:04] [Server thread/INFO]: maxcr1 lost connection: Disconnected
[18:14:04] [Server thread/INFO]: maxcr1 left the game
[19:01:31] [User Authenticator #30/INFO]: UUID of player Toasty_boii is 36389ee7-4f17-404e-98f4-c5fabe15ab0f
[19:01:31] [Server thread/INFO]: Toasty_boii[/65.110.255.177:59468] logged in with entity id 596730 at (1870.7214738186487, 66.0, 395.29930975551207)
[19:01:31] [Server thread/INFO]: Toasty_boii joined the game
[19:01:34] [Server thread/WARN]: Keeping entity minecraft:chicken that already exists with UUID 2b191e17-ff95-4b97-b8c5-0b9271c7b034
[19:01:45] [Server thread/WARN]: Toasty_boii moved too quickly! 9.335036519487403,-0.42355929454303975,4.141848730075367
[19:01:45] [Server thread/WARN]: Can't keep up! Is the server overloaded? Running 2177ms or 43 ticks behind
[19:02:11] [Server thread/WARN]: Can't keep up! Is the server overloaded? Running 2171ms or 43 ticks behind
[19:02:59] [User Authenticator #31/INFO]: UUID of player Toasty_boii is 36389ee7-4f17-404e-98f4-c5fabe15ab0f
[19:02:59] [Server thread/INFO]: Toasty_boii lost connection: You logged in from another location
[19:02:59] [Server thread/INFO]: Toasty_boii left the game
[19:02:59] [Server thread/INFO]: Toasty_boii[/65.110.255.177:53312] logged in with entity id 598187 at (1843.299693983813, 70.0, 440.29677745797113)
[19:02:59] [Server thread/INFO]: Toasty_boii joined the game
[19:03:12] [Server thread/INFO]: Toasty_boii lost connection: Disconnected
[19:03:12] [Server thread/INFO]: Toasty_boii left the game
[19:03:33] [User Authenticator #32/INFO]: UUID of player Toasty_boii is 36389ee7-4f17-404e-98f4-c5fabe15ab0f
[19:03:33] [Server thread/INFO]: Toasty_boii[/65.110.255.177:53476] logged in with entity id 598218 at (1843.5681945828412, 68.0, 431.8489173248597)
[19:03:33] [Server thread/INFO]: Toasty_boii joined the game
[19:03:51] [Server thread/WARN]: Toasty_boii moved too quickly! 4.389657788497516,0.757002463247801,-9.135742310164517
[19:03:51] [Server thread/WARN]: Can't keep up! Is the server overloaded? Running 2147ms or 42 ticks behind
[19:04:41] [Server thread/WARN]: Toasty_boii moved too quickly! 9.56510826510248,-1.0,-2.912098972970398
[19:04:41] [Server thread/WARN]: Can't keep up! Is the server overloaded? Running 2166ms or 43 ticks behind
[19:05:02] [Server thread/WARN]: Can't keep up! Is the server overloaded? Running 2160ms or 43 ticks behind
[19:05:04] [Server thread/INFO]: Toasty_boii was blown up by Creeper
[19:05:35] [Server thread/WARN]: Can't keep up! Is the server overloaded? Running 2529ms or 50 ticks behind
[19:07:09] [Server thread/INFO]: Toasty_boii tried to swim in lava
[19:08:25] [Server thread/INFO]: Toasty_boii lost connection: Disconnected
[19:08:25] [Server thread/INFO]: Toasty_boii left the game
[19:27:20] [User Authenticator #33/INFO]: UUID of player Toasty_boii is 36389ee7-4f17-404e-98f4-c5fabe15ab0f
[19:27:20] [Server thread/INFO]: Toasty_boii[/65.110.255.177:51363] logged in with entity id 601563 at (-283.55726314513043, 64.0, 93.3733802957543)
[19:27:20] [Server thread/INFO]: Toasty_boii joined the game
[19:28:02] [Server thread/INFO]: Toasty_boii hit the ground too hard
[19:39:41] [Server thread/INFO]: Toasty_boii lost connection: Disconnected
[19:39:41] [Server thread/INFO]: Toasty_boii left the game
[19:46:39] [User Authenticator #34/INFO]: UUID of player Toasty_boii is 36389ee7-4f17-404e-98f4-c5fabe15ab0f
[19:46:39] [Server thread/INFO]: Toasty_boii[/65.110.255.177:49920] logged in with entity id 615269 at (-258.26725976939707, 64.5, 128.01544443006608)
[19:46:39] [Server thread/INFO]: Toasty_boii joined the game
[19:47:40] [Server thread/INFO]: Toasty_boii lost connection: Disconnected
[19:47:40] [Server thread/INFO]: Toasty_boii left the game
[20:07:44] [User Authenticator #35/INFO]: UUID of player Toasty_boii is 36389ee7-4f17-404e-98f4-c5fabe15ab0f
[20:07:44] [Server thread/INFO]: Toasty_boii[/65.110.255.177:50012] logged in with entity id 616452 at (-335.59552787408535, 68.0, 123.30000001192093)
[20:07:44] [Server thread/INFO]: Toasty_boii joined the game
[20:26:48] [Server thread/INFO]: Toasty_boii lost connection: Disconnected
[20:26:48] [Server thread/INFO]: Toasty_boii left the game
[20:45:11] [User Authenticator #36/INFO]: UUID of player ClockworkGold is 99a0df9c-9246-45b9-9a60-d7c5888f7704
[20:45:11] [Server thread/INFO]: ClockworkGold[/98.166.107.185:52336] logged in with entity id 639108 at (-237.5, 68.0, 125.5)
[20:45:11] [Server thread/INFO]: ClockworkGold joined the game
[20:45:28] [Server thread/INFO]: ClockworkGold lost connection: Timed out
[20:45:28] [Server thread/INFO]: ClockworkGold left the game
[20:45:33] [User Authenticator #37/INFO]: UUID of player ClockworkGold is 99a0df9c-9246-45b9-9a60-d7c5888f7704
[20:45:33] [Server thread/INFO]: ClockworkGold[/98.166.107.185:52338] logged in with entity id 639532 at (-237.5, 68.0, 125.5)
[20:45:33] [Server thread/INFO]: ClockworkGold joined the game
[20:46:07] [Server thread/WARN]: ClockworkGold moved too quickly! -10.097588322318188,-0.0625,-0.6659947517036358
[20:46:15] [Server thread/INFO]: ClockworkGold lost connection: Disconnected
[20:46:15] [Server thread/INFO]: ClockworkGold left the game
[20:46:22] [User Authenticator #38/INFO]: UUID of player LoeJins7777777 is a2866b7e-2c5e-495f-b42e-517b6a066d8e
[20:46:22] [Server thread/INFO]: LoeJins7777777[/65.110.254.169:2096] logged in with entity id 640126 at (-298.3693036238706, 63.9375, 57.53577631836416)
[20:46:22] [Server thread/INFO]: LoeJins7777777 joined the game
[20:46:48] [User Authenticator #39/INFO]: UUID of player ClockworkGold is 99a0df9c-9246-45b9-9a60-d7c5888f7704
[20:46:48] [Server thread/INFO]: ClockworkGold[/98.166.107.185:52343] logged in with entity id 641042 at (-273.1194910941852, 63.0, 125.07056774731498)
[20:46:48] [Server thread/INFO]: ClockworkGold joined the game
[20:47:21] [Server thread/INFO]: ClockworkGold has made the advancement [Monster Hunter]
[20:48:08] [Server thread/INFO]: LoeJins7777777 lost connection: Disconnected
[20:48:08] [Server thread/INFO]: LoeJins7777777 left the game
[20:48:32] [Server thread/INFO]: ClockworkGold lost connection: Disconnected
[20:48:32] [Server thread/INFO]: ClockworkGold left the game
[20:48:37] [User Authenticator #40/INFO]: UUID of player ClockworkGold is 99a0df9c-9246-45b9-9a60-d7c5888f7704
[20:48:37] [Server thread/INFO]: ClockworkGold[/98.166.107.185:52349] logged in with entity id 643063 at (-357.49813126390956, 70.0, 149.44735325876545)
[20:48:37] [Server thread/INFO]: ClockworkGold joined the game
[20:48:38] [User Authenticator #41/INFO]: UUID of player LoeJins7777777 is a2866b7e-2c5e-495f-b42e-517b6a066d8e
[20:48:38] [Server thread/INFO]: LoeJins7777777[/65.110.254.169:2163] logged in with entity id 643072 at (-318.1093505251006, 64.0, 127.08046374257765)
[20:48:38] [Server thread/INFO]: LoeJins7777777 joined the game
[20:49:19] [Server thread/INFO]: LoeJins7777777 has made the advancement [Voluntary Exile]
[20:54:37] [Server thread/INFO]: ClockworkGold has made the advancement [Stone Age]
[20:55:37] [Server thread/INFO]: LoeJins7777777 has made the advancement [Ol' Betsy]
[20:55:38] [Server thread/INFO]: LoeJins7777777 has made the advancement [Take Aim]
[20:57:49] [Server thread/INFO]: LoeJins7777777 lost connection: Disconnected
[20:57:49] [Server thread/INFO]: LoeJins7777777 left the game
[20:58:19] [Server thread/INFO]: ClockworkGold has made the advancement [Ol' Betsy]
[20:58:52] [Server thread/INFO]: ClockworkGold lost connection: Disconnected
[20:58:52] [Server thread/INFO]: ClockworkGold left the game
[21:05:18] [User Authenticator #42/INFO]: UUID of player ClockworkGold is 99a0df9c-9246-45b9-9a60-d7c5888f7704
[21:05:19] [Server thread/INFO]: ClockworkGold[/98.166.107.185:52358] logged in with entity id 656227 at (-287.3008337164462, 63.0, 126.38668719632597)
[21:05:19] [Server thread/INFO]: ClockworkGold joined the game
[21:11:39] [User Authenticator #43/INFO]: UUID of player LoeJins7777777 is a2866b7e-2c5e-495f-b42e-517b6a066d8e
[21:11:39] [Server thread/INFO]: LoeJins7777777[/65.110.254.169:2333] logged in with entity id 663351 at (-332.67710360578513, 68.0, 122.41815549777142)
[21:11:39] [Server thread/INFO]: LoeJins7777777 joined the game
[21:11:40] [Server thread/INFO]: ClockworkGold has made the advancement [Getting an Upgrade]
[21:12:00] [Server thread/INFO]: LoeJins7777777 lost connection: Disconnected
[21:12:00] [Server thread/INFO]: LoeJins7777777 left the game
[21:13:11] [User Authenticator #44/INFO]: UUID of player Strauberry_36 is 708c8d22-9af1-4ff4-a967-a4211d525576
[21:13:11] [Server thread/INFO]: Strauberry_36[/97.116.85.78:61911] logged in with entity id 665836 at (-126.6999999880793, 61.0, 137.699999988079)
[21:13:11] [Server thread/INFO]: Strauberry_36 joined the game
[21:18:41] [Server thread/INFO]: ClockworkGold has made the advancement [Acquire Hardware]
[21:24:13] [Server thread/INFO]: Strauberry_36 lost connection: Disconnected
[21:24:13] [Server thread/INFO]: Strauberry_36 left the game
[21:34:52] [User Authenticator #45/INFO]: UUID of player Toasty_boii is 36389ee7-4f17-404e-98f4-c5fabe15ab0f
[21:34:52] [Server thread/INFO]: Toasty_boii[/65.110.255.177:58560] logged in with entity id 686339 at (-204.43491565700893, 56.0, 123.56081082830696)
[21:34:52] [Server thread/INFO]: Toasty_boii joined the game
[21:39:40] [Server thread/INFO]: ClockworkGold has made the advancement [Isn't It Iron Pick]
[21:43:12] [User Authenticator #46/INFO]: UUID of player aja2000 is 98f76cb4-800d-4cb2-8b15-7d0a03914d70
[21:43:12] [Server thread/INFO]: aja2000[/65.128.70.233:64453] logged in with entity id 697081 at (-283.7712881051474, 64.0, 90.84849713588035)
[21:43:12] [Server thread/INFO]: aja2000 joined the game
[21:44:38] [User Authenticator #47/INFO]: UUID of player LoeJins7777777 is a2866b7e-2c5e-495f-b42e-517b6a066d8e
[21:44:38] [Server thread/INFO]: LoeJins7777777[/65.110.254.169:2553] logged in with entity id 699113 at (-337.32572897506367, 67.0, 121.29895791460086)
[21:44:38] [Server thread/INFO]: LoeJins7777777 joined the game
[21:57:23] [Server thread/INFO]: LoeJins7777777 fell from a high place
[22:03:58] [Server thread/INFO]: <Toasty_boii> sleep or leave
[22:04:01] [Server thread/INFO]: LoeJins7777777 lost connection: Disconnected
[22:04:01] [Server thread/INFO]: LoeJins7777777 left the game
[22:04:02] [Server thread/INFO]: ClockworkGold lost connection: Disconnected
[22:04:02] [Server thread/INFO]: ClockworkGold left the game
[22:04:05] [User Authenticator #48/INFO]: UUID of player LoeJins7777777 is a2866b7e-2c5e-495f-b42e-517b6a066d8e
[22:04:05] [Server thread/INFO]: LoeJins7777777[/65.110.254.169:2656] logged in with entity id 729004 at (-214.69916051538817, 100.0, 108.51451685814041)
[22:04:05] [Server thread/INFO]: LoeJins7777777 joined the game
[22:04:09] [Server thread/INFO]: LoeJins7777777 lost connection: Disconnected
[22:04:09] [Server thread/INFO]: LoeJins7777777 left the game
[22:04:13] [User Authenticator #49/INFO]: UUID of player LoeJins7777777 is a2866b7e-2c5e-495f-b42e-517b6a066d8e
[22:04:13] [Server thread/INFO]: LoeJins7777777[/65.110.254.169:2659] logged in with entity id 729207 at (-214.69916051538817, 100.0, 108.51451685814041)
[22:04:13] [Server thread/INFO]: LoeJins7777777 joined the game
[22:04:17] [Server thread/INFO]: LoeJins7777777 lost connection: Disconnected
[22:04:17] [Server thread/INFO]: LoeJins7777777 left the game
[22:04:25] [Server thread/INFO]: Toasty_boii lost connection: Disconnected
[22:04:25] [Server thread/INFO]: Toasty_boii left the game
[22:04:27] [User Authenticator #50/INFO]: UUID of player Toasty_boii is 36389ee7-4f17-404e-98f4-c5fabe15ab0f
[22:04:28] [Server thread/INFO]: Toasty_boii[/65.110.255.177:50895] logged in with entity id 729303 at (-123.70000002533197, 65.0, 130.30000001192093)
[22:04:28] [Server thread/INFO]: Toasty_boii joined the game
[22:04:31] [User Authenticator #51/INFO]: UUID of player LoeJins7777777 is a2866b7e-2c5e-495f-b42e-517b6a066d8e
[22:04:31] [Server thread/INFO]: LoeJins7777777[/65.110.254.169:2662] logged in with entity id 729304 at (-214.69916051538817, 100.0, 108.51451685814041)
[22:04:31] [Server thread/INFO]: LoeJins7777777 joined the game
[22:04:33] [Server thread/INFO]: aja2000 lost connection: Disconnected
[22:04:33] [Server thread/INFO]: aja2000 left the game
[22:04:33] [Server thread/INFO]: LoeJins7777777 lost connection: Disconnected
[22:04:33] [Server thread/INFO]: LoeJins7777777 left the game
[22:04:42] [User Authenticator #52/INFO]: UUID of player aja2000 is 98f76cb4-800d-4cb2-8b15-7d0a03914d70
[22:04:42] [Server thread/INFO]: aja2000[/65.128.70.233:64528] logged in with entity id 729525 at (-150.02586264628223, 63.0, 133.59069290274678)
[22:04:42] [Server thread/INFO]: aja2000 joined the game
[22:04:43] [User Authenticator #53/INFO]: UUID of player LoeJins7777777 is a2866b7e-2c5e-495f-b42e-517b6a066d8e
[22:04:43] [Server thread/INFO]: LoeJins7777777[/65.110.254.169:2665] logged in with entity id 729526 at (-214.69916051538817, 100.0, 108.51451685814041)
[22:04:43] [Server thread/INFO]: LoeJins7777777 joined the game
[22:05:01] [User Authenticator #54/INFO]: UUID of player ClockworkGold is 99a0df9c-9246-45b9-9a60-d7c5888f7704
[22:05:01] [Server thread/INFO]: ClockworkGold[/98.166.107.185:52410] logged in with entity id 730156 at (-511.3000000119208, 70.0, -6.652379835427416)
[22:05:01] [Server thread/INFO]: ClockworkGold joined the game
[22:06:34] [Server thread/INFO]: ClockworkGold lost connection: Disconnected
[22:06:34] [Server thread/INFO]: ClockworkGold left the game
[22:09:26] [Server thread/INFO]: LoeJins7777777 fell from a high place
[22:09:41] [Server thread/WARN]: Fetching addPacket for removed entity
[22:11:11] [Server thread/INFO]: aja2000 fell from a high place
[22:11:13] [Server thread/WARN]: Fetching addPacket for removed entity
[22:15:43] [Server thread/INFO]: Toasty_boii lost connection: Disconnected
[22:15:43] [Server thread/INFO]: Toasty_boii left the game
[22:16:19] [Server thread/INFO]: aja2000 lost connection: Disconnected
[22:16:19] [Server thread/INFO]: aja2000 left the game
[22:16:23] [User Authenticator #55/INFO]: UUID of player Toasty_boii is 36389ee7-4f17-404e-98f4-c5fabe15ab0f
[22:16:23] [Server thread/INFO]: Toasty_boii[/65.110.255.177:55968] logged in with entity id 748095 at (-226.69999998807904, 64.0, 90.4002255699604)
[22:16:23] [Server thread/INFO]: Toasty_boii joined the game
[22:16:56] [Server thread/INFO]: Toasty_boii lost connection: Disconnected
[22:16:56] [Server thread/INFO]: Toasty_boii left the game
[22:17:23] [User Authenticator #56/INFO]: UUID of player Toasty_boii is 36389ee7-4f17-404e-98f4-c5fabe15ab0f
[22:17:23] [Server thread/INFO]: Toasty_boii[/65.110.255.177:50904] logged in with entity id 749083 at (-164.03600504569002, 63.0, 133.43903707637423)
[22:17:23] [Server thread/INFO]: Toasty_boii joined the game
[22:17:51] [Server thread/INFO]: Toasty_boii lost connection: Disconnected
[22:17:51] [Server thread/INFO]: Toasty_boii left the game
[22:21:17] [User Authenticator #57/INFO]: UUID of player aja2000 is 98f76cb4-800d-4cb2-8b15-7d0a03914d70
[22:21:17] [Server thread/INFO]: aja2000[/65.128.70.233:64565] logged in with entity id 751625 at (-108.585421346315, 14.0, 166.48426103792337)
[22:21:17] [Server thread/INFO]: aja2000 joined the game
[22:21:19] [Server thread/INFO]: LoeJins7777777 was slain by Spider
[22:24:40] [Server thread/INFO]: LoeJins7777777 lost connection: Disconnected
[22:24:40] [Server thread/INFO]: LoeJins7777777 left the game
[22:24:42] [User Authenticator #58/INFO]: UUID of player LoeJins7777777 is a2866b7e-2c5e-495f-b42e-517b6a066d8e
[22:24:42] [Server thread/INFO]: LoeJins7777777[/65.110.254.169:2744] logged in with entity id 755140 at (-125.60681538963622, 65.0, 131.41414084488528)
[22:24:42] [Server thread/INFO]: LoeJins7777777 joined the game
[22:28:33] [Server thread/INFO]: aja2000 fell from a high place
[22:28:44] [Server thread/INFO]: LoeJins7777777 lost connection: Disconnected
[22:28:44] [Server thread/INFO]: LoeJins7777777 left the game
[22:31:11] [User Authenticator #59/INFO]: UUID of player LoeJins7777777 is a2866b7e-2c5e-495f-b42e-517b6a066d8e
[22:31:11] [Server thread/INFO]: LoeJins7777777[/65.110.254.169:3247] logged in with entity id 763887 at (-293.6601437504387, 62.9375, 122.69610326883824)
[22:31:11] [Server thread/INFO]: LoeJins7777777 joined the game
[22:33:26] [Server thread/WARN]: Can't keep up! Is the server overloaded? Running 2450ms or 49 ticks behind
[22:34:11] [Server thread/INFO]: LoeJins7777777 burned to death
[22:36:10] [Server thread/WARN]: Can't keep up! Is the server overloaded? Running 2012ms or 40 ticks behind
[22:39:10] [Server thread/WARN]: Can't keep up! Is the server overloaded? Running 2336ms or 46 ticks behind
[22:39:21] [Server thread/INFO]: LoeJins7777777 was slain by Zombie Pigman
[22:40:49] [Server thread/INFO]: LoeJins7777777 lost connection: Disconnected
[22:40:49] [Server thread/INFO]: LoeJins7777777 left the game
[22:44:06] [User Authenticator #60/INFO]: UUID of player blazingalchemist is e326b185-d5de-4b69-a8a4-2fac29e5f71d
[22:44:06] [Server thread/INFO]: blazingalchemist[/70.97.238.185:61096] logged in with entity id 801670 at (-308.69999998807907, 64.0, 160.29999997466803)
[22:44:06] [Server thread/INFO]: blazingalchemist joined the game
[22:46:02] [Server thread/INFO]: blazingalchemist has made the advancement [Acquire Hardware]
[22:47:25] [User Authenticator #61/INFO]: UUID of player LoeJins7777777 is a2866b7e-2c5e-495f-b42e-517b6a066d8e
[22:47:25] [Server thread/INFO]: LoeJins7777777[/65.110.254.169:3392] logged in with entity id 806785 at (-331.30000001192093, 67.0, 120.30000001192093)
[22:47:25] [Server thread/INFO]: LoeJins7777777 joined the game
[22:48:03] [Server thread/WARN]: Can't keep up! Is the server overloaded? Running 2433ms or 48 ticks behind
[22:49:18] [Server thread/WARN]: LoeJins7777777 moved too quickly! -8.527680692472572,0.880039138572954,-5.282106778208757
[22:50:53] [Server thread/INFO]: LoeJins7777777 lost connection: Disconnected
[22:50:53] [Server thread/INFO]: LoeJins7777777 left the game
[22:50:54] [User Authenticator #62/INFO]: UUID of player LoeJins7777777 is a2866b7e-2c5e-495f-b42e-517b6a066d8e
[22:50:54] [Server thread/INFO]: LoeJins7777777[/65.110.254.169:3415] logged in with entity id 810475 at (-337.57984665808493, 67.0, 122.28423175949865)
[22:50:54] [Server thread/INFO]: LoeJins7777777 joined the game
[22:51:15] [Server thread/WARN]: Can't keep up! Is the server overloaded? Running 2338ms or 46 ticks behind
[22:51:31] [Server thread/INFO]: LoeJins7777777 was slain by Zombie Pigman
[22:51:39] [Server thread/INFO]: <blazingalchemist> F
[22:51:39] [User Authenticator #63/INFO]: UUID of player Strauberry_36 is 708c8d22-9af1-4ff4-a967-a4211d525576
[22:51:39] [Server thread/INFO]: Strauberry_36[/97.116.85.78:62913] logged in with entity id 811825 at (-339.3506090118402, 64.0, 23.176444962985475)
[22:51:39] [Server thread/INFO]: Strauberry_36 joined the game
[22:52:06] [Server thread/WARN]: Strauberry_36 moved too quickly! 0.35460810587909464,0.604424101326714,10.158832741659552
[22:52:06] [Server thread/WARN]: LoeJins7777777 moved too quickly! -10.210313065612752,-0.42355929454303975,0.597642542574647
[22:52:06] [Server thread/WARN]: Can't keep up! Is the server overloaded? Running 2641ms or 52 ticks behind
[22:52:33] [Server thread/INFO]: LoeJins7777777 was slain by Zombie Pigman
[22:53:12] [Server thread/WARN]: Can't keep up! Is the server overloaded? Running 2082ms or 41 ticks behind
[22:56:10] [Server thread/WARN]: blazingalchemist moved too quickly! -8.582938010081648,0.0,-5.52938115443817
[22:56:10] [Server thread/WARN]: Can't keep up! Is the server overloaded? Running 2372ms or 47 ticks behind
[22:57:29] [Server thread/INFO]: LoeJins7777777 was slain by Drowned
[23:02:23] [User Authenticator #64/INFO]: UUID of player Toasty_boii is 36389ee7-4f17-404e-98f4-c5fabe15ab0f
[23:02:23] [Server thread/INFO]: Toasty_boii[/65.110.255.177:62849] logged in with entity id 826370 at (-201.7568370359872, 62.5, 121.98693420528527)
[23:02:23] [Server thread/INFO]: Toasty_boii joined the game
[23:02:32] [Server thread/WARN]: Fetching addPacket for removed entity
[23:02:32] [Server thread/WARN]: Fetching addPacket for removed entity
[23:04:28] [Server thread/INFO]: Strauberry_36 has made the advancement [Ol' Betsy]
[23:05:51] [Server thread/INFO]: aja2000 was shot by Pillager
[23:05:56] [Server thread/INFO]: blazingalchemist was shot by Pillager
[23:06:11] [Server thread/WARN]: Fetching addPacket for removed entity
[23:06:18] [Server thread/INFO]: blazingalchemist has made the advancement [Isn't It Iron Pick]
[23:06:50] [Server thread/INFO]: Toasty_boii fell from a high place
[23:10:00] [Server thread/INFO]: aja2000 fell from a high place
[23:10:01] [Server thread/INFO]: Toasty_boii fell from a high place
[23:11:57] [Server thread/INFO]: Toasty_boii fell from a high place
[23:12:02] [Server thread/INFO]: aja2000 has made the advancement [Ol' Betsy]
[23:13:01] [Server thread/INFO]: Toasty_boii fell from a high place
[23:13:01] [Server thread/INFO]: Strauberry_36 fell from a high place
[23:13:24] [Server thread/INFO]: aja2000 has made the advancement [Take Aim]
[23:14:02] [Server thread/WARN]: aja2000 moved wrongly!
[23:15:20] [Server thread/INFO]: blazingalchemist has made the advancement [Hot Stuff]
[23:16:14] [Server thread/WARN]: LoeJins7777777 was kicked for floating too long!
[23:16:14] [Server thread/INFO]: LoeJins7777777 lost connection: Flying is not enabled on this server
[23:16:14] [Server thread/INFO]: LoeJins7777777 left the game
[23:16:21] [User Authenticator #65/INFO]: UUID of player LoeJins7777777 is a2866b7e-2c5e-495f-b42e-517b6a066d8e
[23:16:22] [Server thread/INFO]: LoeJins7777777[/65.110.254.169:3471] logged in with entity id 847983 at (-277.2705946378073, 72.0, 73.44807623474813)
[23:16:22] [Server thread/INFO]: LoeJins7777777 joined the game
[23:16:33] [Server thread/INFO]: Toasty_boii fell from a high place
[23:16:56] [Server thread/INFO]: Toasty_boii lost connection: Disconnected
[23:16:56] [Server thread/INFO]: Toasty_boii left the game
[23:20:31] [Server thread/INFO]: <LoeJins7777777> QUEEPA
[23:24:27] [Server thread/WARN]: Horse (vehicle of LoeJins7777777) moved too quickly! -7.689315911593553,-0.2659067093397738,6.8776372621875055
[23:24:27] [Server thread/WARN]: Horse (vehicle of LoeJins7777777) moved too quickly! -7.931326244323429,-0.2659067093397738,7.123235564845061
[23:24:27] [Server thread/WARN]: Horse (vehicle of LoeJins7777777) moved too quickly! -8.17305776342647,-0.2659067093397738,7.369235614526218
[23:24:27] [Server thread/WARN]: Horse (vehicle of LoeJins7777777) moved too quickly! -8.457129581926495,-0.2659067093397738,7.554227032634714
[23:24:27] [Server thread/WARN]: Horse (vehicle of LoeJins7777777) moved too quickly! -8.763856850459376,-0.2659067093397738,7.706573948369595
[23:24:27] [Server thread/WARN]: Horse (vehicle of LoeJins7777777) moved too quickly! -9.082706598603863,-0.2659067093397738,7.8414534417455
[23:24:27] [Server thread/WARN]: Horse (vehicle of LoeJins7777777) moved too quickly! -9.408042843892417,-0.2659067093397738,7.966986465679952
[23:24:27] [Server thread/WARN]: Horse (vehicle of LoeJins7777777) moved too quickly! -9.73684988447593,-0.2659067093397738,8.087518380164767
[23:24:27] [Server thread/WARN]: Horse (vehicle of LoeJins7777777) moved too quickly! -10.067514078421539,0.7340932906602262,8.205374300694444
[23:24:27] [Server thread/WARN]: Horse (vehicle of LoeJins7777777) moved too quickly! -10.399171998103611,0.7340932906602262,8.321798350212305
[23:24:27] [Server thread/WARN]: Horse (vehicle of LoeJins7777777) moved too quickly! -10.731361640614466,0.7340932906602262,8.437456234100154
[23:25:07] [Server thread/INFO]: aja2000 has made the advancement [Suit Up]
[23:25:39] [Server thread/INFO]: aja2000 has made the advancement [Voluntary Exile]
[23:26:28] [Server thread/INFO]: LoeJins7777777 was slain by Vindicator
[23:26:32] [Server thread/INFO]: aja2000 was slain by Vindicator
[23:29:27] [Server thread/WARN]: aja2000 moved too quickly! 8.235191895092385,0.45546773958501774,6.155139219892959
[23:31:30] [Server thread/INFO]: LoeJins7777777 was slain by aja2000
[23:32:13] [Server thread/INFO]: LoeJins7777777 drowned
[23:33:05] [Server thread/INFO]: LoeJins7777777 drowned
[23:34:28] [Server thread/WARN]: blazingalchemist moved too quickly! 10.051576897474092,0.0,1.1917131408051773
[23:34:28] [Server thread/WARN]: Can't keep up! Is the server overloaded? Running 2614ms or 52 ticks behind
[23:35:01] [Server thread/INFO]: LoeJins7777777 lost connection: Disconnected
[23:35:01] [Server thread/INFO]: LoeJins7777777 left the game
[23:35:02] [Server thread/INFO]: aja2000 lost connection: Disconnected
[23:35:02] [Server thread/INFO]: aja2000 left the game
[23:35:07] [Server thread/INFO]: Strauberry_36 lost connection: Disconnected
[23:35:07] [Server thread/INFO]: Strauberry_36 left the game
[23:35:29] [User Authenticator #66/INFO]: UUID of player aja2000 is 98f76cb4-800d-4cb2-8b15-7d0a03914d70
[23:35:29] [Server thread/INFO]: aja2000[/65.128.70.233:64704] logged in with entity id 887645 at (-829.3000000119209, 65.0, 225.31615625277996)
[23:35:29] [Server thread/INFO]: aja2000 joined the game
[23:35:32] [User Authenticator #67/INFO]: UUID of player LoeJins7777777 is a2866b7e-2c5e-495f-b42e-517b6a066d8e
[23:35:32] [Server thread/INFO]: LoeJins7777777[/65.110.254.169:3530] logged in with entity id 888754 at (-348.8910662274614, 65.0, -119.69999998807907)
[23:35:32] [Server thread/INFO]: LoeJins7777777 joined the game
[23:35:34] [User Authenticator #68/INFO]: UUID of player Strauberry_36 is 708c8d22-9af1-4ff4-a967-a4211d525576
[23:35:34] [Server thread/INFO]: Strauberry_36[/97.116.85.78:63010] logged in with entity id 889675 at (-122.70000002533197, 65.0, 132.29999997466803)
[23:35:34] [Server thread/INFO]: Strauberry_36 joined the game
[23:36:13] [Server thread/INFO]: <LoeJins7777777> -350 69 -187
[23:36:18] [Server thread/INFO]: <LoeJins7777777> -4509
[23:36:20] [Server thread/INFO]: <LoeJins7777777> fuck
[23:36:22] [Server thread/INFO]: <LoeJins7777777> i give up
[23:37:03] [Server thread/INFO]: <LoeJins7777777> -450 -187
[23:39:30] [Server thread/WARN]: aja2000 moved too quickly! 0.4784280642028307,1.1661092609382138,-10.141496346581874
[23:39:30] [Server thread/WARN]: Can't keep up! Is the server overloaded? Running 2125ms or 42 ticks behind
[23:44:32] [Server thread/WARN]: LoeJins7777777 moved too quickly! 0.34016643938974767,-1.0752008901189498,10.238250320132316
[23:53:55] [Server thread/INFO]: LoeJins7777777 lost connection: Disconnected
[23:53:55] [Server thread/INFO]: LoeJins7777777 left the game
