[13:19:05] [User Authenticator #12/INFO]: UUID of player maxcr1 is 4d3fe67e-8b2d-43a4-883d-915e0aea2fd8
[13:19:05] [Server thread/INFO]: maxcr1[/127.0.0.1:52645] logged in with entity id 22919 at ([world]-319.4465583604876, 64.0, 50.16134370836408)
[13:44:23] [Server thread/INFO]: maxcr1 lost connection: Disconnected
[13:44:23] [Server thread/INFO]: maxcr1 left the game
[16:00:25] [User Authenticator #13/INFO]: UUID of player tlins is cca4ccb0-1441-40e3-b874-7d0c023f7f91
[16:00:25] [Server thread/INFO]: tlins[/65.110.254.169:3933] logged in with entity id 34399 at ([world]4.131695155953431, 69.0, 196.2031947379944)
[16:07:57] [Server thread/INFO]: tlins lost connection: Disconnected
[16:07:57] [Server thread/INFO]: tlins left the game
[16:08:09] [User Authenticator #14/INFO]: UUID of player Toasty_boii is 36389ee7-4f17-404e-98f4-c5fabe15ab0f
[16:08:09] [Server thread/INFO]: Toasty_boii[/65.110.255.177:50752] logged in with entity id 39879 at ([world]-209.5404771669, 63.0, 86.51590947699577)
[16:08:45] [User Authenticator #15/INFO]: UUID of player tlins is cca4ccb0-1441-40e3-b874-7d0c023f7f91
[16:08:45] [Server thread/INFO]: tlins[/65.110.254.169:4006] logged in with entity id 40227 at ([world]8.03140883961348, 63.0, 193.8503777766316)
[16:09:01] [Async Chat Thread - #1/INFO]: <Toasty_boii> pro tip dont build your house underwater[m
[16:09:07] [Async Chat Thread - #1/INFO]: <tlins> good idea[m
[16:09:16] [Async Chat Thread - #1/INFO]: <tlins> hey you dont happen to have exactly 1 slimeball do you[m
[16:09:23] [Async Chat Thread - #1/INFO]: <Toasty_boii> no[m
[16:09:28] [Async Chat Thread - #1/INFO]: <tlins> k[m
[16:12:33] [Async Chat Thread - #2/INFO]: <Toasty_boii> do you have a silk touch pick?[m
[16:12:36] [Async Chat Thread - #2/INFO]: <tlins> nope[m
[16:12:40] [Async Chat Thread - #2/INFO]: <tlins> i wish[m
[16:20:19] [Server thread/INFO]: Toasty_boii lost connection: Disconnected
[16:20:19] [Server thread/INFO]: Toasty_boii left the game
[16:22:41] [Server thread/INFO]: tlins lost connection: Disconnected
[16:22:41] [Server thread/INFO]: tlins left the game
[16:22:43] [User Authenticator #16/INFO]: UUID of player tlins is cca4ccb0-1441-40e3-b874-7d0c023f7f91
[16:22:43] [Server thread/INFO]: tlins[/65.110.254.169:4032] logged in with entity id 48991 at ([world]-459.9566531600924, 21.0, 172.34418650423456)
[16:24:24] [Server thread/INFO]: tlins lost connection: Disconnected
[16:24:24] [Server thread/INFO]: tlins left the game
[18:51:01] [User Authenticator #17/INFO]: UUID of player maxcr1 is 4d3fe67e-8b2d-43a4-883d-915e0aea2fd8
[18:51:01] [Server thread/INFO]: maxcr1[/127.0.0.1:55733] logged in with entity id 58507 at ([world]-555.8264753009967, 24.0, -22.36572021138282)
[19:15:33] [User Authenticator #18/INFO]: UUID of player tlins is cca4ccb0-1441-40e3-b874-7d0c023f7f91
[19:15:33] [Server thread/INFO]: tlins[/65.110.254.169:5401] logged in with entity id 67755 at ([world]-432.7888891725631, 30.0, 137.16101286066328)
[19:15:36] [Async Chat Thread - #3/INFO]: <maxcr1> hey[m
[19:15:37] [Async Chat Thread - #3/INFO]: <maxcr1> dus[m
[19:15:39] [Async Chat Thread - #3/INFO]: <maxcr1> dis cord[m
[19:24:21] [User Authenticator #19/INFO]: UUID of player aja2000 is 98f76cb4-800d-4cb2-8b15-7d0a03914d70
[19:24:21] [Server thread/INFO]: aja2000[/65.128.30.182:50784] logged in with entity id 71392 at ([world]-323.87287231054535, 64.0, 38.674626103795596)
[19:27:06] [Server thread/INFO]: aja2000 lost connection: Disconnected
[19:27:07] [Server thread/INFO]: aja2000 left the game
[19:38:43] [User Authenticator #20/INFO]: UUID of player aja2000 is 98f76cb4-800d-4cb2-8b15-7d0a03914d70
[19:38:43] [Server thread/INFO]: aja2000[/65.128.30.182:62929] logged in with entity id 81222 at ([world]-329.51249998807907, 64.0, 30.165176733877498)
[19:50:01] [Server thread/WARN]: aja2000 moved too quickly! -10.168991649055613,0.5813359922251635,-3.0069197963089778
[19:55:01] [Server thread/WARN]: aja2000 moved too quickly! -9.010018010941224,0.15233518685055003,-4.778003670800942
[19:56:26] [Server thread/INFO]: maxcr1 lost connection: Disconnected
[19:56:26] [Server thread/INFO]: maxcr1 left the game
[19:56:28] [Async Chat Thread - #4/INFO]: <tlins> dannys bacxk[m
[19:56:35] [Async Chat Thread - #4/INFO]: <aja2000> 10-4[m
[19:56:38] [Async Chat Thread - #4/INFO]: <aja2000> ingnored[m
[19:56:46] [Async Chat Thread - #4/INFO]: <tlins> confimred[m
[19:56:52] [Async Chat Thread - #4/INFO]: <aja2000> confirmative[m
[19:57:10] [Async Chat Thread - #4/INFO]: <tlins> now we need a sticky piston i think[m
[19:57:16] [Async Chat Thread - #4/INFO]: <aja2000> crap[m
[19:57:17] [Async Chat Thread - #4/INFO]: <tlins> i guess we really dont actually[m
[19:57:26] [Async Chat Thread - #4/INFO]: <tlins> itll just grab babies as well[m
[19:58:11] [Async Chat Thread - #4/INFO]: <aja2000> where do you throw bread in?[m
[19:58:16] [Async Chat Thread - #4/INFO]: <tlins> on top of them[m
[19:58:21] [Async Chat Thread - #4/INFO]: <tlins> how many are there do you thinkl[m
[19:58:34] [Async Chat Thread - #4/INFO]: <aja2000> 3 or 4[m
[19:58:51] [Async Chat Thread - #4/INFO]: <tlins> ok im gonna set it up to go automatically right now its preventing the babies from leaving[m
[19:59:22] [Async Chat Thread - #4/INFO]: <tlins> ok a minecart will pick up babies now and bring them to the village[m
[19:59:27] [Async Chat Thread - #4/INFO]: <tlins> but the chunks are unloaded :([m
[19:59:33] [User Authenticator #21/INFO]: UUID of player maxcr1 is 4d3fe67e-8b2d-43a4-883d-915e0aea2fd8
[19:59:33] [Server thread/INFO]: maxcr1[/127.0.0.1:56397] logged in with entity id 98740 at ([world]-653.3000000119209, 17.0, 23.38383110670734)
[20:00:03] [Async Chat Thread - #4/INFO]: <tlins> did you give them bread[m
[20:00:11] [Async Chat Thread - #4/INFO]: <aja2000> yeah I gave them like 7[m
[20:00:18] [Async Chat Thread - #4/INFO]: <aja2000> it seemed like nothing happened[m
[20:00:20] [Async Chat Thread - #4/INFO]: <tlins> ok you should give like literally a stack[m
[20:00:32] [Async Chat Thread - #4/INFO]: <tlins> and there is a 20 min delay between "breeding sessions"[m
[20:00:41] [Async Chat Thread - #4/INFO]: <aja2000> sec-see time[m
[20:01:04] [Async Chat Thread - #4/INFO]: <aja2000> thats all I have[m
[20:01:09] [Async Chat Thread - #4/INFO]: <tlins> ok well they take potatoes too[m
[20:01:11] [Async Chat Thread - #4/INFO]: <tlins> just way more[m
[20:01:18] [Async Chat Thread - #4/INFO]: <aja2000> well we have a load of thoise[m
[20:01:24] [Async Chat Thread - #4/INFO]: <tlins> lets go get food and minecarts[m
[20:01:36] [Async Chat Thread - #4/INFO]: <tlins> oh we need to set up the houses though[m
[20:01:52] [Async Chat Thread - #4/INFO]: <tlins> get in[m
[20:01:56] [Async Chat Thread - #4/INFO]: <aja2000> I jusit dropped my sword in the water[m
[20:02:22] [Async Chat Thread - #4/INFO]: <tlins> ok im going back[m
[20:02:25] [Async Chat Thread - #4/INFO]: <aja2000> ok[m
[20:06:01] [Async Chat Thread - #5/INFO]: <tlins> i forgot food lol[m
[20:07:24] [Async Chat Thread - #6/INFO]: <tlins> ok im gonna test it and then im gonna shower ill be back after[m
[20:08:50] [Async Chat Thread - #7/INFO]: <tlins> ok 3 minecarts of villagers are coming at once woops[m
[20:10:31] [Async Chat Thread - #8/INFO]: <tlins> uh oh[m
[20:10:34] [Async Chat Thread - #8/INFO]: <aja2000> sounds good[m
[20:10:36] [Async Chat Thread - #8/INFO]: <tlins> pillagers in vilalge[m
[20:11:40] [Server thread/INFO]: aja2000 lost connection: Disconnected
[20:11:40] [Server thread/INFO]: aja2000 left the game
[20:15:10] [Server thread/INFO]: tlins has made the advancement [Hot Stuff]
[20:15:24] [Async Chat Thread - #9/INFO]: <tlins> fuck me i started a raid[m
[20:15:25] [Async Chat Thread - #9/INFO]: <tlins> uh[m
[20:17:09] [Server thread/INFO]: tlins lost connection: Disconnected
[20:17:09] [Server thread/INFO]: tlins left the game
[20:27:51] [User Authenticator #22/INFO]: UUID of player aja2000 is 98f76cb4-800d-4cb2-8b15-7d0a03914d70
[20:27:51] [Server thread/INFO]: aja2000[/65.128.30.182:63381] logged in with entity id 110353 at ([world]-332.36130640598617, 64.0, 120.61315201052575)
[21:05:57] [User Authenticator #23/INFO]: UUID of player Toasty_boii is 36389ee7-4f17-404e-98f4-c5fabe15ab0f
[21:05:57] [Server thread/INFO]: Toasty_boii[/65.110.255.177:51808] logged in with entity id 127854 at ([world]-200.52482194307845, 63.0, 94.88523524864965)
[21:11:42] [Server thread/INFO]: aja2000 fell from a high place
[21:15:09] [Server thread/INFO]: Toasty_boii lost connection: Disconnected
[21:15:09] [Server thread/INFO]: Toasty_boii left the game
[21:15:23] [User Authenticator #24/INFO]: UUID of player Toasty_boii is 36389ee7-4f17-404e-98f4-c5fabe15ab0f
[21:15:24] [Server thread/INFO]: Toasty_boii[/65.110.255.177:53516] logged in with entity id 132632 at ([world]-336.3778976636647, 64.0, 132.3405216188639)
[21:15:28] [Server thread/INFO]: Toasty_boii lost connection: Disconnected
[21:15:28] [Server thread/INFO]: Toasty_boii left the game
[21:15:30] [Server thread/INFO]: maxcr1 issued server command: /time set day
[21:15:30] [Server thread/INFO]: [maxcr1: Set the time to 1000]
[21:15:41] [User Authenticator #25/INFO]: UUID of player Toasty_boii is 36389ee7-4f17-404e-98f4-c5fabe15ab0f
[21:15:41] [Server thread/INFO]: Toasty_boii[/65.110.255.177:53520] logged in with entity id 132693 at ([world]-335.19332207924003, 64.0, 128.8890812571519)
[21:17:53] [Server thread/INFO]: aja2000 was shot by Pillager
[21:18:01] [Server thread/INFO]: maxcr1 was slain by Ravager
[21:18:58] [Server thread/INFO]: maxcr1 has made the advancement [Ol' Betsy]
[21:19:07] [Server thread/INFO]: maxcr1 was slain by Vindicator
[21:19:27] [Server thread/INFO]: aja2000 was slain by Vex
[21:23:39] [Server thread/INFO]: maxcr1 was slain by Ravager
[21:23:48] [Server thread/INFO]: aja2000 was slain by Ravager
[21:23:52] [Server thread/INFO]: Toasty_boii was slain by Ravager
[21:25:35] [Server thread/INFO]: Toasty_boii lost connection: Disconnected
[21:25:35] [Server thread/INFO]: Toasty_boii left the game
[21:25:36] [Server thread/INFO]: maxcr1 issued server command: /time set day
[21:25:36] [Server thread/INFO]: [maxcr1: Set the time to 1000]
[21:25:43] [User Authenticator #26/INFO]: UUID of player Toasty_boii is 36389ee7-4f17-404e-98f4-c5fabe15ab0f
[21:25:43] [Server thread/INFO]: Toasty_boii[/65.110.255.177:53549] logged in with entity id 137564 at ([world]-242.30759606389518, 67.0, 126.7763762041918)
[21:26:26] [Server thread/INFO]: aja2000 has completed the challenge [Hero of the Village]
[21:26:26] [Server thread/INFO]: Toasty_boii has completed the challenge [Hero of the Village]
[21:26:26] [Server thread/INFO]: maxcr1 has completed the challenge [Hero of the Village]
[21:27:28] [Server thread/INFO]: Toasty_boii lost connection: Disconnected
[21:27:28] [Server thread/INFO]: Toasty_boii left the game
[21:36:11] [Server thread/INFO]: maxcr1 issued server command: /time set day
[21:36:11] [Server thread/INFO]: [maxcr1: Set the time to 1000]
[21:43:36] [Server thread/INFO]: maxcr1 lost connection: Disconnected
[21:43:36] [Server thread/INFO]: maxcr1 left the game
[21:45:26] [User Authenticator #27/INFO]: UUID of player maxcr1 is 4d3fe67e-8b2d-43a4-883d-915e0aea2fd8
[21:45:26] [Server thread/INFO]: maxcr1[/127.0.0.1:58470] logged in with entity id 145438 at ([world]-286.3318704906512, 63.0, 126.19137775951476)
[21:46:56] [Server thread/INFO]: maxcr1 issued server command: /effect give maxcr1 minecraft:bad_omen 1
[21:46:56] [Server thread/INFO]: [maxcr1: Applied effect Bad Omen to maxcr1]
[21:47:12] [Server thread/INFO]: maxcr1 issued server command: /time set day
[21:47:12] [Server thread/INFO]: [maxcr1: Set the time to 1000]
[21:52:47] [User Authenticator #28/INFO]: UUID of player tlins is cca4ccb0-1441-40e3-b874-7d0c023f7f91
[21:52:47] [Server thread/INFO]: tlins[/65.110.254.169:2379] logged in with entity id 149258 at ([world]-336.52420307411234, 64.0, 146.20221412983102)
[21:52:52] [Async Chat Thread - #10/INFO]: <maxcr1> we are in a raid[m
[21:52:54] [Async Chat Thread - #10/INFO]: <maxcr1> frfr[m
[21:52:54] [Async Chat Thread - #10/INFO]: <aja2000> we r figthing raid[m
[21:52:56] [Async Chat Thread - #10/INFO]: <tlins> i noticed[m
[21:53:10] [Async Chat Thread - #10/INFO]: <maxcr1> joice noice[m
[21:53:13] [Async Chat Thread - #10/INFO]: <maxcr1> join voice[m
[21:53:13] [Async Chat Thread - #10/INFO]: <tlins> nope[m
[21:53:36] [Server thread/INFO]: maxcr1 was slain by Ravager
[21:55:55] [Server thread/INFO]: aja2000 was slain by Vindicator
[21:56:21] [Server thread/INFO]: maxcr1 was slain by Vex
[21:56:38] [Server thread/INFO]: aja2000 was slain by Vindicator
[21:57:08] [Server thread/INFO]: aja2000 was slain by Vex
[21:57:10] [Server thread/INFO]: tlins was killed by Evoker using magic
[21:57:20] [Server thread/INFO]: maxcr1 was slain by Vindicator
[21:57:55] [Server thread/INFO]: aja2000 was slain by Vindicator
[21:58:05] [Server thread/INFO]: maxcr1 was slain by Vindicator
[21:58:21] [Server thread/INFO]: aja2000 was slain by Vindicator
[21:58:28] [Server thread/INFO]: maxcr1 was slain by Vindicator
[21:58:36] [Server thread/INFO]: aja2000 was slain by Vindicator
[21:58:58] [Server thread/INFO]: aja2000 was slain by Vindicator
[21:59:27] [Server thread/INFO]: aja2000 was slain by Vindicator
[22:00:05] [Server thread/INFO]: maxcr1 was slain by Vex
[22:00:20] [Server thread/INFO]: maxcr1 was slain by Vex
[22:00:46] [Server thread/INFO]: tlins has completed the challenge [Hero of the Village]
[22:01:14] [Server thread/INFO]: maxcr1 issued server command: /day
[22:01:17] [Server thread/INFO]: maxcr1 issued server command: /time set day
[22:01:17] [Server thread/INFO]: [maxcr1: Set the time to 1000]
[22:05:31] [Server thread/INFO]: maxcr1 fell from a high place
[22:16:57] [Server thread/INFO]: maxcr1 issued server command: /gamerule doMobSpawning true
[22:16:57] [Server thread/INFO]: [maxcr1: Gamerule doMobSpawning is now set to: true]
[22:17:28] [Server thread/WARN]: tlins moved wrongly!
[22:24:29] [Server thread/INFO]: maxcr1 lost connection: Disconnected
[22:24:29] [Server thread/INFO]: maxcr1 left the game
[22:24:42] [Server thread/INFO]: tlins lost connection: Disconnected
[22:24:42] [Server thread/INFO]: tlins left the game
[22:33:14] [User Authenticator #29/INFO]: UUID of player maxcr1 is 4d3fe67e-8b2d-43a4-883d-915e0aea2fd8
[22:33:14] [Server thread/INFO]: maxcr1[/127.0.0.1:59225] logged in with entity id 169411 at ([world]8.01381077951784, 63.0, 191.9864656296908)
[22:34:50] [Server thread/INFO]: maxcr1 issued server command: /gamemode creative
[22:34:50] [Server thread/INFO]: [maxcr1: Set own game mode to Creative Mode]
[22:34:53] [Server thread/INFO]: maxcr1 issued server command: /gamemode survival
[22:34:53] [Server thread/INFO]: [maxcr1: Set own game mode to Survival Mode]
[23:00:50] [Server thread/WARN]: maxcr1 moved too quickly! 10.56798710708432,-1.0,-2.0489482760443423
[23:00:50] [Server thread/WARN]: maxcr1 moved too quickly! 10.320479455597194,-1.0,-1.9738137030027758
[23:00:50] [Server thread/WARN]: maxcr1 moved too quickly! 10.320479455597194,-1.0,-1.9738137030027758
[23:00:50] [Server thread/WARN]: Can't keep up! Is the server overloaded? Running 5014ms or 100 ticks behind
[23:08:55] [Server thread/INFO]: maxcr1 has made the advancement [Cover Me With Diamonds]
[23:13:55] [Async Chat Thread - #11/INFO]: <maxcr1> globe[m
[23:21:21] [Server thread/INFO]: aja2000 lost connection: Disconnected
[23:21:21] [Server thread/INFO]: aja2000 left the game
[23:32:12] [Server thread/INFO]: maxcr1 issued server command: /xp set maxcr1 10000 21
[23:32:18] [Server thread/INFO]: maxcr1 issued server command: /xp set maxcr1 21 levels
[23:32:18] [Server thread/INFO]: [maxcr1: Set 21 experience levels on maxcr1]
[23:32:34] [Server thread/INFO]: maxcr1 issued server command: /xp set maxcr1 18 levels
[23:32:34] [Server thread/INFO]: [maxcr1: Set 18 experience levels on maxcr1]
[23:33:41] [Server thread/INFO]: maxcr1 lost connection: Disconnected
[23:33:41] [Server thread/INFO]: maxcr1 left the game
[23:50:33] [User Authenticator #30/INFO]: UUID of player tlins is cca4ccb0-1441-40e3-b874-7d0c023f7f91
[23:50:33] [Server thread/INFO]: tlins[/65.110.254.169:2161] logged in with entity id 196376 at ([world]-338.19994905506644, 64.0, 131.0294868893987)
