[00:01:55] [Server thread/INFO]: Strauberry_36 lost connection: Disconnected
[00:01:55] [Server thread/INFO]: Strauberry_36 left the game
[00:02:27] [Server thread/INFO]: aja2000 lost connection: Disconnected
[00:02:27] [Server thread/INFO]: aja2000 left the game
[00:05:43] [Server thread/INFO]: blazingalchemist lost connection: Disconnected
[00:05:43] [Server thread/INFO]: blazingalchemist left the game
[09:38:23] [User Authenticator #69/INFO]: UUID of player Toasty_boii is 36389ee7-4f17-404e-98f4-c5fabe15ab0f
[09:38:23] [Server thread/INFO]: Toasty_boii[/65.110.255.177:51961] logged in with entity id 941993 at (-190.56431457005513, 63.0, 133.1948503275566)
[09:38:23] [Server thread/INFO]: Toasty_boii joined the game
[09:45:29] [Server thread/INFO]: Toasty_boii lost connection: Disconnected
[09:45:29] [Server thread/INFO]: Toasty_boii left the game
[11:11:34] [User Authenticator #70/INFO]: UUID of player Toasty_boii is 36389ee7-4f17-404e-98f4-c5fabe15ab0f
[11:11:34] [Server thread/INFO]: Toasty_boii[/65.110.255.177:52208] logged in with entity id 951727 at (-187.74482724395097, 63.0, 142.1879002202822)
[11:11:34] [Server thread/INFO]: Toasty_boii joined the game
[11:17:38] [Server thread/INFO]: Toasty_boii lost connection: Disconnected
[11:17:38] [Server thread/INFO]: Toasty_boii left the game
[11:17:48] [User Authenticator #71/INFO]: UUID of player Toasty_boii is 36389ee7-4f17-404e-98f4-c5fabe15ab0f
[11:17:48] [Server thread/INFO]: Toasty_boii[/65.110.255.177:52211] logged in with entity id 962543 at (1227.724316426618, 75.0, -11.695515828684076)
[11:17:48] [Server thread/INFO]: Toasty_boii joined the game
[11:39:31] [Server thread/WARN]: Boat (vehicle of Toasty_boii) moved too quickly! 10.328464318892657,0.0,1.2166816858639393
[11:39:31] [Server thread/WARN]: Boat (vehicle of Toasty_boii) moved too quickly! 10.725713154574805,0.0,1.2634759905727648
[11:39:31] [Server thread/WARN]: Boat (vehicle of Toasty_boii) moved too quickly! 11.122961994810794,0.0,1.3102702702224747
[11:39:31] [Server thread/WARN]: Boat (vehicle of Toasty_boii) moved too quickly! 11.520210839144966,0.0,1.3570645273189754
[11:44:32] [Server thread/WARN]: Toasty_boii moved too quickly! 8.060934838927096,0.04353562014750878,6.200294678208024
[11:44:32] [Server thread/WARN]: Can't keep up! Is the server overloaded? Running 2246ms or 44 ticks behind
[11:47:06] [Server thread/WARN]: Horse (vehicle of Toasty_boii) moved too quickly! -9.182749489141315,1.0,-4.632374298114428
[11:47:06] [Server thread/WARN]: Horse (vehicle of Toasty_boii) moved too quickly! -9.557738995614272,1.0,-4.757621778960129
[11:47:52] [Server thread/INFO]: Toasty_boii lost connection: Disconnected
[11:47:52] [Server thread/INFO]: Toasty_boii left the game
[12:47:30] [User Authenticator #72/INFO]: UUID of player Toasty_boii is 36389ee7-4f17-404e-98f4-c5fabe15ab0f
[12:47:31] [Server thread/INFO]: Toasty_boii[/65.110.255.177:52606] logged in with entity id 1033681 at (7180.595647762641, 65.8500000178814, 1129.923855468179)
[12:47:31] [Server thread/INFO]: Toasty_boii joined the game
[12:49:35] [Server thread/WARN]: Horse (vehicle of Toasty_boii) moved too quickly! -9.165878396818698,1.0,4.161205127457833
[12:49:35] [Server thread/WARN]: Horse (vehicle of Toasty_boii) moved too quickly! -9.536268137292609,1.0,4.258442276913911
[12:49:35] [Server thread/WARN]: Horse (vehicle of Toasty_boii) moved too quickly! -9.914929768277034,2.0,4.339190941080233
[12:49:35] [Server thread/WARN]: Horse (vehicle of Toasty_boii) moved too quickly! -10.298017522950431,2.0,4.411116945512731
[12:49:35] [Server thread/WARN]: Horse (vehicle of Toasty_boii) moved too quickly! -10.683319665806266,2.0,4.479273362501772
[12:49:35] [Server thread/WARN]: Horse (vehicle of Toasty_boii) moved too quickly! -11.068210739378628,2.0,4.553865112881795
[12:49:35] [Server thread/WARN]: Horse (vehicle of Toasty_boii) moved too quickly! -11.451822952846669,2.0,4.636564521208129
[12:49:35] [Server thread/WARN]: Horse (vehicle of Toasty_boii) moved too quickly! -11.763162889251362,2.0,4.727780101813551
[12:49:35] [Server thread/WARN]: Horse (vehicle of Toasty_boii) moved too quickly! -11.763162889251362,2.0,4.824939468091316
[12:49:35] [Server thread/WARN]: Horse (vehicle of Toasty_boii) moved too quickly! -11.763162889251362,2.0,4.927118222052741
[12:49:35] [Server thread/WARN]: Horse (vehicle of Toasty_boii) moved too quickly! -11.763162889251362,2.0,5.035208617643775
[12:49:35] [Server thread/WARN]: Horse (vehicle of Toasty_boii) moved too quickly! -11.763162889251362,2.0,5.156881333663932
[12:49:35] [Server thread/WARN]: Horse (vehicle of Toasty_boii) moved too quickly! -11.763162889251362,2.0,5.29818163875575
[12:49:35] [Server thread/WARN]: Horse (vehicle of Toasty_boii) moved too quickly! -11.763162889251362,2.0,5.460273387989901
[12:49:35] [Server thread/WARN]: Horse (vehicle of Toasty_boii) moved too quickly! -11.921593123106504,2.0,5.638084063468568
[12:49:35] [Server thread/WARN]: Horse (vehicle of Toasty_boii) moved too quickly! -12.16455991651128,2.0,5.824715422476174
[12:49:35] [Server thread/WARN]: Horse (vehicle of Toasty_boii) moved too quickly! -12.452760537454196,2.0,6.016066553374685
[12:49:35] [Server thread/WARN]: Horse (vehicle of Toasty_boii) moved too quickly! -12.763162889251362,2.0,6.209943140109999
[12:49:35] [Server thread/WARN]: Horse (vehicle of Toasty_boii) moved too quickly! -12.763162889251362,2.0,6.404350828049928
[12:49:35] [Server thread/WARN]: Horse (vehicle of Toasty_boii) moved too quickly! -12.925268884901925,3.0,6.5927374058790065
[12:49:35] [Server thread/WARN]: Horse (vehicle of Toasty_boii) moved too quickly! -13.17477278390561,3.0,6.776625193096834
[12:49:35] [Server thread/WARN]: Horse (vehicle of Toasty_boii) moved too quickly! -13.471041558467732,3.0,6.958105767154848
[12:49:35] [Server thread/WARN]: Can't keep up! Is the server overloaded? Running 2788ms or 55 ticks behind
[12:49:35] [Server thread/WARN]: Horse moved wrongly!
[12:49:35] [Server thread/WARN]: Horse moved wrongly!
[12:53:00] [Server thread/WARN]: Horse moved wrongly!
[12:54:37] [Server thread/WARN]: Can't keep up! Is the server overloaded? Running 2301ms or 46 ticks behind
[12:59:40] [Server thread/WARN]: Toasty_boii moved too quickly! -5.9465185820236,-0.6260959635332739,-8.343463849931595
[12:59:40] [Server thread/WARN]: Can't keep up! Is the server overloaded? Running 2581ms or 51 ticks behind
[13:04:42] [Server thread/WARN]: Can't keep up! Is the server overloaded? Running 2164ms or 43 ticks behind
[13:07:30] [Server thread/INFO]: Toasty_boii lost connection: Disconnected
[13:07:30] [Server thread/INFO]: Toasty_boii left the game
[13:28:31] [User Authenticator #73/INFO]: UUID of player maxcr1 is 4d3fe67e-8b2d-43a4-883d-915e0aea2fd8
[13:28:31] [Server thread/INFO]: maxcr1[/127.0.0.1:54189] logged in with entity id 1063712 at (-333.41016752230337, 66.0, 121.13793785537113)
[13:28:31] [Server thread/INFO]: maxcr1 joined the game
[13:28:44] [Server thread/INFO]: maxcr1 lost connection: Disconnected
[13:28:44] [Server thread/INFO]: maxcr1 left the game
[13:40:18] [User Authenticator #74/INFO]: UUID of player Toasty_boii is 36389ee7-4f17-404e-98f4-c5fabe15ab0f
[13:40:18] [Server thread/INFO]: Toasty_boii[/65.110.255.177:50037] logged in with entity id 1064352 at (5193.570677645262, 63.0, 1572.419792050367)
[13:40:18] [Server thread/INFO]: Toasty_boii joined the game
[13:44:44] [Server thread/WARN]: Can't keep up! Is the server overloaded? Running 2214ms or 44 ticks behind
[13:49:46] [Server thread/WARN]: Can't keep up! Is the server overloaded? Running 2247ms or 44 ticks behind
[13:50:53] [Server thread/INFO]: Toasty_boii lost connection: Disconnected
[13:50:53] [Server thread/INFO]: Toasty_boii left the game
[13:56:30] [User Authenticator #75/INFO]: UUID of player Toasty_boii is 36389ee7-4f17-404e-98f4-c5fabe15ab0f
[13:56:30] [Server thread/INFO]: Toasty_boii[/65.110.255.177:50220] logged in with entity id 1073752 at (4358.156120091973, 63.0, 730.6756857457727)
[13:56:30] [Server thread/INFO]: Toasty_boii joined the game
[13:56:42] [Server thread/INFO]: Toasty_boii lost connection: Disconnected
[13:56:42] [Server thread/INFO]: Toasty_boii left the game
[13:57:04] [User Authenticator #76/INFO]: UUID of player Toasty_boii is 36389ee7-4f17-404e-98f4-c5fabe15ab0f
[13:57:04] [Server thread/INFO]: Toasty_boii[/65.110.255.177:50156] logged in with entity id 1074000 at (4357.911079626287, 62.0, 730.1619381615708)
[13:57:04] [Server thread/INFO]: Toasty_boii joined the game
[13:59:48] [Server thread/WARN]: Toasty_boii moved too quickly! -3.624512284616685,-1.252203340253729,-9.462234155457622
[14:00:42] [Server thread/INFO]: Toasty_boii lost connection: Disconnected
[14:00:42] [Server thread/INFO]: Toasty_boii left the game
[14:00:54] [User Authenticator #77/INFO]: UUID of player Toasty_boii is 36389ee7-4f17-404e-98f4-c5fabe15ab0f
[14:00:54] [Server thread/INFO]: Toasty_boii[/65.110.255.177:50172] logged in with entity id 1077732 at (3988.3678426520914, 63.0, 257.4646238448156)
[14:00:54] [Server thread/INFO]: Toasty_boii joined the game
[14:04:03] [User Authenticator #78/INFO]: UUID of player maxcr1 is 4d3fe67e-8b2d-43a4-883d-915e0aea2fd8
[14:04:03] [Server thread/INFO]: maxcr1[/127.0.0.1:54414] logged in with entity id 1083896 at (-332.59773077964803, 66.0, 121.20287875526162)
[14:04:03] [Server thread/INFO]: maxcr1 joined the game
[14:04:15] [Server thread/INFO]: <Toasty_boii> hey dad
[14:04:17] [Server thread/INFO]: <maxcr1> hey son
[14:04:26] [Server thread/INFO]: <Toasty_boii> do you have any dadilions
[14:04:32] [Server thread/INFO]: <Toasty_boii> dandilions
[14:04:32] [Server thread/INFO]: <maxcr1> i might
[14:04:57] [Server thread/INFO]: <maxcr1> no
[14:05:01] [Server thread/INFO]: <Toasty_boii> :(
[14:06:32] [Server thread/WARN]: Toasty_boii moved too quickly! -5.772592499476559,0.6709083839322858,8.459025140129459
[14:09:48] [Server thread/WARN]: Toasty_boii moved too quickly! -10.125879882721847,-1.394293779396321,0.19112036482351868
[14:12:52] [Server thread/WARN]: Toasty_boii moved too quickly! -9.314331500770209,-1.0,-3.9190638913776112
[14:13:32] [Server thread/INFO]: Toasty_boii lost connection: Disconnected
[14:13:32] [Server thread/INFO]: Toasty_boii left the game
[14:15:00] [User Authenticator #79/INFO]: UUID of player Toasty_boii is 36389ee7-4f17-404e-98f4-c5fabe15ab0f
[14:15:00] [Server thread/INFO]: Toasty_boii[/65.110.255.177:50465] logged in with entity id 1103808 at (625.3437455907449, 64.0, 45.30000001192093)
[14:15:00] [Server thread/INFO]: Toasty_boii joined the game
[14:19:48] [Server thread/WARN]: Toasty_boii moved too quickly! 6.589651014688684,-1.4524514780759716,7.4601310583420855
[14:24:02] [Server thread/INFO]: maxcr1 lost connection: Disconnected
[14:24:02] [Server thread/INFO]: maxcr1 left the game
[14:27:24] [Server thread/INFO]: Toasty_boii lost connection: Disconnected
[14:27:24] [Server thread/INFO]: Toasty_boii left the game
[16:24:59] [User Authenticator #80/INFO]: UUID of player ClockworkGold is 99a0df9c-9246-45b9-9a60-d7c5888f7704
[16:24:59] [Server thread/INFO]: ClockworkGold[/98.166.107.185:52880] logged in with entity id 1123295 at (-511.3000000119208, 70.0, -6.652379835427416)
[16:24:59] [Server thread/INFO]: ClockworkGold joined the game
[16:48:59] [Server thread/INFO]: ClockworkGold lost connection: Disconnected
[16:48:59] [Server thread/INFO]: ClockworkGold left the game
[18:25:58] [User Authenticator #81/INFO]: UUID of player LoeJins7777777 is a2866b7e-2c5e-495f-b42e-517b6a066d8e
[18:25:58] [Server thread/INFO]: LoeJins7777777[/65.110.254.169:2037] logged in with entity id 1138430 at (-323.2230191716548, 71.0, 38.31673290678543)
[18:25:58] [Server thread/INFO]: LoeJins7777777 joined the game
[18:27:09] [Server thread/INFO]: LoeJins7777777 lost connection: Disconnected
[18:27:09] [Server thread/INFO]: LoeJins7777777 left the game
[21:41:50] [User Authenticator #82/INFO]: UUID of player Strauberry_36 is 708c8d22-9af1-4ff4-a967-a4211d525576
[21:41:51] [Server thread/INFO]: Strauberry_36[/97.116.85.78:49973] logged in with entity id 1139375 at (-87.3925318781189, 21.0, 203.6431846980091)
[21:41:51] [Server thread/INFO]: Strauberry_36 joined the game
[21:43:42] [User Authenticator #83/INFO]: UUID of player LoeJins7777777 is a2866b7e-2c5e-495f-b42e-517b6a066d8e
[21:43:42] [Server thread/INFO]: LoeJins7777777[/65.110.254.169:3862] logged in with entity id 1140561 at (-345.40410661974767, 70.0, 148.1133451010477)
[21:43:42] [Server thread/INFO]: LoeJins7777777 joined the game
[21:44:10] [User Authenticator #84/INFO]: UUID of player ClockworkGold is 99a0df9c-9246-45b9-9a60-d7c5888f7704
[21:44:10] [Server thread/INFO]: ClockworkGold[/98.166.107.185:54802] logged in with entity id 1141718 at (-511.30000001192093, 70.0, -6.332920948768757)
[21:44:10] [Server thread/INFO]: ClockworkGold joined the game
[21:45:18] [Server thread/INFO]: LoeJins7777777 lost connection: Disconnected
[21:45:18] [Server thread/INFO]: LoeJins7777777 left the game
[21:45:55] [User Authenticator #85/INFO]: UUID of player LoeJins7777777 is a2866b7e-2c5e-495f-b42e-517b6a066d8e
[21:45:55] [Server thread/INFO]: LoeJins7777777[/65.110.254.169:3918] logged in with entity id 1145839 at (-356.1899323740416, 69.0, 59.3429450232203)
[21:45:55] [Server thread/INFO]: LoeJins7777777 joined the game
[21:48:17] [User Authenticator #86/INFO]: UUID of player StaZs is 36d50d05-f7a2-4ff1-b9a8-5be5466bf4ab
[21:48:17] [Server thread/INFO]: StaZs[/76.164.59.179:51030] logged in with entity id 1149661 at (-231.5, 68.0, 126.5)
[21:48:17] [Server thread/INFO]: StaZs joined the game
[21:48:50] [Server thread/INFO]: ClockworkGold has made the advancement [Sweet Dreams]
[21:52:19] [Server thread/INFO]: StaZs lost connection: Disconnected
[21:52:19] [Server thread/INFO]: StaZs left the game
[21:52:21] [Server thread/INFO]: LoeJins7777777 lost connection: Disconnected
[21:52:21] [Server thread/INFO]: LoeJins7777777 left the game
[21:52:22] [Server thread/INFO]: ClockworkGold lost connection: Disconnected
[21:52:22] [Server thread/INFO]: ClockworkGold left the game
[21:52:58] [User Authenticator #87/INFO]: UUID of player LoeJins7777777 is a2866b7e-2c5e-495f-b42e-517b6a066d8e
[21:52:59] [Server thread/INFO]: LoeJins7777777[/65.110.254.169:3937] logged in with entity id 1154101 at (-318.58508683462736, 65.099641421027, 114.24244770471887)
[21:52:59] [Server thread/INFO]: LoeJins7777777 joined the game
[21:53:03] [Server thread/INFO]: LoeJins7777777 lost connection: Disconnected
[21:53:03] [Server thread/INFO]: LoeJins7777777 left the game
[21:53:14] [User Authenticator #88/INFO]: UUID of player LoeJins7777777 is a2866b7e-2c5e-495f-b42e-517b6a066d8e
[21:53:14] [Server thread/INFO]: LoeJins7777777[/65.110.254.169:3940] logged in with entity id 1154675 at (-321.69999998807907, 65.79673560066871, 109.90405607348362)
[21:53:14] [Server thread/INFO]: LoeJins7777777 joined the game
[21:53:23] [User Authenticator #89/INFO]: UUID of player ClockworkGold is 99a0df9c-9246-45b9-9a60-d7c5888f7704
[21:53:23] [Server thread/INFO]: ClockworkGold[/98.166.107.185:54815] logged in with entity id 1155374 at (-309.4823497685253, 64.5625, 133.1913441634611)
[21:53:23] [Server thread/INFO]: ClockworkGold joined the game
[21:53:38] [User Authenticator #90/INFO]: UUID of player StaZs is 36d50d05-f7a2-4ff1-b9a8-5be5466bf4ab
[21:53:38] [Server thread/INFO]: StaZs[/76.164.59.179:51055] logged in with entity id 1155584 at (-349.60986356872206, 64.0, 45.75248966700117)
[21:53:38] [Server thread/INFO]: StaZs joined the game
[21:54:49] [Server thread/INFO]: Strauberry_36 was shot by Skeleton
[22:06:05] [Server thread/INFO]: StaZs lost connection: Disconnected
[22:06:05] [Server thread/INFO]: StaZs left the game
[22:06:58] [User Authenticator #91/INFO]: UUID of player StaZs is 36d50d05-f7a2-4ff1-b9a8-5be5466bf4ab
[22:06:58] [Server thread/INFO]: StaZs[/76.164.59.179:51095] logged in with entity id 1181502 at (-271.47605651247784, 63.0, 137.23525762665736)
[22:06:58] [Server thread/INFO]: StaZs joined the game
[22:11:45] [Server thread/INFO]: ClockworkGold lost connection: Disconnected
[22:11:45] [Server thread/INFO]: ClockworkGold left the game
[22:12:48] [Server thread/INFO]: StaZs has made the advancement [Monster Hunter]
[22:13:33] [Server thread/INFO]: StaZs has made the advancement [Stone Age]
[22:14:17] [Server thread/INFO]: StaZs was slain by Husk
[22:14:48] [User Authenticator #92/INFO]: UUID of player aja2000 is 98f76cb4-800d-4cb2-8b15-7d0a03914d70
[22:14:48] [Server thread/INFO]: aja2000[/65.128.70.233:50494] logged in with entity id 1191935 at (-332.0590848302066, 64.0, 64.08765860234546)
[22:14:48] [Server thread/INFO]: aja2000 joined the game
[22:15:44] [User Authenticator #93/INFO]: UUID of player ClockworkGold is 99a0df9c-9246-45b9-9a60-d7c5888f7704
[22:15:45] [Server thread/INFO]: ClockworkGold[/98.166.107.185:55052] logged in with entity id 1193464 at (-64.6999999880791, 86.0, 29.22801918722414)
[22:15:45] [Server thread/INFO]: ClockworkGold joined the game
[22:22:10] [Server thread/INFO]: StaZs has made the advancement [Getting an Upgrade]
[22:31:15] [Server thread/INFO]: <LoeJins7777777> queepa
[22:34:48] [Server thread/WARN]: LoeJins7777777 moved too quickly! -1.8929561098707381,0.756759288177264,-9.98937783890409
[22:34:51] [Server thread/WARN]: Can't keep up! Is the server overloaded? Running 2018ms or 40 ticks behind
[22:35:12] [User Authenticator #94/INFO]: UUID of player maxcr1 is 4d3fe67e-8b2d-43a4-883d-915e0aea2fd8
[22:35:13] [Server thread/INFO]: maxcr1[/127.0.0.1:55982] logged in with entity id 1234205 at (-451.0658986984939, 24.0, 133.20874517640152)
[22:35:13] [Server thread/INFO]: maxcr1 joined the game
[22:35:33] [Server thread/INFO]: StaZs has made the advancement [Acquire Hardware]
[22:35:40] [Server thread/INFO]: StaZs has made the advancement [Isn't It Iron Pick]
[22:38:14] [Server thread/WARN]: Fetching addPacket for removed entity
[22:41:46] [Server thread/INFO]: maxcr1 was blown up by Creeper
[22:43:28] [Server thread/INFO]: maxcr1 was shot by Skeleton
[22:44:56] [Server thread/INFO]: maxcr1 went up in flames
[22:48:37] [Server thread/INFO]: LoeJins7777777 lost connection: Disconnected
[22:48:37] [Server thread/INFO]: LoeJins7777777 left the game
[22:48:53] [Server thread/INFO]: ClockworkGold lost connection: Disconnected
[22:48:53] [Server thread/INFO]: ClockworkGold left the game
[22:48:57] [Server thread/INFO]: aja2000 lost connection: Disconnected
[22:48:57] [Server thread/INFO]: aja2000 left the game
[22:48:59] [Server thread/INFO]: maxcr1 was blown up by Creeper
[22:49:28] [User Authenticator #95/INFO]: UUID of player LoeJins7777777 is a2866b7e-2c5e-495f-b42e-517b6a066d8e
[22:49:28] [Server thread/INFO]: LoeJins7777777[/65.110.254.169:4155] logged in with entity id 1272969 at (-63.99509452702085, 73.0, 0.24173703904405186)
[22:49:28] [Server thread/INFO]: LoeJins7777777 joined the game
[22:49:50] [Server thread/WARN]: LoeJins7777777 moved too quickly! 5.538028556575398,-0.45546773958501774,8.478015863083204
[22:53:08] [User Authenticator #96/INFO]: UUID of player blazingalchemist is e326b185-d5de-4b69-a8a4-2fac29e5f71d
[22:53:09] [Server thread/INFO]: blazingalchemist[/70.97.238.185:50542] logged in with entity id 1279064 at (-256.0416005256486, 64.0, 165.07941922075423)
[22:53:09] [Server thread/INFO]: blazingalchemist joined the game
[22:58:34] [Server thread/INFO]: LoeJins7777777 lost connection: Disconnected
[22:58:34] [Server thread/INFO]: LoeJins7777777 left the game
[23:02:45] [Server thread/INFO]: maxcr1 lost connection: Disconnected
[23:02:45] [Server thread/INFO]: maxcr1 left the game
[23:07:41] [Server thread/INFO]: Strauberry_36 lost connection: Disconnected
[23:07:41] [Server thread/INFO]: Strauberry_36 left the game
[23:18:50] [Server thread/INFO]: StaZs lost connection: Disconnected
[23:18:50] [Server thread/INFO]: StaZs left the game
[23:38:29] [Server thread/INFO]: blazingalchemist has made the advancement [The Parrots and the Bats]
[23:40:44] [Server thread/INFO]: blazingalchemist has made the advancement [Enchanter]
[23:43:39] [Server thread/INFO]: blazingalchemist has made the advancement [Diamonds!]
[23:52:05] [Server thread/INFO]: blazingalchemist lost connection: Disconnected
[23:52:05] [Server thread/INFO]: blazingalchemist left the game
