[11:07:47] [User Authenticator #2/INFO]: UUID of player aja2000 is 98f76cb4-800d-4cb2-8b15-7d0a03914d70
[11:07:47] [Server thread/INFO]: aja2000[/65.128.70.57:52375] logged in with entity id 52098 at (-329.3892829759933, 68.0, 123.70081733801362)
[11:07:47] [Server thread/INFO]: aja2000 joined the game
[11:12:45] [Server thread/INFO]: aja2000 was blown up by Creeper
[12:32:54] [Server thread/WARN]: Fetching addPacket for removed entity
[13:24:46] [Server thread/INFO]: aja2000 lost connection: Disconnected
[13:24:46] [Server thread/INFO]: aja2000 left the game
[14:59:40] [User Authenticator #3/INFO]: UUID of player blazingalchemist is e326b185-d5de-4b69-a8a4-2fac29e5f71d
[14:59:40] [Server thread/INFO]: blazingalchemist[/70.97.238.185:52369] logged in with entity id 188606 at (-208.34594679589517, 64.0, 70.33472088558948)
[14:59:40] [Server thread/INFO]: blazingalchemist joined the game
[15:45:13] [Server thread/INFO]: blazingalchemist lost connection: Disconnected
[15:45:13] [Server thread/INFO]: blazingalchemist left the game
[15:56:59] [User Authenticator #4/INFO]: UUID of player blazingalchemist is e326b185-d5de-4b69-a8a4-2fac29e5f71d
[15:56:59] [Server thread/INFO]: blazingalchemist[/70.97.238.185:55272] logged in with entity id 230147 at (-282.2507267848832, 63.0, 129.20298409423816)
[15:56:59] [Server thread/INFO]: blazingalchemist joined the game
[16:07:26] [Server thread/INFO]: blazingalchemist lost connection: Disconnected
[16:07:26] [Server thread/INFO]: blazingalchemist left the game
[16:18:59] [User Authenticator #5/INFO]: UUID of player aja2000 is 98f76cb4-800d-4cb2-8b15-7d0a03914d70
[16:18:59] [Server thread/INFO]: aja2000[/65.128.70.57:54532] logged in with entity id 243495 at (-322.2975683035849, 64.0, 48.20693274988176)
[16:18:59] [Server thread/INFO]: aja2000 joined the game
[16:28:50] [Server thread/INFO]: aja2000 lost connection: Disconnected
[16:28:50] [Server thread/INFO]: aja2000 left the game
[16:43:51] [User Authenticator #6/INFO]: UUID of player Toasty_boii is 36389ee7-4f17-404e-98f4-c5fabe15ab0f
[16:43:51] [Server thread/INFO]: Toasty_boii[/65.110.255.177:64944] logged in with entity id 259957 at (-196.08822330677242, 63.0, 114.87773929206958)
[16:43:51] [Server thread/INFO]: Toasty_boii joined the game
[16:49:11] [Server thread/INFO]: Toasty_boii lost connection: Disconnected
[16:49:11] [Server thread/INFO]: Toasty_boii left the game
[16:52:57] [Server thread/INFO]: com.mojang.authlib.GameProfile@4be75e1c[id=<null>,name=maxcr1,properties={},legacy=false] (/127.0.0.1:57309) lost connection: Disconnected
[16:53:28] [User Authenticator #7/INFO]: UUID of player maxcr1 is 4d3fe67e-8b2d-43a4-883d-915e0aea2fd8
[16:53:28] [Server thread/INFO]: maxcr1[/127.0.0.1:57370] logged in with entity id 264035 at (-337.98942575361065, 64.0, 135.71358309326894)
[16:53:28] [Server thread/INFO]: maxcr1 joined the game
[16:53:58] [Server thread/INFO]: [maxcr1] How the FUCK did all these chickens get in my house
[16:56:06] [User Authenticator #8/INFO]: UUID of player aja2000 is 98f76cb4-800d-4cb2-8b15-7d0a03914d70
[16:56:06] [Server thread/INFO]: aja2000[/65.128.70.57:54802] logged in with entity id 266451 at (-329.5792773840803, 63.0, 26.926657647691506)
[16:56:06] [Server thread/INFO]: aja2000 joined the game
[16:56:08] [Server thread/INFO]: <maxcr1> hey
[16:56:14] [Server thread/INFO]: <aja2000> wassup
[16:56:16] [Server thread/INFO]: <maxcr1> Discord?
[16:56:25] [Server thread/INFO]: <aja2000> one sex
[16:56:36] [Server thread/INFO]: aja2000 lost connection: Disconnected
[16:56:36] [Server thread/INFO]: aja2000 left the game
[16:57:09] [User Authenticator #9/INFO]: UUID of player aja2000 is 98f76cb4-800d-4cb2-8b15-7d0a03914d70
[16:57:09] [Server thread/INFO]: aja2000[/65.128.70.57:54810] logged in with entity id 267805 at (-327.2733277974965, 64.0, 65.08062449391801)
[16:57:09] [Server thread/INFO]: aja2000 joined the game
[16:57:17] [Server thread/INFO]: <aja2000> ok im uin
[16:59:32] [Server thread/WARN]: Fetching addPacket for removed entity
[17:07:56] [Server thread/INFO]: <maxcr1> -329 130
[17:40:48] [Server thread/INFO]: aja2000 lost connection: Disconnected
[17:40:48] [Server thread/INFO]: aja2000 left the game
[17:44:58] [Server thread/INFO]: maxcr1 was blown up by Creeper
[17:45:56] [User Authenticator #10/INFO]: UUID of player LoeJins7777777 is a2866b7e-2c5e-495f-b42e-517b6a066d8e
[17:45:56] [Server thread/INFO]: LoeJins7777777[/129.186.252.215:1909] logged in with entity id 331370 at (-323.6069533869493, 63.875, 76.20402421920221)
[17:45:56] [Server thread/INFO]: LoeJins7777777 joined the game
[17:54:25] [User Authenticator #11/INFO]: UUID of player aja2000 is 98f76cb4-800d-4cb2-8b15-7d0a03914d70
[17:54:25] [Server thread/INFO]: aja2000[/65.128.70.57:55074] logged in with entity id 343044 at (-331.789834683858, 63.875, 24.609306396422816)
[17:54:25] [Server thread/INFO]: aja2000 joined the game
[17:56:49] [Server thread/INFO]: LoeJins7777777 lost connection: Disconnected
[17:56:49] [Server thread/INFO]: LoeJins7777777 left the game
[18:00:39] [User Authenticator #12/INFO]: UUID of player LoeJins7777777 is a2866b7e-2c5e-495f-b42e-517b6a066d8e
[18:00:39] [Server thread/INFO]: LoeJins7777777[/129.186.252.215:2050] logged in with entity id 355309 at (-335.72119292204405, 64.0, 130.2607506802544)
[18:00:39] [Server thread/INFO]: LoeJins7777777 joined the game
[18:03:07] [Server thread/INFO]: maxcr1 was killed by Witch using magic
[18:04:09] [Server thread/INFO]: maxcr1 was blown up by Creeper
[18:06:47] [Server thread/INFO]: [maxcr1: Set own game mode to Creative Mode]
[18:11:06] [Server thread/INFO]: aja2000 lost connection: Disconnected
[18:11:06] [Server thread/INFO]: aja2000 left the game
[18:11:38] [Server thread/INFO]: maxcr1 lost connection: Disconnected
[18:11:38] [Server thread/INFO]: maxcr1 left the game
[18:12:20] [User Authenticator #13/INFO]: UUID of player aja2000 is 98f76cb4-800d-4cb2-8b15-7d0a03914d70
[18:12:20] [Server thread/INFO]: aja2000[/65.128.70.57:55144] logged in with entity id 371595 at (-322.1983593550539, 64.0, 54.138861146251074)
[18:12:20] [Server thread/INFO]: aja2000 joined the game
[18:19:41] [User Authenticator #14/INFO]: UUID of player blazingalchemist is e326b185-d5de-4b69-a8a4-2fac29e5f71d
[18:19:41] [Server thread/INFO]: blazingalchemist[/70.97.238.185:62701] logged in with entity id 378318 at (-274.61906961957305, 64.0, 79.02169952663078)
[18:19:41] [Server thread/INFO]: blazingalchemist joined the game
[18:20:31] [User Authenticator #15/INFO]: UUID of player maxcr1 is 4d3fe67e-8b2d-43a4-883d-915e0aea2fd8
[18:20:31] [Server thread/INFO]: maxcr1[/127.0.0.1:57877] logged in with entity id 380168 at (-362.0665496877205, 44.0, 55.479699055312345)
[18:20:31] [Server thread/INFO]: maxcr1 joined the game
[18:22:11] [Server thread/INFO]: [maxcr1: Set own game mode to Survival Mode]
[18:31:08] [Server thread/INFO]: [maxcr1: Gamerule randomTickSpeed is now set to: 200]
[18:31:29] [Server thread/INFO]: [maxcr1: Gamerule randomTickSpeed is now set to: 12]
[18:32:24] [Server thread/INFO]: [maxcr1: Gamerule randomTickSpeed is now set to: 200]
[18:34:04] [Server thread/INFO]: [maxcr1: Gamerule randomTickSpeed is now set to: 12]
[18:45:39] [Server thread/INFO]: [maxcr1: Gamerule randomTickSpeed is now set to: 2000]
[18:45:42] [Server thread/WARN]: Can't keep up! Is the server overloaded? Running 2044ms or 40 ticks behind
[18:46:17] [Server thread/WARN]: Can't keep up! Is the server overloaded? Running 20329ms or 406 ticks behind
[18:46:28] [Server thread/INFO]: aja2000 lost connection: Disconnected
[18:46:28] [Server thread/INFO]: aja2000 left the game
[18:46:54] [Server thread/WARN]: Can't keep up! Is the server overloaded? Running 22488ms or 449 ticks behind
[18:46:59] [Server thread/INFO]: [maxcr1: Gamerule randomTickSpeed is now set to: 2]
[18:47:47] [Server thread/INFO]: [maxcr1: Gamerule randomTickSpeed is now set to: 200]
[18:48:17] [Server thread/INFO]: [maxcr1: Gamerule randomTickSpeed is now set to: 12]
[18:52:13] [User Authenticator #16/INFO]: UUID of player aja2000 is 98f76cb4-800d-4cb2-8b15-7d0a03914d70
[18:52:13] [Server thread/INFO]: aja2000[/65.128.70.57:55266] logged in with entity id 422948 at (-345.3090107499377, 64.0, 38.436663866192276)
[18:52:13] [Server thread/INFO]: aja2000 joined the game
[18:54:05] [Server thread/INFO]: blazingalchemist was blown up by Creeper
[18:56:09] [Server thread/INFO]: <maxcr1> hats?
[18:56:10] [Server thread/INFO]: <maxcr1> no
[18:56:37] [Server thread/WARN]: Fetching addPacket for removed entity
[18:56:37] [Server thread/WARN]: Fetching addPacket for removed entity
[18:56:37] [Server thread/WARN]: Can't keep up! Is the server overloaded? Running 2997ms or 59 ticks behind
[19:01:29] [Server thread/WARN]: Can't keep up! Is the server overloaded? Running 2289ms or 45 ticks behind
[19:01:51] [Server thread/INFO]: blazingalchemist lost connection: Disconnected
[19:01:51] [Server thread/INFO]: blazingalchemist left the game
[19:05:44] [Server thread/INFO]: aja2000 was slain by Wither Skeleton
[19:05:44] [Server thread/INFO]: maxcr1 tried to swim in lava
[19:06:30] [Server thread/WARN]: Can't keep up! Is the server overloaded? Running 2860ms or 57 ticks behind
[19:09:00] [Server thread/INFO]: aja2000 tried to swim in lava
[19:09:50] [Server thread/WARN]: LoeJins7777777 moved too quickly! 4.13801535820437,1.2277792520400368,-9.244734231307433
[19:09:50] [Server thread/WARN]: Can't keep up! Is the server overloaded? Running 2131ms or 42 ticks behind
[19:10:45] [Server thread/WARN]: aja2000 moved too quickly! 7.5750231948401705,1.2491870787446828,-6.623606780587252
[19:11:36] [Server thread/WARN]: maxcr1 moved too quickly! 9.051478546696899,-2.966368041641239,3.376559334717143
[19:11:36] [Server thread/WARN]: Can't keep up! Is the server overloaded? Running 2092ms or 41 ticks behind
[19:14:15] [Server thread/INFO]: aja2000 withered away whilst fighting Wither Skeleton
[19:15:15] [Server thread/WARN]: LoeJins7777777 moved too quickly! 7.627784491444913,-2.268476202412984,6.110400256929864
[19:15:15] [Server thread/WARN]: maxcr1 moved too quickly! -9.659826636684215,-3.4073954023649407,-0.06507473686130538
[19:15:15] [Server thread/WARN]: maxcr1 moved too quickly! -9.472865027011267,-3.4073954023649407,-0.06639907317972416
[19:15:15] [Server thread/WARN]: Can't keep up! Is the server overloaded? Running 2908ms or 58 ticks behind
[19:16:41] [Server thread/WARN]: aja2000 moved too quickly! -0.30141884592919155,0.2046003784434305,-10.223065200257693
[19:16:41] [Server thread/WARN]: Can't keep up! Is the server overloaded? Running 2143ms or 42 ticks behind
[19:17:35] [Server thread/INFO]: aja2000 withered away
[19:20:38] [Server thread/WARN]: aja2000 moved too quickly! -7.603300134697179,5.252203340253729,-4.130120131135627
[19:20:38] [Server thread/WARN]: Can't keep up! Is the server overloaded? Running 2837ms or 56 ticks behind
[19:24:40] [Server thread/INFO]: aja2000 lost connection: Disconnected
[19:24:40] [Server thread/INFO]: aja2000 left the game
[19:25:07] [Server thread/INFO]: maxcr1 was slain by Enderman
[19:26:46] [Server thread/WARN]: Can't keep up! Is the server overloaded? Running 2061ms or 41 ticks behind
[19:29:35] [Server thread/INFO]: maxcr1 was blown up by Creeper
[19:36:10] [Server thread/WARN]: Fetching addPacket for removed entity
[19:45:08] [Server thread/INFO]: maxcr1 was shot by Skeleton
[19:53:28] [Server thread/INFO]: com.mojang.authlib.GameProfile@71b0ed10[id=<null>,name=blazingalchemist,properties={},legacy=false] (/70.97.238.185:50646) lost connection: Disconnected
[19:53:31] [Server thread/INFO]: com.mojang.authlib.GameProfile@7e1cb1b5[id=<null>,name=blazingalchemist,properties={},legacy=false] (/70.97.238.185:50651) lost connection: Disconnected
[19:53:31] [Server thread/INFO]: maxcr1 lost connection: Disconnected
[19:53:31] [Server thread/INFO]: maxcr1 left the game
[19:53:38] [Server thread/INFO]: com.mojang.authlib.GameProfile@48dd0e90[id=<null>,name=blazingalchemist,properties={},legacy=false] (/70.97.238.185:50665) lost connection: Disconnected
[19:56:31] [User Authenticator #17/INFO]: UUID of player blazingalchemist is e326b185-d5de-4b69-a8a4-2fac29e5f71d
[19:56:31] [Server thread/INFO]: blazingalchemist[/70.97.238.185:50846] logged in with entity id 520984 at (-252.88531794951192, 23.0, 173.7535251212213)
[19:56:31] [Server thread/INFO]: blazingalchemist joined the game
[19:58:44] [Server thread/INFO]: blazingalchemist lost connection: Disconnected
[19:58:44] [Server thread/INFO]: blazingalchemist left the game
[19:59:34] [Server thread/WARN]: Fetching addPacket for removed entity
[20:23:05] [Server thread/INFO]: LoeJins7777777 lost connection: Disconnected
[20:23:05] [Server thread/INFO]: LoeJins7777777 left the game
[20:25:58] [User Authenticator #18/INFO]: UUID of player Toasty_boii is 36389ee7-4f17-404e-98f4-c5fabe15ab0f
[20:25:58] [Server thread/INFO]: Toasty_boii[/65.110.255.177:49195] logged in with entity id 560043 at (-199.69999998807907, 56.0, 125.69999998807907)
[20:25:58] [Server thread/INFO]: Toasty_boii joined the game
[20:32:31] [Server thread/INFO]: Toasty_boii was blown up by Creeper
[20:40:48] [User Authenticator #19/INFO]: UUID of player LoeJins7777777 is a2866b7e-2c5e-495f-b42e-517b6a066d8e
[20:40:48] [Server thread/INFO]: LoeJins7777777[/129.186.252.215:3098] logged in with entity id 610016 at (-338.41251499817145, 64.0, 130.6105051860158)
[20:40:48] [Server thread/INFO]: LoeJins7777777 joined the game
[20:41:05] [Server thread/INFO]: LoeJins7777777 lost connection: Disconnected
[20:41:05] [Server thread/INFO]: LoeJins7777777 left the game
[20:43:34] [User Authenticator #20/INFO]: UUID of player tlins is cca4ccb0-1441-40e3-b874-7d0c023f7f91
[20:43:34] [Server thread/INFO]: tlins[/129.186.252.215:3192] logged in with entity id 619087 at (-249.5, 67.0, 119.5)
[20:43:34] [Server thread/INFO]: tlins joined the game
[20:43:49] [Server thread/WARN]: Fetching addPacket for removed entity
[20:44:08] [Server thread/INFO]: tlins lost connection: Disconnected
[20:44:08] [Server thread/INFO]: tlins left the game
[20:45:54] [User Authenticator #21/INFO]: UUID of player tlins is cca4ccb0-1441-40e3-b874-7d0c023f7f91
[20:45:54] [Server thread/INFO]: tlins[/129.186.252.215:3309] logged in with entity id 622849 at (-338.05770025150315, 64.0, 129.79319422398913)
[20:45:54] [Server thread/INFO]: tlins joined the game
[20:46:30] [Server thread/INFO]: tlins has made the advancement [Isn't It Iron Pick]
[20:46:30] [Server thread/INFO]: tlins has made the advancement [Suit Up]
[20:49:06] [Server thread/INFO]: tlins has made the advancement [Monster Hunter]
[20:49:32] [Server thread/INFO]: tlins has made the advancement [Stone Age]
[20:50:13] [Server thread/INFO]: tlins has made the advancement [Not Today, Thank You]
[20:51:31] [Server thread/INFO]: Toasty_boii has completed the challenge [Sniper Duel]
[20:54:47] [User Authenticator #22/INFO]: UUID of player aja2000 is 98f76cb4-800d-4cb2-8b15-7d0a03914d70
[20:54:47] [Server thread/INFO]: aja2000[/65.128.70.57:49896] logged in with entity id 638767 at (207.73917686153203, 64.0, -53.53249305924401)
[20:54:47] [Server thread/INFO]: aja2000 joined the game
[20:56:48] [Server thread/WARN]: Can't keep up! Is the server overloaded? Running 2311ms or 46 ticks behind
[21:00:18] [Server thread/INFO]: tlins has made the advancement [We Need to Go Deeper]
[21:01:51] [Server thread/WARN]: tlins moved too quickly! -10.034341996581801,-0.7539862017387691,-1.5800392882256062
[21:01:51] [Server thread/WARN]: aja2000 moved too quickly! -9.457896090865045,-1.044812420399019,-3.985328667748824
[21:01:51] [Server thread/WARN]: Can't keep up! Is the server overloaded? Running 2472ms or 49 ticks behind
[21:03:37] [Server thread/INFO]: tlins lost connection: Disconnected
[21:03:37] [Server thread/INFO]: tlins left the game
[21:04:44] [User Authenticator #23/INFO]: UUID of player LoeJins7777777 is a2866b7e-2c5e-495f-b42e-517b6a066d8e
[21:04:44] [Server thread/INFO]: LoeJins7777777[/129.186.252.215:3463] logged in with entity id 675281 at (-336.99197602113964, 64.0, 133.84716986613176)
[21:04:44] [Server thread/INFO]: LoeJins7777777 joined the game
[21:04:46] [Server thread/INFO]: Toasty_boii lost connection: Disconnected
[21:04:46] [Server thread/INFO]: Toasty_boii left the game
[21:05:25] [Server thread/INFO]: LoeJins7777777 lost connection: Disconnected
[21:05:25] [Server thread/INFO]: LoeJins7777777 left the game
[21:06:12] [User Authenticator #24/INFO]: UUID of player tlins is cca4ccb0-1441-40e3-b874-7d0c023f7f91
[21:06:12] [Server thread/INFO]: tlins[/129.186.252.215:3527] logged in with entity id 678509 at (-334.22979578443625, 64.0, 136.4631209866859)
[21:06:12] [Server thread/INFO]: tlins joined the game
[21:06:16] [Server thread/INFO]: aja2000 was slain by Enderman
[21:09:12] [Server thread/INFO]: tlins has made the advancement [Ol' Betsy]
[21:10:43] [Server thread/WARN]: Can't keep up! Is the server overloaded? Running 2343ms or 46 ticks behind
[21:11:31] [Server thread/INFO]: tlins has made the advancement [Take Aim]
[21:12:15] [Server thread/INFO]: tlins has made the advancement [Enchanter]
[21:12:19] [User Authenticator #25/INFO]: UUID of player blazingalchemist is e326b185-d5de-4b69-a8a4-2fac29e5f71d
[21:12:19] [Server thread/INFO]: blazingalchemist[/70.97.238.185:54627] logged in with entity id 685159 at (-243.52481836424494, 24.0, 168.33742652281026)
[21:12:19] [Server thread/INFO]: blazingalchemist joined the game
[21:21:05] [User Authenticator #26/INFO]: UUID of player maxcr1 is 4d3fe67e-8b2d-43a4-883d-915e0aea2fd8
[21:21:05] [Server thread/INFO]: maxcr1[/127.0.0.1:58884] logged in with entity id 704131 at (-422.82328092325747, 20.0, 148.90592950515475)
[21:21:05] [Server thread/INFO]: maxcr1 joined the game
[21:29:20] [Server thread/INFO]: tlins was blown up by Creeper
[21:29:46] [User Authenticator #27/INFO]: UUID of player Toasty_boii is 36389ee7-4f17-404e-98f4-c5fabe15ab0f
[21:29:46] [Server thread/INFO]: Toasty_boii[/65.110.255.177:64096] logged in with entity id 719093 at (-206.30000001192093, 55.0, 129.69999998807907)
[21:29:46] [Server thread/INFO]: Toasty_boii joined the game
[21:31:40] [Server thread/INFO]: aja2000 was blown up by Creeper
[21:31:54] [Server thread/WARN]: aja2000 moved too quickly! 10.046775728116529,0.9893499858739716,1.526212575137997
[21:34:47] [Server thread/INFO]: aja2000 burned to death
[21:35:42] [Server thread/INFO]: tlins has made the advancement [Acquire Hardware]
[21:39:05] [Server thread/INFO]: Toasty_boii lost connection: Disconnected
[21:39:05] [Server thread/INFO]: Toasty_boii left the game
[21:39:08] [Server thread/INFO]: aja2000 lost connection: Disconnected
[21:39:08] [Server thread/INFO]: aja2000 left the game
[21:40:07] [Server thread/INFO]: maxcr1 was blown up by Creeper
[21:40:13] [Server thread/INFO]: tlins has made the advancement [The Parrots and the Bats]
[21:44:56] [Server thread/INFO]: [maxcr1: Set own game mode to Creative Mode]
[21:45:22] [Server thread/INFO]: [maxcr1: Set own game mode to Survival Mode]
[21:45:26] [Server thread/INFO]: [maxcr1: Set own game mode to Creative Mode]
[21:45:58] [Server thread/INFO]: [maxcr1: Set own game mode to Survival Mode]
[21:46:21] [Server thread/INFO]: [maxcr1: Set own game mode to Creative Mode]
[21:46:29] [Server thread/INFO]: [maxcr1: Set own game mode to Survival Mode]
[21:46:37] [Server thread/INFO]: maxcr1 was shot by Skeleton
[22:08:36] [Server thread/INFO]: maxcr1 lost connection: Disconnected
[22:08:36] [Server thread/INFO]: maxcr1 left the game
[22:21:16] [Server thread/INFO]: blazingalchemist lost connection: Disconnected
[22:21:16] [Server thread/INFO]: blazingalchemist left the game
[22:22:43] [User Authenticator #28/INFO]: UUID of player blazingalchemist is e326b185-d5de-4b69-a8a4-2fac29e5f71d
[22:22:43] [Server thread/INFO]: blazingalchemist[/70.97.238.185:57910] logged in with entity id 827315 at (-315.9289284102748, 18.0, 62.74790784194587)
[22:22:43] [Server thread/INFO]: blazingalchemist joined the game
[22:23:19] [User Authenticator #29/INFO]: UUID of player maxcr1 is 4d3fe67e-8b2d-43a4-883d-915e0aea2fd8
[22:23:19] [Server thread/INFO]: maxcr1[/127.0.0.1:59183] logged in with entity id 828392 at (-496.32626767361177, 54.0, 102.91168491472504)
[22:23:19] [Server thread/INFO]: maxcr1 joined the game
[22:27:08] [Server thread/INFO]: tlins has made the advancement [Diamonds!]
[22:31:02] [Server thread/INFO]: maxcr1 burned to death
[22:39:50] [Server thread/WARN]: Fetching addPacket for removed entity
[22:42:17] [Server thread/INFO]: blazingalchemist lost connection: Disconnected
[22:42:17] [Server thread/INFO]: blazingalchemist left the game
[22:55:08] [Server thread/INFO]: maxcr1 was shot by Skeleton
[22:58:51] [Server thread/INFO]: [maxcr1: Set own game mode to Creative Mode]
[22:59:55] [Server thread/INFO]: [maxcr1: Set own game mode to Survival Mode]
[23:04:23] [Server thread/INFO]: maxcr1 was shot by Skeleton
[23:05:50] [Server thread/INFO]: [maxcr1: Set own game mode to Creative Mode]
[23:08:02] [Server thread/INFO]: [maxcr1: Set own game mode to Survival Mode]
[23:11:33] [Server thread/INFO]: <tlins> f
[23:21:54] [Server thread/WARN]: tlins moved too quickly! 8.798224148833697,2.044812420399012,4.76026179780898
[23:26:25] [Server thread/INFO]: tlins has made the advancement [Sweet Dreams]
[23:33:26] [User Authenticator #30/INFO]: UUID of player Toasty_boii is 36389ee7-4f17-404e-98f4-c5fabe15ab0f
[23:33:26] [Server thread/INFO]: Toasty_boii[/65.110.255.177:50865] logged in with entity id 965465 at (-369.38258476869134, 72.0, 122.03857478916748)
[23:33:26] [Server thread/INFO]: Toasty_boii joined the game
[23:35:12] [Server thread/INFO]: maxcr1 lost connection: Disconnected
[23:35:12] [Server thread/INFO]: maxcr1 left the game
[23:39:58] [Server thread/INFO]: tlins has made the advancement [Cover Me With Diamonds]
[23:42:52] [Server thread/INFO]: tlins has made the advancement [Who's the Pillager Now?]
[23:42:57] [Server thread/INFO]: tlins has made the advancement [Voluntary Exile]
[23:45:18] [Server thread/INFO]: tlins lost connection: Disconnected
[23:45:18] [Server thread/INFO]: tlins left the game
[23:49:43] [Server thread/INFO]: Toasty_boii lost connection: Disconnected
[23:49:43] [Server thread/INFO]: Toasty_boii left the game
