[19:15:57] [main/ERROR]: Failed to load properties from file: server.properties
[19:16:02] [main/WARN]: Ambiguity between arguments [teleport, destination] and [teleport, targets] with inputs: [Player, 0123, @e, dd12be42-52a9-4a91-a8a1-11c01849e498]
[19:16:02] [main/WARN]: Ambiguity between arguments [teleport, location] and [teleport, destination] with inputs: [0.1 -0.5 .9, 0 0 0]
[19:16:02] [main/WARN]: Ambiguity between arguments [teleport, location] and [teleport, targets] with inputs: [0.1 -0.5 .9, 0 0 0]
[19:16:02] [main/WARN]: Ambiguity between arguments [teleport, targets] and [teleport, destination] with inputs: [Player, 0123, dd12be42-52a9-4a91-a8a1-11c01849e498]
[19:16:02] [main/WARN]: Ambiguity between arguments [teleport, targets, location] and [teleport, targets, destination] with inputs: [0.1 -0.5 .9, 0 0 0]
[19:16:03] [Server thread/INFO]: Starting minecraft server version 1.14 Pre-Release 3
[19:16:03] [Server thread/INFO]: Loading properties
[19:16:03] [Server thread/INFO]: Default game type: SURVIVAL
[19:16:03] [Server thread/INFO]: Generating keypair
[19:16:04] [Server thread/INFO]: Starting Minecraft server on *:25565
[19:16:04] [Server thread/INFO]: Using default channel type
[19:16:04] [Server thread/INFO]: Preparing level "world"
[19:16:04] [Server thread/INFO]: Found new data pack vanilla, loading it automatically
[19:16:04] [Server thread/INFO]: Reloading ResourceManager: Default
[19:16:05] [Server thread/INFO]: Loaded 6 recipes
[19:16:06] [Server thread/INFO]: Loaded 811 advancements
[19:16:09] [Server thread/INFO]: Preparing start region for dimension minecraft:overworld
[19:16:09] [Server-Worker-4/INFO]: Preparing spawn area: 0%
[19:16:09] [Server-Worker-1/INFO]: Preparing spawn area: 1%
[19:16:10] [Server-Worker-4/INFO]: Preparing spawn area: 4%
[19:16:10] [Server-Worker-2/INFO]: Preparing spawn area: 8%
[19:16:11] [Server-Worker-6/INFO]: Preparing spawn area: 15%
[19:16:11] [Server-Worker-7/INFO]: Preparing spawn area: 20%
[19:16:12] [Server-Worker-4/INFO]: Preparing spawn area: 29%
[19:16:12] [Server-Worker-1/INFO]: Preparing spawn area: 35%
[19:16:13] [Server-Worker-3/INFO]: Preparing spawn area: 42%
[19:16:13] [Server-Worker-4/INFO]: Preparing spawn area: 50%
[19:16:14] [Server-Worker-1/INFO]: Preparing spawn area: 55%
[19:16:14] [Server-Worker-6/INFO]: Preparing spawn area: 55%
[19:16:15] [Server-Worker-1/INFO]: Preparing spawn area: 66%
[19:16:15] [Server-Worker-3/INFO]: Preparing spawn area: 73%
[19:16:16] [Server-Worker-3/INFO]: Preparing spawn area: 79%
[19:16:16] [Server-Worker-6/INFO]: Preparing spawn area: 88%
[19:16:17] [Server-Worker-5/INFO]: Preparing spawn area: 88%
[19:16:17] [Server thread/INFO]: Time elapsed: 8271 ms
[19:16:17] [Server thread/INFO]: Done (13.025s)! For help, type "help"
[19:16:48] [Server thread/INFO]: Unknown command
[19:16:48] [Server thread/INFO]: eixt<--[HERE]
[19:16:51] [Server thread/INFO]: Stopping the server
[19:16:51] [Server thread/INFO]: Stopping server
[19:16:51] [Server thread/INFO]: Saving players
[19:16:51] [Server thread/INFO]: Saving worlds
[19:16:51] [Server thread/INFO]: Saving chunks for level 'world'/minecraft:the_end
[19:16:51] [Server thread/INFO]: ThreadedAnvilChunkStorage (DIM1): All chunks are saved
[19:16:51] [Server thread/INFO]: Saving chunks for level 'world'/minecraft:overworld
[19:16:53] [Server thread/INFO]: ThreadedAnvilChunkStorage (world): All chunks are saved
[19:16:53] [Server thread/INFO]: Saving chunks for level 'world'/minecraft:the_nether
[19:16:53] [Server thread/INFO]: ThreadedAnvilChunkStorage (DIM-1): All chunks are saved
[19:16:53] [Server thread/INFO]: ThreadedAnvilChunkStorage (DIM1): All chunks are saved
[19:16:53] [Server thread/INFO]: ThreadedAnvilChunkStorage (DIM1): All chunks are saved
[19:16:53] [Server thread/INFO]: ThreadedAnvilChunkStorage (world): All chunks are saved
[19:16:53] [Server thread/INFO]: ThreadedAnvilChunkStorage (world): All chunks are saved
[19:16:53] [Server thread/INFO]: ThreadedAnvilChunkStorage (DIM-1): All chunks are saved
[19:16:53] [Server thread/INFO]: ThreadedAnvilChunkStorage (DIM-1): All chunks are saved
