[14:58:27] [User Authenticator #15/INFO]: UUID of player LoeJins7777777 is a2866b7e-2c5e-495f-b42e-517b6a066d8e
[14:58:27] [Server thread/INFO]: LoeJins7777777[/65.110.254.169:3510] logged in with entity id 405512 at (36.59377597051625, 25.0, -102.72389532617613)
[14:58:27] [Server thread/INFO]: LoeJins7777777 joined the game
[14:59:23] [Server thread/INFO]: LoeJins7777777 was slain by Zombie
[15:09:51] [Server thread/INFO]: LoeJins7777777 lost connection: Disconnected
[15:09:51] [Server thread/INFO]: LoeJins7777777 left the game
[19:18:38] [User Authenticator #16/INFO]: UUID of player LoeJins7777777 is a2866b7e-2c5e-495f-b42e-517b6a066d8e
[19:18:38] [Server thread/INFO]: LoeJins7777777[/65.110.254.169:2448] logged in with entity id 410277 at (-326.10269487436256, 64.0, 62.46604821738431)
[19:18:38] [Server thread/INFO]: LoeJins7777777 joined the game
[19:18:42] [Server thread/INFO]: LoeJins7777777 lost connection: Disconnected
[19:18:42] [Server thread/INFO]: LoeJins7777777 left the game
[20:00:47] [User Authenticator #17/INFO]: UUID of player LoeJins7777777 is a2866b7e-2c5e-495f-b42e-517b6a066d8e
[20:00:48] [Server thread/INFO]: LoeJins7777777[/65.110.254.169:2112] logged in with entity id 410279 at (-326.10269487436256, 64.0, 62.46604821738431)
[20:00:48] [Server thread/INFO]: LoeJins7777777 joined the game
[20:01:59] [User Authenticator #18/INFO]: UUID of player ClockworkGold is 99a0df9c-9246-45b9-9a60-d7c5888f7704
[20:01:59] [Server thread/INFO]: ClockworkGold[/98.166.107.185:51332] logged in with entity id 410431 at (-45.641847865524575, 82.0, 14.331391624101132)
[20:01:59] [Server thread/INFO]: ClockworkGold joined the game
[20:02:04] [Server thread/INFO]: <ClockworkGold> voice
[20:02:06] [Server thread/INFO]: <ClockworkGold> ?
[20:02:07] [Server thread/INFO]: LoeJins7777777 lost connection: Disconnected
[20:02:07] [Server thread/INFO]: LoeJins7777777 left the game
[20:11:27] [User Authenticator #19/INFO]: UUID of player LoeJins7777777 is a2866b7e-2c5e-495f-b42e-517b6a066d8e
[20:11:27] [Server thread/INFO]: LoeJins7777777[/65.110.255.144:1814] logged in with entity id 418841 at (-338.297060689525, 64.0, 127.89282710549949)
[20:11:27] [Server thread/INFO]: LoeJins7777777 joined the game
[20:13:31] [Server thread/INFO]: LoeJins7777777 lost connection: Disconnected
[20:13:31] [Server thread/INFO]: LoeJins7777777 left the game
[20:14:32] [User Authenticator #20/INFO]: UUID of player LoeJins7777777 is a2866b7e-2c5e-495f-b42e-517b6a066d8e
[20:14:32] [Server thread/INFO]: LoeJins7777777[/65.110.255.144:1869] logged in with entity id 424383 at (-338.4170721429598, 64.0, 128.36867277971504)
[20:14:32] [Server thread/INFO]: LoeJins7777777 joined the game
[20:21:59] [Server thread/INFO]: ClockworkGold lost connection: Disconnected
[20:21:59] [Server thread/INFO]: ClockworkGold left the game
[20:26:50] [User Authenticator #21/INFO]: UUID of player blazingalchemist is e326b185-d5de-4b69-a8a4-2fac29e5f71d
[20:26:50] [Server thread/INFO]: blazingalchemist[/70.97.238.185:51748] logged in with entity id 438183 at (-331.1650501924372, 63.5625, 15.886418609114354)
[20:26:50] [Server thread/INFO]: blazingalchemist joined the game
[20:28:29] [Server thread/INFO]: blazingalchemist lost connection: Disconnected
[20:28:29] [Server thread/INFO]: blazingalchemist left the game
[20:34:26] [Server thread/WARN]: Can't keep up! Is the server overloaded? Running 2503ms or 50 ticks behind
[20:36:38] [User Authenticator #22/INFO]: UUID of player blazingalchemist is e326b185-d5de-4b69-a8a4-2fac29e5f71d
[20:36:38] [Server thread/INFO]: blazingalchemist[/70.97.238.185:51872] logged in with entity id 448977 at (-134.14002909986905, 64.0, 126.9643872715705)
[20:36:38] [Server thread/INFO]: blazingalchemist joined the game
[20:38:17] [User Authenticator #23/INFO]: UUID of player ClockworkGold is 99a0df9c-9246-45b9-9a60-d7c5888f7704
[20:38:18] [Server thread/INFO]: ClockworkGold[/98.166.107.185:51418] logged in with entity id 450945 at (-42.9532040603276, 82.0, 19.472518319723015)
[20:38:18] [Server thread/INFO]: ClockworkGold joined the game
[20:51:46] [Server thread/INFO]: blazingalchemist lost connection: Disconnected
[20:51:46] [Server thread/INFO]: blazingalchemist left the game
[20:56:18] [Server thread/INFO]: LoeJins7777777 lost connection: Disconnected
[20:56:18] [Server thread/INFO]: LoeJins7777777 left the game
[20:57:47] [User Authenticator #24/INFO]: UUID of player LoeJins7777777 is a2866b7e-2c5e-495f-b42e-517b6a066d8e
[20:57:47] [Server thread/INFO]: LoeJins7777777[/65.110.255.144:2036] logged in with entity id 489019 at (-343.2450355419775, 64.0, 67.24116838625577)
[20:57:47] [Server thread/INFO]: LoeJins7777777 joined the game
[21:19:52] [Server thread/WARN]: Fetching addPacket for removed entity
[21:26:37] [Server thread/INFO]: ClockworkGold has made the advancement [Best Friends Forever]
[21:29:27] [Server thread/INFO]: LoeJins7777777 has made the advancement [Enchanter]
[21:30:14] [Server thread/INFO]: ClockworkGold has made the advancement [Enchanter]
[21:32:07] [Server thread/INFO]: ClockworkGold lost connection: Disconnected
[21:32:07] [Server thread/INFO]: ClockworkGold left the game
[21:33:50] [Server thread/INFO]: LoeJins7777777 lost connection: Disconnected
[21:33:50] [Server thread/INFO]: LoeJins7777777 left the game
[22:08:52] [Server thread/INFO]: Unknown command
[22:08:52] [Server thread/INFO]: stp[<--[HERE]
[22:08:52] [Server thread/INFO]: Stopping the server
[22:08:52] [Server thread/INFO]: Stopping server
[22:08:52] [Server thread/INFO]: Saving players
[22:08:52] [Server thread/INFO]: Saving worlds
[22:08:52] [Server thread/INFO]: Saving chunks for level 'world'/minecraft:the_end
[22:08:52] [Server thread/INFO]: ThreadedAnvilChunkStorage (DIM1): All chunks are saved
[22:08:52] [Server thread/INFO]: Saving chunks for level 'world'/minecraft:overworld
[22:08:53] [Server thread/INFO]: ThreadedAnvilChunkStorage (world): All chunks are saved
[22:08:53] [Server thread/INFO]: Saving chunks for level 'world'/minecraft:the_nether
[22:08:53] [Server thread/INFO]: ThreadedAnvilChunkStorage (DIM-1): All chunks are saved
[22:08:53] [Server thread/INFO]: ThreadedAnvilChunkStorage (DIM1): All chunks are saved
[22:08:53] [Server thread/INFO]: ThreadedAnvilChunkStorage (DIM1): All chunks are saved
[22:08:53] [Server thread/INFO]: ThreadedAnvilChunkStorage (world): All chunks are saved
[22:08:53] [Server thread/INFO]: ThreadedAnvilChunkStorage (world): All chunks are saved
[22:08:53] [Server thread/INFO]: ThreadedAnvilChunkStorage (DIM-1): All chunks are saved
[22:08:53] [Server thread/INFO]: ThreadedAnvilChunkStorage (DIM-1): All chunks are saved
