[08:04:09] [User Authenticator #24/INFO]: UUID of player blazingalchemist is e326b185-d5de-4b69-a8a4-2fac29e5f71d
[08:04:10] [Server thread/INFO]: blazingalchemist[/70.97.238.185:49304] logged in with entity id 195455 at ([world]-254.86642087635823, 64.0, 167.83388554469246)
[08:43:06] [Server thread/INFO]: blazingalchemist lost connection: Disconnected
[08:43:06] [Server thread/INFO]: blazingalchemist left the game
[11:34:22] [User Authenticator #25/INFO]: UUID of player aja2000 is 98f76cb4-800d-4cb2-8b15-7d0a03914d70
[11:34:22] [Server thread/INFO]: aja2000[/65.128.30.182:56785] logged in with entity id 196257 at ([world]-323.28054954213525, 64.0, 55.30984563246127)
[11:52:04] [Server thread/INFO]: aja2000 lost connection: Disconnected
[11:52:04] [Server thread/INFO]: aja2000 left the game
[11:52:06] [User Authenticator #26/INFO]: UUID of player aja2000 is 98f76cb4-800d-4cb2-8b15-7d0a03914d70
[11:52:06] [Server thread/INFO]: aja2000[/65.128.30.182:56852] logged in with entity id 201845 at ([world]-433.57876688733063, 66.0, 534.5958362424007)
[11:53:06] [Server thread/INFO]: aja2000 lost connection: Disconnected
[11:53:06] [Server thread/INFO]: aja2000 left the game
[12:56:53] [User Authenticator #27/INFO]: UUID of player Toasty_boii is 36389ee7-4f17-404e-98f4-c5fabe15ab0f
[12:56:53] [Server thread/INFO]: Toasty_boii[/65.110.255.177:36032] logged in with entity id 201990 at ([world]-203.23750001192093, 56.0, 123.90436034058891)
[13:21:53] [Async Chat Thread - #17/INFO]: <Toasty_boii> -50, 0[m
[13:23:03] [Server thread/INFO]: Toasty_boii lost connection: Disconnected
[13:23:03] [Server thread/INFO]: Toasty_boii left the game
[13:32:43] [User Authenticator #28/INFO]: UUID of player Toasty_boii is 36389ee7-4f17-404e-98f4-c5fabe15ab0f
[13:32:43] [Server thread/INFO]: Toasty_boii[/65.110.255.177:56531] logged in with entity id 203799 at ([world_nether]-36.961261717626485, 93.0, -42.74114154464829)
[13:43:31] [Server thread/INFO]: Toasty_boii lost connection: Disconnected
[13:43:31] [Server thread/INFO]: Toasty_boii left the game
[13:47:00] [User Authenticator #29/INFO]: UUID of player Toasty_boii is 36389ee7-4f17-404e-98f4-c5fabe15ab0f
[13:47:00] [Server thread/INFO]: Toasty_boii[/65.110.255.177:56699] logged in with entity id 204268 at ([world_nether]150.30000001192093, 61.0, -52.436508505568035)
[13:56:11] [Server thread/INFO]: Toasty_boii lost connection: Disconnected
[13:56:11] [Server thread/INFO]: Toasty_boii left the game
[14:50:50] [User Authenticator #30/INFO]: UUID of player blazingalchemist is e326b185-d5de-4b69-a8a4-2fac29e5f71d
[14:50:50] [Server thread/INFO]: blazingalchemist[/70.97.238.185:65454] logged in with entity id 205171 at ([world]-298.9628153041014, 14.0, 65.21936162297017)
[14:54:14] [User Authenticator #31/INFO]: UUID of player aja2000 is 98f76cb4-800d-4cb2-8b15-7d0a03914d70
[14:54:14] [Server thread/INFO]: aja2000[/65.128.30.182:57838] logged in with entity id 206068 at ([world]-399.4790915866248, 66.0, 497.88577741989707)
[14:54:16] [Server thread/INFO]: aja2000 lost connection: Disconnected
[14:54:16] [Server thread/INFO]: aja2000 left the game
[14:54:47] [User Authenticator #32/INFO]: UUID of player aja2000 is 98f76cb4-800d-4cb2-8b15-7d0a03914d70
[14:54:48] [Server thread/INFO]: aja2000[/65.128.30.182:57888] logged in with entity id 207141 at ([world]-399.4790915866248, 66.0, 497.88577741989707)
[14:54:52] [Async Chat Thread - #18/INFO]: <blazingalchemist> pee[m
[14:55:04] [Server thread/INFO]: aja2000 lost connection: Disconnected
[14:55:04] [Server thread/INFO]: aja2000 left the game
[15:25:35] [User Authenticator #33/INFO]: UUID of player Toasty_boii is 36389ee7-4f17-404e-98f4-c5fabe15ab0f
[15:25:35] [Server thread/INFO]: Toasty_boii[/65.110.255.177:57113] logged in with entity id 211551 at ([world]-205.7537702406858, 63.0, 107.68326231428708)
[15:41:01] [Async Chat Thread - #19/INFO]: <blazingalchemist> eat[m
[15:41:09] [Async Chat Thread - #19/INFO]: <Toasty_boii> absolutely not[m
[15:56:23] [Server thread/INFO]: Toasty_boii lost connection: Disconnected
[15:56:23] [Server thread/INFO]: Toasty_boii left the game
[15:56:53] [User Authenticator #34/INFO]: UUID of player Toasty_boii is 36389ee7-4f17-404e-98f4-c5fabe15ab0f
[15:56:53] [Server thread/INFO]: Toasty_boii[/65.110.255.177:57236] logged in with entity id 219081 at ([world]-195.89604641553657, 52.0, 87.83227961199783)
[16:03:56] [User Authenticator #35/INFO]: UUID of player aja2000 is 98f76cb4-800d-4cb2-8b15-7d0a03914d70
[16:03:57] [Server thread/INFO]: aja2000[/65.128.30.182:58050] logged in with entity id 222521 at ([world]-407.81557499245844, 67.0, 520.0134521307677)
[16:04:46] [Server thread/INFO]: aja2000 was shot by Pillager
[16:04:52] [Async Chat Thread - #20/INFO]: <blazingalchemist> if i start a mushroom farm do we care if its red or brown?[m
[16:05:01] [Async Chat Thread - #20/INFO]: <aja2000> you need both to make soup[m
[16:05:01] [Async Chat Thread - #20/INFO]: <Toasty_boii> why cant you do both?[m
[16:05:29] [Async Chat Thread - #20/INFO]: <blazingalchemist> k fine il make both[m
[16:08:18] [Server thread/INFO]: Toasty_boii lost connection: Disconnected
[16:08:18] [Server thread/INFO]: Toasty_boii left the game
[16:14:29] [Async Chat Thread - #21/INFO]: <aja2000> what are spawn coords[m
[16:14:47] [Async Chat Thread - #21/INFO]: <blazingalchemist> exactly?[m
[16:14:58] [Async Chat Thread - #21/INFO]: <aja2000> roughly[m
[16:15:40] [Async Chat Thread - #21/INFO]: <blazingalchemist> -300, whqatever, 100[m
[16:15:46] [Async Chat Thread - #21/INFO]: <aja2000> thx[m
[16:22:38] [Server thread/INFO]: blazingalchemist lost connection: Disconnected
[16:22:38] [Server thread/INFO]: blazingalchemist left the game
[16:23:05] [Server thread/INFO]: aja2000 lost connection: Disconnected
[16:23:05] [Server thread/INFO]: aja2000 left the game
[16:34:34] [User Authenticator #36/INFO]: UUID of player blazingalchemist is e326b185-d5de-4b69-a8a4-2fac29e5f71d
[16:34:34] [Server thread/INFO]: blazingalchemist[/70.97.238.185:49519] logged in with entity id 234767 at ([world]-345.5682260859372, 40.0, 90.59204059625162)
[16:42:47] [Server thread/INFO]: blazingalchemist lost connection: Disconnected
[16:42:47] [Server thread/INFO]: blazingalchemist left the game
[17:49:57] [Server thread/INFO]: Unknown command. Type "/help" for help.[m
[17:49:58] [Server thread/INFO]: Unknown command. Type "/help" for help.[m
[17:49:59] [Server thread/INFO]: There are 0 of a max 20 players online: 
[17:50:37] [User Authenticator #37/INFO]: UUID of player maxcr1 is 4d3fe67e-8b2d-43a4-883d-915e0aea2fd8
[17:50:38] [Server thread/INFO]: maxcr1[/127.0.0.1:58895] logged in with entity id 236122 at ([world]667.3272280107451, 64.0, 1206.7983551886634)
[17:58:37] [Server thread/INFO]: maxcr1 lost connection: Disconnected
[17:58:37] [Server thread/INFO]: maxcr1 left the game
[18:16:29] [User Authenticator #38/INFO]: UUID of player tlins is cca4ccb0-1441-40e3-b874-7d0c023f7f91
[18:16:29] [Server thread/INFO]: tlins[/129.186.252.215:2095] logged in with entity id 242674 at ([world]-0.6002354590864785, 63.0, 201.10987311158036)
[18:23:46] [User Authenticator #39/INFO]: UUID of player LoeJins7777777 is a2866b7e-2c5e-495f-b42e-517b6a066d8e
[18:23:46] [Server thread/INFO]: LoeJins7777777[/65.110.255.19:55789] logged in with entity id 250030 at ([world]-333.0137188228258, 64.0, 135.7162349315725)
[18:27:51] [User Authenticator #40/INFO]: UUID of player maxcr1 is 4d3fe67e-8b2d-43a4-883d-915e0aea2fd8
[18:27:52] [Server thread/INFO]: maxcr1[/127.0.0.1:58985] logged in with entity id 252350 at ([world]432.51545783440554, 69.0, 321.9220351331647)
[18:28:00] [Async Chat Thread - #22/INFO]: <maxcr1> heyguys[m
[18:28:10] [Async Chat Thread - #22/INFO]: <LoeJins7777777> hey nerd[m
[18:28:20] [Async Chat Thread - #22/INFO]: <tlins> hey loser[m
[18:30:36] [User Authenticator #41/INFO]: UUID of player blazingalchemist is e326b185-d5de-4b69-a8a4-2fac29e5f71d
[18:30:36] [Server thread/INFO]: blazingalchemist[/70.97.238.185:50562] logged in with entity id 255726 at ([world]-333.710738474722, 64.0, 135.346355265805)
[18:31:49] [Server thread/WARN]: maxcr1 moved too quickly! 7.038893079421115,0.007037565474959706,-7.310423133476718
[18:31:49] [Server thread/WARN]: blazingalchemist moved too quickly! 2.949690145316822,0.0,-10.205989357214165
[18:33:24] [Server thread/INFO]: blazingalchemist was slain by Zombie
[18:37:02] [Async Chat Thread - #23/INFO]: <tlins> max get on voice[m
[18:37:08] [Async Chat Thread - #23/INFO]: <maxcr1> ok in a min[m
[18:38:52] [Server thread/INFO]: maxcr1 lost connection: Disconnected
[18:38:52] [Server thread/INFO]: maxcr1 left the game
[18:39:43] [User Authenticator #42/INFO]: UUID of player maxcr1 is 4d3fe67e-8b2d-43a4-883d-915e0aea2fd8
[18:39:44] [Server thread/INFO]: maxcr1[/127.0.0.1:59133] logged in with entity id 265745 at ([world]-338.71611112387325, 64.0, 128.72679910628418)
[18:45:21] [Server thread/INFO]: blazingalchemist lost connection: Disconnected
[18:45:21] [Server thread/INFO]: blazingalchemist left the game
[18:46:49] [User Authenticator #43/INFO]: UUID of player blazingalchemist is e326b185-d5de-4b69-a8a4-2fac29e5f71d
[18:46:49] [Server thread/INFO]: blazingalchemist[/70.97.238.185:50589] logged in with entity id 268249 at ([world]-328.64366740824204, 30.0, 53.69999998807904)
[18:50:49] [Async Chat Thread - #24/INFO]: <blazingalchemist> there a minecart by my house[m
[18:51:01] [Async Chat Thread - #24/INFO]: <blazingalchemist> dont waste iron[m
[18:51:22] [Async Chat Thread - #24/INFO]: <blazingalchemist> i got home work[m
[18:52:06] [Async Chat Thread - #24/INFO]: <blazingalchemist> fire[m
[18:56:42] [Server thread/INFO]: tlins lost connection: Disconnected
[18:56:42] [Server thread/INFO]: tlins left the game
[18:56:42] [Server thread/INFO]: LoeJins7777777 lost connection: Disconnected
[18:56:42] [Server thread/INFO]: LoeJins7777777 left the game
[18:56:51] [Server thread/INFO]: blazingalchemist lost connection: Disconnected
[18:56:51] [Server thread/INFO]: blazingalchemist left the game
[18:57:02] [Server thread/INFO]: maxcr1 issued server command: /time set day
[18:57:02] [Server thread/INFO]: [maxcr1: Set the time to 1000]
[18:57:04] [User Authenticator #44/INFO]: UUID of player tlins is cca4ccb0-1441-40e3-b874-7d0c023f7f91
[18:57:04] [Server thread/INFO]: tlins[/129.186.252.215:2309] logged in with entity id 273657 at ([world]-0.37165351135675867, 64.0, 204.75523711047563)
[18:57:05] [User Authenticator #45/INFO]: UUID of player blazingalchemist is e326b185-d5de-4b69-a8a4-2fac29e5f71d
[18:57:05] [Server thread/INFO]: blazingalchemist[/70.97.238.185:50601] logged in with entity id 273711 at ([world]-335.10915776142036, 63.0, 84.55017206900781)
[18:58:28] [Server thread/INFO]: tlins lost connection: Disconnected
[18:58:28] [Server thread/INFO]: tlins left the game
[18:58:52] [User Authenticator #46/INFO]: UUID of player tlins is cca4ccb0-1441-40e3-b874-7d0c023f7f91
[18:58:52] [Server thread/INFO]: tlins[/129.186.252.215:2371] logged in with entity id 275288 at ([world]5.692226280681207, 63.0, 196.3157691139333)
[18:59:27] [User Authenticator #47/INFO]: UUID of player LoeJins7777777 is a2866b7e-2c5e-495f-b42e-517b6a066d8e
[18:59:27] [Server thread/INFO]: LoeJins7777777[/65.110.255.19:54337] logged in with entity id 276241 at ([world]2.6731164847170015, 63.0, 202.52880212950515)
[19:00:25] [Server thread/INFO]: tlins lost connection: Disconnected
[19:00:25] [Server thread/INFO]: tlins left the game
[19:00:47] [User Authenticator #48/INFO]: UUID of player tlins is cca4ccb0-1441-40e3-b874-7d0c023f7f91
[19:00:47] [Server thread/INFO]: tlins[/129.186.252.215:2388] logged in with entity id 277040 at ([world]4.678248566809418, 63.0, 197.65066862252925)
[19:02:46] [Server thread/INFO]: tlins lost connection: Disconnected
[19:02:46] [Server thread/INFO]: tlins left the game
[19:03:10] [User Authenticator #49/INFO]: UUID of player tlins is cca4ccb0-1441-40e3-b874-7d0c023f7f91
[19:03:10] [Server thread/INFO]: tlins[/129.186.252.215:2401] logged in with entity id 278560 at ([world]5.370411042423325, 64.0, 195.63832571022624)
[19:04:19] [Server thread/INFO]: maxcr1 lost connection: Disconnected
[19:04:19] [Server thread/INFO]: maxcr1 left the game
[19:04:23] [Server thread/INFO]: Stopping the server
[19:04:23] [Server thread/INFO]: Stopping server
[19:04:23] [Server thread/INFO]: Saving players
[19:04:23] [Server thread/INFO]: blazingalchemist lost connection: Server closed
[19:04:23] [Server thread/INFO]: blazingalchemist left the game
[19:04:23] [Server thread/INFO]: LoeJins7777777 lost connection: Server closed
[19:04:23] [Server thread/INFO]: LoeJins7777777 left the game
[19:04:23] [Server thread/INFO]: tlins lost connection: Server closed
[19:04:23] [Server thread/INFO]: tlins left the game
[19:04:23] [Server thread/INFO]: Saving worlds
[19:04:23] [Server thread/INFO]: Saving chunks for level 'world'/minecraft:overworld
[19:04:24] [Server thread/INFO]: ThreadedAnvilChunkStorage (world): All chunks are saved
[19:04:24] [Server thread/INFO]: Saving chunks for level 'world_nether'/minecraft:the_nether
[19:04:24] [Server thread/INFO]: ThreadedAnvilChunkStorage (DIM-1): All chunks are saved
[19:04:24] [Server thread/INFO]: Saving chunks for level 'world_the_end'/minecraft:the_end
[19:04:24] [Server thread/INFO]: ThreadedAnvilChunkStorage (DIM1): All chunks are saved
[19:04:24] [Server thread/INFO]: ThreadedAnvilChunkStorage (world): All chunks are saved
[19:04:24] [Server thread/INFO]: ThreadedAnvilChunkStorage (world): All chunks are saved
[19:04:24] [Server thread/INFO]: ThreadedAnvilChunkStorage (DIM-1): All chunks are saved
[19:04:24] [Server thread/INFO]: ThreadedAnvilChunkStorage (DIM-1): All chunks are saved
[19:04:24] [Server thread/INFO]: ThreadedAnvilChunkStorage (DIM1): All chunks are saved
[19:04:24] [Server thread/INFO]: ThreadedAnvilChunkStorage (DIM1): All chunks are saved
