[07:14:10] [User Authenticator #40/INFO]: UUID of player blazingalchemist is e326b185-d5de-4b69-a8a4-2fac29e5f71d
[07:14:10] [Server thread/INFO]: blazingalchemist[/70.97.238.185:58964] logged in with entity id 300284 at ([world]-259.0609569225313, 7.0, 96.59310113443172)
[07:25:11] [Server thread/INFO]: blazingalchemist burned to death
[07:25:41] [Server thread/INFO]: blazingalchemist was slain by Zombie
[08:00:00] [Server thread/INFO]: blazingalchemist lost connection: Disconnected
[08:00:00] [Server thread/INFO]: blazingalchemist left the game
[15:56:40] [User Authenticator #41/INFO]: UUID of player blazingalchemist is e326b185-d5de-4b69-a8a4-2fac29e5f71d
[15:56:40] [Server thread/INFO]: blazingalchemist[/70.97.238.185:59462] logged in with entity id 323842 at ([world]-233.30000001192084, 7.0, 66.30000001192096)
[16:02:44] [Server thread/INFO]: blazingalchemist lost connection: Disconnected
[16:02:44] [Server thread/INFO]: blazingalchemist left the game
[16:03:12] [User Authenticator #42/INFO]: UUID of player blazingalchemist is e326b185-d5de-4b69-a8a4-2fac29e5f71d
[16:03:12] [Server thread/INFO]: blazingalchemist[/70.97.238.185:59478] logged in with entity id 326907 at ([world]-255.85970765128636, 64.0, 165.4556470627978)
[16:10:18] [Server thread/INFO]: blazingalchemist lost connection: Disconnected
[16:10:18] [Server thread/INFO]: blazingalchemist left the game
[16:57:34] [User Authenticator #43/INFO]: UUID of player tlins is cca4ccb0-1441-40e3-b874-7d0c023f7f91
[16:57:34] [Server thread/INFO]: tlins[/65.110.254.169:4606] logged in with entity id 330872 at ([world]-119.48345445355858, 64.0, 143.67006066364536)
[17:00:57] [User Authenticator #44/INFO]: UUID of player aja2000 is 98f76cb4-800d-4cb2-8b15-7d0a03914d70
[17:00:57] [Server thread/INFO]: aja2000[/65.128.30.182:55090] logged in with entity id 333427 at ([world]-334.4195381964983, 64.0, 132.2769156091299)
[17:01:05] [Async Chat Thread - #16/INFO]: <tlins> it says raid but i cannot find any[m
[17:01:21] [Async Chat Thread - #16/INFO]: <aja2000> nice[m
[17:03:01] [Async Chat Thread - #17/INFO]: <aja2000> do you know if any villagers died? I cant find the cleric that we had[m
[17:03:11] [Async Chat Thread - #17/INFO]: <tlins> idk i just logged on[m
[17:06:08] [Async Chat Thread - #18/INFO]: <tlins> oh theres raiders on liams island[m
[17:06:13] [Async Chat Thread - #18/INFO]: <tlins> join voice[m
[17:06:24] [Async Chat Thread - #18/INFO]: <aja2000> hold on I uplugged my mic[m
[17:21:20] [Async Chat Thread - #19/INFO]: <tlins> im going to finish the wall on this corner[m
[17:21:27] [Async Chat Thread - #19/INFO]: <aja2000> 10-4[m
[17:21:38] [Async Chat Thread - #19/INFO]: <tlins> 10-4 is 6[m
[17:03:13] [Async Chat Thread - #19/INFO]: <aja2000> I told a bunch of kids in my math class about wolfram alpha today and they were all in disbelife[m
[17:03:39] [Async Chat Thread - #19/INFO]: <tlins> i wish i could get my mind blown by wolfram alpha for the first time agin[m
[17:03:41] [Async Chat Thread - #19/INFO]: <tlins> again[m
[17:23:05] [Async Chat Thread - #19/INFO]: <aja2000> me too[m
[17:24:38] [Server thread/INFO]: aja2000 lost connection: Disconnected
[17:24:38] [Server thread/INFO]: aja2000 left the game
[17:34:02] [Server thread/INFO]: tlins lost connection: Disconnected
[17:34:02] [Server thread/INFO]: tlins left the game
[20:14:10] [User Authenticator #45/INFO]: UUID of player maxcr1 is 4d3fe67e-8b2d-43a4-883d-915e0aea2fd8
[20:14:10] [Server thread/INFO]: maxcr1[/127.0.0.1:51474] logged in with entity id 351636 at ([world]-292.35807423588375, 63.0, 126.69999998807904)
[20:47:56] [User Authenticator #46/INFO]: UUID of player tlins is cca4ccb0-1441-40e3-b874-7d0c023f7f91
[20:47:56] [Server thread/INFO]: tlins[/65.110.255.144:2413] logged in with entity id 364568 at ([world]-323.66835835340135, 63.875, 75.28561022088724)
[20:48:04] [Async Chat Thread - #20/INFO]: <tlins> join voice ya dip[m
[20:49:15] [User Authenticator #47/INFO]: UUID of player aja2000 is 98f76cb4-800d-4cb2-8b15-7d0a03914d70
[20:49:15] [Server thread/INFO]: aja2000[/65.128.30.182:55136] logged in with entity id 365379 at ([world]-287.42292409742765, 58.0, 119.62255149828519)
[20:49:24] [Async Chat Thread - #21/INFO]: <maxcr1> im talking to a coder[m
[20:49:39] [Async Chat Thread - #21/INFO]: <tlins> what the *fuck* does that mean[m
[20:51:25] [Server thread/INFO]: aja2000 lost connection: Timed out
[20:51:25] [Server thread/INFO]: aja2000 left the game
[20:52:11] [Async Chat Thread - #22/INFO]: <maxcr1> discord wont let me talk[m
[20:52:18] [Async Chat Thread - #22/INFO]: <maxcr1> Also where did Avery go[m
[20:53:40] [User Authenticator #48/INFO]: UUID of player aja2000 is 98f76cb4-800d-4cb2-8b15-7d0a03914d70
[20:53:40] [Server thread/INFO]: aja2000[/65.128.30.182:49845] logged in with entity id 368018 at ([world]-287.69407616914214, 63.44497613910871, 122.78998936896572)
[21:09:29] [Server thread/INFO]: tlins has made the advancement [Fishy Business]
[21:24:58] [User Authenticator #49/INFO]: UUID of player ClockworkGold is 99a0df9c-9246-45b9-9a60-d7c5888f7704
[21:24:58] [Server thread/INFO]: ClockworkGold[/98.166.107.185:57074] logged in with entity id 389011 at ([world]-245.39336244248847, 68.0, 143.27663906675488)
[21:33:30] [Server thread/INFO]: ClockworkGold has made the advancement [Voluntary Exile]
[21:49:00] [Server thread/INFO]: maxcr1 was blown up by Creeper
[21:54:14] [Server thread/INFO]: maxcr1 issued server command: /effect give maxcr1 minecraft:bad_omen
[21:54:14] [Server thread/INFO]: [maxcr1: Applied effect Bad Omen to maxcr1]
[03:03:15] [Server thread/INFO]: maxcr1 issued server command: /time set day
[03:03:15] [Server thread/INFO]: [maxcr1: Set the time to 1000]
[03:05:50] [Server thread/INFO]: ClockworkGold has completed the challenge [Hero of the Village]
[03:11:13] [Server thread/INFO]: ClockworkGold has made the advancement [What a Deal!]
[03:13:02] [Server thread/INFO]: ClockworkGold lost connection: Disconnected
[03:13:02] [Server thread/INFO]: ClockworkGold left the game
[03:13:06] [Server thread/INFO]: maxcr1 issued server command: /time set day
[03:13:06] [Server thread/INFO]: [maxcr1: Set the time to 1000]
[03:13:16] [User Authenticator #50/INFO]: UUID of player ClockworkGold is 99a0df9c-9246-45b9-9a60-d7c5888f7704
[03:13:16] [Server thread/INFO]: ClockworkGold[/98.166.107.185:57185] logged in with entity id 424688 at ([world]-306.699999988079, 63.0, 135.3887044167363)
[03:23:02] [Server thread/INFO]: aja2000 lost connection: Disconnected
[03:23:02] [Server thread/INFO]: aja2000 left the game
[03:23:59] [Server thread/INFO]: maxcr1 issued server command: /time set day
[03:23:59] [Server thread/INFO]: [maxcr1: Set the time to 1000]
[03:24:33] [Server thread/INFO]: tlins has made the advancement [Getting an Upgrade]
[03:27:32] [Server thread/INFO]: maxcr1 issued server command: /give maxcr1 minecraft:book
[03:27:32] [Server thread/INFO]: [maxcr1: Gave 1 [Book] to maxcr1]
[03:27:52] [Server thread/INFO]: maxcr1 issued server command: /enchant maxcr1 minecraft:fortune 3
[03:27:57] [Server thread/INFO]: maxcr1 issued server command: /enchant maxcr1 minecraft:fortune 3
[03:28:07] [Server thread/INFO]: maxcr1 issued server command: /enchant maxcr1 minecraft:fortune 3
[03:28:36] [Server thread/INFO]: maxcr1 issued server command: /enchant maxcr1 minecraft:fortune 3
[03:28:38] [Server thread/INFO]: maxcr1 issued server command: /enchant maxcr1 minecraft:fortune 3
[03:28:56] [Server thread/INFO]: maxcr1 issued server command: /enchant maxcr1 minecraft:fortune 3
[03:29:18] [Server thread/INFO]: maxcr1 issued server command: /op ClockworkGold
[03:29:18] [Server thread/INFO]: [maxcr1: Made ClockworkGold a server operator]
[03:29:23] [Server thread/INFO]: maxcr1 issued server command: /op tlins
[03:29:23] [Server thread/INFO]: [maxcr1: Made tlins a server operator]
[03:29:27] [Server thread/INFO]: maxcr1 issued server command: /deop ClockworkGold
[03:29:28] [Server thread/INFO]: [maxcr1: Made ClockworkGold no longer a server operator]
[03:29:31] [Server thread/INFO]: tlins issued server command: /give @p minecraft:enchanted_book{HideFlags:1,Enchantments:[{id:"minecraft:fortune",lvl:3}]} 1
[03:29:31] [Server thread/INFO]: [tlins: Gave 1 [Enchanted Book] to tlins]
[03:30:23] [Server thread/INFO]: tlins issued server command: /give @p minecraft:enchanted_book{HideFlags:1,StoredEnchantments:[{id:"minecraft:fortune",lvl:3}],display:{Lore:["MY name jeff"]}} 1
[03:30:23] [Server thread/INFO]: [tlins: Gave 1 [Enchanted Book] to tlins]
[03:30:37] [Server thread/INFO]: tlins issued server command: /deop tlins
[03:30:37] [Server thread/INFO]: [tlins: Made tlins no longer a server operator]
[03:31:30] [User Authenticator #51/INFO]: UUID of player blazingalchemist is e326b185-d5de-4b69-a8a4-2fac29e5f71d
[03:31:30] [Server thread/INFO]: blazingalchemist[/70.97.238.185:57658] logged in with entity id 433521 at ([world]-317.3467158863326, 64.0, 133.8532477075206)
[03:31:46] [Async Chat Thread - #23/INFO]: <maxcr1> peter our economy is stronger than the 1920s[m
[03:31:52] [Async Chat Thread - #23/INFO]: <tlins> peter we fought a raid and now the villagers are CHEAP AS FUCK[m
[03:31:59] [Async Chat Thread - #23/INFO]: <blazingalchemist> epic[m
[03:32:14] [Server thread/ERROR]: Encountered an unexpected exception
net.minecraft.server.v1_14_R1.ReportedException: Ticking entity
	at net.minecraft.server.v1_14_R1.MinecraftServer.b(MinecraftServer.java:1067) ~[spigot.jar:git-Spigot-47463c2-6de3aa1]
	at net.minecraft.server.v1_14_R1.DedicatedServer.b(DedicatedServer.java:396) ~[spigot.jar:git-Spigot-47463c2-6de3aa1]
	at net.minecraft.server.v1_14_R1.MinecraftServer.a(MinecraftServer.java:953) ~[spigot.jar:git-Spigot-47463c2-6de3aa1]
	at net.minecraft.server.v1_14_R1.MinecraftServer.run(MinecraftServer.java:798) [spigot.jar:git-Spigot-47463c2-6de3aa1]
	at java.lang.Thread.run(Unknown Source) [?:1.8.0_201]
Caused by: java.lang.IllegalArgumentException: Cannot drop air
	at com.google.common.base.Preconditions.checkArgument(Preconditions.java:122) ~[spigot.jar:git-Spigot-47463c2-6de3aa1]
	at net.minecraft.server.v1_14_R1.EntityItem.setItemStack(EntityItem.java:386) ~[spigot.jar:git-Spigot-47463c2-6de3aa1]
	at net.minecraft.server.v1_14_R1.EntityItem.<init>(EntityItem.java:38) ~[spigot.jar:git-Spigot-47463c2-6de3aa1]
	at net.minecraft.server.v1_14_R1.BehaviorUtil.a(SourceFile:68) ~[spigot.jar:git-Spigot-47463c2-6de3aa1]
	at net.minecraft.server.v1_14_R1.BehaviorVillageHeroGift.a(SourceFile:129) ~[spigot.jar:git-Spigot-47463c2-6de3aa1]
	at net.minecraft.server.v1_14_R1.BehaviorVillageHeroGift.d(SourceFile:110) ~[spigot.jar:git-Spigot-47463c2-6de3aa1]
	at net.minecraft.server.v1_14_R1.BehaviorVillageHeroGift.d(SourceFile:32) ~[spigot.jar:git-Spigot-47463c2-6de3aa1]
	at net.minecraft.server.v1_14_R1.Behavior.c(SourceFile:62) ~[spigot.jar:git-Spigot-47463c2-6de3aa1]
	at net.minecraft.server.v1_14_R1.BehaviorController.a(SourceFile:272) ~[spigot.jar:git-Spigot-47463c2-6de3aa1]
	at java.util.stream.ForEachOps$ForEachOp$OfRef.accept(Unknown Source) ~[?:1.8.0_201]
	at java.util.stream.ReferencePipeline$2$1.accept(Unknown Source) ~[?:1.8.0_201]
	at java.util.Iterator.forEachRemaining(Unknown Source) ~[?:1.8.0_201]
	at java.util.Spliterators$IteratorSpliterator.forEachRemaining(Unknown Source) ~[?:1.8.0_201]
	at java.util.stream.ReferencePipeline$Head.forEach(Unknown Source) ~[?:1.8.0_201]
	at java.util.stream.ReferencePipeline$7$1.accept(Unknown Source) ~[?:1.8.0_201]
	at java.util.HashMap$ValueSpliterator.forEachRemaining(Unknown Source) ~[?:1.8.0_201]
	at java.util.stream.ReferencePipeline$Head.forEach(Unknown Source) ~[?:1.8.0_201]
	at java.util.stream.ReferencePipeline$7$1.accept(Unknown Source) ~[?:1.8.0_201]
	at java.util.TreeMap$ValueSpliterator.forEachRemaining(Unknown Source) ~[?:1.8.0_201]
	at java.util.stream.AbstractPipeline.copyInto(Unknown Source) ~[?:1.8.0_201]
	at java.util.stream.AbstractPipeline.wrapAndCopyInto(Unknown Source) ~[?:1.8.0_201]
	at java.util.stream.ForEachOps$ForEachOp.evaluateSequential(Unknown Source) ~[?:1.8.0_201]
	at java.util.stream.ForEachOps$ForEachOp$OfRef.evaluateSequential(Unknown Source) ~[?:1.8.0_201]
	at java.util.stream.AbstractPipeline.evaluate(Unknown Source) ~[?:1.8.0_201]
	at java.util.stream.ReferencePipeline.forEach(Unknown Source) ~[?:1.8.0_201]
	at net.minecraft.server.v1_14_R1.BehaviorController.e(SourceFile:272) ~[spigot.jar:git-Spigot-47463c2-6de3aa1]
	at net.minecraft.server.v1_14_R1.BehaviorController.a(SourceFile:223) ~[spigot.jar:git-Spigot-47463c2-6de3aa1]
	at net.minecraft.server.v1_14_R1.EntityVillager.mobTick(EntityVillager.java:150) ~[spigot.jar:git-Spigot-47463c2-6de3aa1]
	at net.minecraft.server.v1_14_R1.EntityInsentient.doTick(EntityInsentient.java:658) ~[spigot.jar:git-Spigot-47463c2-6de3aa1]
	at net.minecraft.server.v1_14_R1.EntityLiving.movementTick(EntityLiving.java:2450) ~[spigot.jar:git-Spigot-47463c2-6de3aa1]
	at net.minecraft.server.v1_14_R1.EntityInsentient.movementTick(EntityInsentient.java:501) ~[spigot.jar:git-Spigot-47463c2-6de3aa1]
	at net.minecraft.server.v1_14_R1.EntityAgeable.movementTick(EntityAgeable.java:154) ~[spigot.jar:git-Spigot-47463c2-6de3aa1]
	at net.minecraft.server.v1_14_R1.EntityLiving.tick(EntityLiving.java:2286) ~[spigot.jar:git-Spigot-47463c2-6de3aa1]
	at net.minecraft.server.v1_14_R1.EntityInsentient.tick(EntityInsentient.java:272) ~[spigot.jar:git-Spigot-47463c2-6de3aa1]
	at net.minecraft.server.v1_14_R1.EntityVillager.tick(EntityVillager.java:188) ~[spigot.jar:git-Spigot-47463c2-6de3aa1]
	at net.minecraft.server.v1_14_R1.WorldServer.entityJoinedWorld(WorldServer.java:578) ~[spigot.jar:git-Spigot-47463c2-6de3aa1]
	at net.minecraft.server.v1_14_R1.World.a(World.java:743) ~[spigot.jar:git-Spigot-47463c2-6de3aa1]
	at net.minecraft.server.v1_14_R1.WorldServer.doTick(WorldServer.java:355) ~[spigot.jar:git-Spigot-47463c2-6de3aa1]
	at net.minecraft.server.v1_14_R1.MinecraftServer.b(MinecraftServer.java:1054) ~[spigot.jar:git-Spigot-47463c2-6de3aa1]
	... 4 more
[03:32:14] [Server thread/ERROR]: 	Cause of unexpected exception was
java.lang.IllegalArgumentException: Cannot drop air
	at com.google.common.base.Preconditions.checkArgument(Preconditions.java:122) ~[spigot.jar:git-Spigot-47463c2-6de3aa1]
	at net.minecraft.server.v1_14_R1.EntityItem.setItemStack(EntityItem.java:386) ~[spigot.jar:git-Spigot-47463c2-6de3aa1]
	at net.minecraft.server.v1_14_R1.EntityItem.<init>(EntityItem.java:38) ~[spigot.jar:git-Spigot-47463c2-6de3aa1]
	at net.minecraft.server.v1_14_R1.BehaviorUtil.a(SourceFile:68) ~[spigot.jar:git-Spigot-47463c2-6de3aa1]
	at net.minecraft.server.v1_14_R1.BehaviorVillageHeroGift.a(SourceFile:129) ~[spigot.jar:git-Spigot-47463c2-6de3aa1]
	at net.minecraft.server.v1_14_R1.BehaviorVillageHeroGift.d(SourceFile:110) ~[spigot.jar:git-Spigot-47463c2-6de3aa1]
	at net.minecraft.server.v1_14_R1.BehaviorVillageHeroGift.d(SourceFile:32) ~[spigot.jar:git-Spigot-47463c2-6de3aa1]
	at net.minecraft.server.v1_14_R1.Behavior.c(SourceFile:62) ~[spigot.jar:git-Spigot-47463c2-6de3aa1]
	at net.minecraft.server.v1_14_R1.BehaviorController.a(SourceFile:272) ~[spigot.jar:git-Spigot-47463c2-6de3aa1]
	at java.util.stream.ForEachOps$ForEachOp$OfRef.accept(Unknown Source) ~[?:1.8.0_201]
	at java.util.stream.ReferencePipeline$2$1.accept(Unknown Source) ~[?:1.8.0_201]
	at java.util.Iterator.forEachRemaining(Unknown Source) ~[?:1.8.0_201]
	at java.util.Spliterators$IteratorSpliterator.forEachRemaining(Unknown Source) ~[?:1.8.0_201]
	at java.util.stream.ReferencePipeline$Head.forEach(Unknown Source) ~[?:1.8.0_201]
	at java.util.stream.ReferencePipeline$7$1.accept(Unknown Source) ~[?:1.8.0_201]
	at java.util.HashMap$ValueSpliterator.forEachRemaining(Unknown Source) ~[?:1.8.0_201]
	at java.util.stream.ReferencePipeline$Head.forEach(Unknown Source) ~[?:1.8.0_201]
	at java.util.stream.ReferencePipeline$7$1.accept(Unknown Source) ~[?:1.8.0_201]
	at java.util.TreeMap$ValueSpliterator.forEachRemaining(Unknown Source) ~[?:1.8.0_201]
	at java.util.stream.AbstractPipeline.copyInto(Unknown Source) ~[?:1.8.0_201]
	at java.util.stream.AbstractPipeline.wrapAndCopyInto(Unknown Source) ~[?:1.8.0_201]
	at java.util.stream.ForEachOps$ForEachOp.evaluateSequential(Unknown Source) ~[?:1.8.0_201]
	at java.util.stream.ForEachOps$ForEachOp$OfRef.evaluateSequential(Unknown Source) ~[?:1.8.0_201]
	at java.util.stream.AbstractPipeline.evaluate(Unknown Source) ~[?:1.8.0_201]
	at java.util.stream.ReferencePipeline.forEach(Unknown Source) ~[?:1.8.0_201]
	at net.minecraft.server.v1_14_R1.BehaviorController.e(SourceFile:272) ~[spigot.jar:git-Spigot-47463c2-6de3aa1]
	at net.minecraft.server.v1_14_R1.BehaviorController.a(SourceFile:223) ~[spigot.jar:git-Spigot-47463c2-6de3aa1]
	at net.minecraft.server.v1_14_R1.EntityVillager.mobTick(EntityVillager.java:150) ~[spigot.jar:git-Spigot-47463c2-6de3aa1]
	at net.minecraft.server.v1_14_R1.EntityInsentient.doTick(EntityInsentient.java:658) ~[spigot.jar:git-Spigot-47463c2-6de3aa1]
	at net.minecraft.server.v1_14_R1.EntityLiving.movementTick(EntityLiving.java:2450) ~[spigot.jar:git-Spigot-47463c2-6de3aa1]
	at net.minecraft.server.v1_14_R1.EntityInsentient.movementTick(EntityInsentient.java:501) ~[spigot.jar:git-Spigot-47463c2-6de3aa1]
	at net.minecraft.server.v1_14_R1.EntityAgeable.movementTick(EntityAgeable.java:154) ~[spigot.jar:git-Spigot-47463c2-6de3aa1]
	at net.minecraft.server.v1_14_R1.EntityLiving.tick(EntityLiving.java:2286) ~[spigot.jar:git-Spigot-47463c2-6de3aa1]
	at net.minecraft.server.v1_14_R1.EntityInsentient.tick(EntityInsentient.java:272) ~[spigot.jar:git-Spigot-47463c2-6de3aa1]
	at net.minecraft.server.v1_14_R1.EntityVillager.tick(EntityVillager.java:188) ~[spigot.jar:git-Spigot-47463c2-6de3aa1]
	at net.minecraft.server.v1_14_R1.WorldServer.entityJoinedWorld(WorldServer.java:578) ~[spigot.jar:git-Spigot-47463c2-6de3aa1]
	at net.minecraft.server.v1_14_R1.World.a(World.java:743) ~[spigot.jar:git-Spigot-47463c2-6de3aa1]
	at net.minecraft.server.v1_14_R1.WorldServer.doTick(WorldServer.java:355) ~[spigot.jar:git-Spigot-47463c2-6de3aa1]
	at net.minecraft.server.v1_14_R1.MinecraftServer.b(MinecraftServer.java:1054) ~[spigot.jar:git-Spigot-47463c2-6de3aa1]
	at net.minecraft.server.v1_14_R1.DedicatedServer.b(DedicatedServer.java:396) ~[spigot.jar:git-Spigot-47463c2-6de3aa1]
	at net.minecraft.server.v1_14_R1.MinecraftServer.a(MinecraftServer.java:953) ~[spigot.jar:git-Spigot-47463c2-6de3aa1]
	at net.minecraft.server.v1_14_R1.MinecraftServer.run(MinecraftServer.java:798) [spigot.jar:git-Spigot-47463c2-6de3aa1]
	at java.lang.Thread.run(Unknown Source) [?:1.8.0_201]
[03:32:14] [Server thread/ERROR]: This crash report has been saved to: C:\Users\Max\Desktop\MinecraftServer\.\crash-reports\crash-2019-05-06_3.32.14-server.txt
[03:32:14] [Server thread/INFO]: Stopping server
[03:32:14] [Server thread/INFO]: Saving players
[03:32:14] [Server thread/ERROR]: Entity registry has been corrupted
[03:32:14] [Server thread/ERROR]: Exception stopping the server
java.lang.IllegalStateException: Removing entity while ticking!
	at net.minecraft.server.v1_14_R1.WorldServer.removeEntity(WorldServer.java:1104) ~[spigot.jar:git-Spigot-47463c2-6de3aa1]
	at net.minecraft.server.v1_14_R1.WorldServer.removePlayer(WorldServer.java:1124) ~[spigot.jar:git-Spigot-47463c2-6de3aa1]
	at net.minecraft.server.v1_14_R1.PlayerList.disconnect(PlayerList.java:409) ~[spigot.jar:git-Spigot-47463c2-6de3aa1]
	at net.minecraft.server.v1_14_R1.PlayerConnection.a(PlayerConnection.java:1380) ~[spigot.jar:git-Spigot-47463c2-6de3aa1]
	at net.minecraft.server.v1_14_R1.PlayerConnection.disconnect(PlayerConnection.java:266) ~[spigot.jar:git-Spigot-47463c2-6de3aa1]
	at net.minecraft.server.v1_14_R1.PlayerList.shutdown(PlayerList.java:1006) ~[spigot.jar:git-Spigot-47463c2-6de3aa1]
	at net.minecraft.server.v1_14_R1.MinecraftServer.stop(MinecraftServer.java:683) ~[spigot.jar:git-Spigot-47463c2-6de3aa1]
	at net.minecraft.server.v1_14_R1.DedicatedServer.stop(DedicatedServer.java:695) ~[spigot.jar:git-Spigot-47463c2-6de3aa1]
	at net.minecraft.server.v1_14_R1.MinecraftServer.run(MinecraftServer.java:839) [spigot.jar:git-Spigot-47463c2-6de3aa1]
	at java.lang.Thread.run(Unknown Source) [?:1.8.0_201]
[03:32:17] [Server thread/ERROR]: Unrecognized exception!  Please submit this log to Spigot Support.
[03:32:18] [Server thread/ERROR]: Exception stopping the server