[11:14:42] [User Authenticator #61/INFO]: UUID of player tlins is cca4ccb0-1441-40e3-b874-7d0c023f7f91
[11:14:43] [Server thread/INFO]: tlins[/50.81.72.157:4016] logged in with entity id 1124465 at ([world]-245.67147214767772, 64.0, 88.01842144458936)
[11:15:35] [Server thread/INFO]: tlins issued server command: /effect give tlins minecraft:hero_of_the_village 1200 64 true
[11:15:35] [Server thread/INFO]: [tlins: Applied effect Hero of the Village to tlins]
[11:17:25] [User Authenticator #62/INFO]: UUID of player LoeJins7777777 is a2866b7e-2c5e-495f-b42e-517b6a066d8e
[11:17:25] [Server thread/INFO]: LoeJins7777777[/50.81.72.157:52539] logged in with entity id 1128968 at ([world]-1.4163639468189775, 63.0, 199.1813719612054)
[11:27:34] [Server thread/INFO]: tlins issued server command: /scoreboard players set LoeJins7777777 chungusKilled 0
[11:27:34] [Server thread/INFO]: [tlins: Set [chungusKilled] for LoeJins7777777 to 0]
[11:27:58] [Server thread/INFO]: tlins issued server command: /scoreboard players remove loejins7777777
[11:28:06] [Server thread/INFO]: tlins issued server command: /scoreboard players remove loejins7777777 chungusKilled
[11:28:20] [Server thread/INFO]: tlins issued server command: /scoreboard players reset loejins777777
[11:28:20] [Server thread/INFO]: [tlins: Reset all scores for loejins777777]
[11:36:54] [Server thread/INFO]: tlins issued server command: /give @p minecraft:diamond_sword{Unbreakable:1,AttributeModifiers:[{AttributeName:"generic.attackSpeed",Name:"generic.attackSpeed",Amount:10,Operation:2,UUIDMost:94911,UUIDLeast:164402}],Enchantments:[{id:"minecraft:looting",lvl:127}]} 1
[11:36:54] [Server thread/INFO]: [tlins: Gave 1 [Diamond Sword] to tlins]
[11:44:42] [Server thread/INFO]: tlins issued server command: /gamerule keepInventory \
[11:44:44] [Server thread/INFO]: tlins issued server command: /gamerule keepInventory
[11:45:13] [Server thread/INFO]: tlins issued server command: /enchant tlins minecraft:mending 1
[11:45:13] [Server thread/INFO]: [tlins: Applied enchantment Mending to tlins's item]
[11:45:33] [Server thread/INFO]: LoeJins7777777 has reached the goal [Sky's the Limit]
[11:50:57] [Server thread/INFO]: tlins experienced kinetic energy
[11:52:54] [Server thread/INFO]: tlins issued server command: /time get
[11:52:56] [Server thread/INFO]: tlins issued server command: /time query
[11:53:03] [Server thread/INFO]: tlins issued server command: /time query daytime
[11:59:00] [Server thread/INFO]: tlins lost connection: Disconnected
[11:59:00] [Server thread/INFO]: tlins left the game
[12:04:43] [Server thread/INFO]: LoeJins7777777 lost connection: Disconnected
[12:04:43] [Server thread/INFO]: LoeJins7777777 left the game
